
[16:01:15.261] {"Running version":"3.4.16"}

[16:01:15.958] Connecting to FSCTrialOrg using SFDX CLI...
[16:01:41.383] Successfully connected to FSCTrialOrg.
[16:01:41.488] {"SOURCE":"FSCTrialOrg.","TARGET":"csvfile.","Package script":"/Users/jrattanpal/workspace/fsc-demo-pack/data/sfdmu/export.json."}

[16:01:41.493] GETTING AND ANALYSING OBJECTS METADATA...
[16:01:41.497] Processing the sObject Contact...
[16:01:41.500] Getting metadata for Contact (SOURCE)
[16:01:42.310] Processing the sObject Account...
[16:01:42.314] Getting metadata for Account (SOURCE)
[16:01:43.36] Processing the sObject Lead...
[16:01:43.38] Getting metadata for Lead (SOURCE)
[16:01:43.375] Processing the sObject AccountContactRelation...
[16:01:43.378] Getting metadata for AccountContactRelation (SOURCE)
[16:01:43.604] Processing the sObject FinServ__AccountAccountRelation__c...
[16:01:43.608] Getting metadata for FinServ__AccountAccountRelation__c (SOURCE)
[16:01:43.881] Processing the sObject FinServ__ReciprocalRole__c...
[16:01:43.882] Getting metadata for FinServ__ReciprocalRole__c (SOURCE)
[16:01:44.140] Processing the sObject FinServ__ContactContactRelation__c...
[16:01:44.142] Getting metadata for FinServ__ContactContactRelation__c (SOURCE)
[16:01:44.381] Processing the sObject Case...
[16:01:44.382] Getting metadata for Case (SOURCE)
[16:01:44.669] Processing the sObject FinServ__Securities__c...
[16:01:44.671] Getting metadata for FinServ__Securities__c (SOURCE)
[16:01:44.948] Processing the sObject FinServ__FinancialGoal__c...
[16:01:44.950] Getting metadata for FinServ__FinancialGoal__c (SOURCE)
[16:01:45.176] Processing the sObject FinServ__FinancialAccount__c...
[16:01:45.177] Getting metadata for FinServ__FinancialAccount__c (SOURCE)
[16:01:45.475] Processing the sObject FinServ__FinancialHolding__c...
[16:01:45.477] Getting metadata for FinServ__FinancialHolding__c (SOURCE)
[16:01:45.710] Processing the sObject FinServ__FinancialAccountRole__c...
[16:01:45.711] Getting metadata for FinServ__FinancialAccountRole__c (SOURCE)
[16:01:45.955] Processing the sObject FinServ__AssetsAndLiabilities__c...
[16:01:45.956] Getting metadata for FinServ__AssetsAndLiabilities__c (SOURCE)
[16:01:46.245] Processing the sObject FinServ__Revenue__c...
[16:01:46.247] Getting metadata for FinServ__Revenue__c (SOURCE)
[16:01:46.479] Processing the sObject FinServ__UsePersonAccount__c...
[16:01:46.480] Getting metadata for FinServ__UsePersonAccount__c (SOURCE)
[16:01:46.727] Processing the sObject FinServ__UsePersonAccount__c...
[16:01:46.733] Getting metadata for Organization (SOURCE)
[16:01:47.41] Processing the sObject FinServ__Revenue__c...
[16:01:47.43] Processing the sObject FinServ__AssetsAndLiabilities__c...
[16:01:47.46] Processing the sObject FinServ__FinancialAccountRole__c...
[16:01:47.49] Processing the sObject FinServ__FinancialHolding__c...
[16:01:47.51] Processing the sObject FinServ__FinancialAccount__c...
[16:01:47.82] Getting metadata for RecordType (SOURCE)
[16:01:47.355] Getting metadata for FinServ__ChargesAndFees__c (SOURCE)
[16:01:47.619] Getting metadata for Product2 (SOURCE)
[16:01:47.910] Processing the sObject FinServ__FinancialGoal__c...
[16:01:47.914] Processing the sObject FinServ__Securities__c...
[16:01:47.917] Processing the sObject Case...
[16:01:47.923] Getting metadata for BusinessMilestone (SOURCE)
[16:01:48.226] Processing the sObject FinServ__ContactContactRelation__c...
[16:01:48.229] Processing the sObject FinServ__ReciprocalRole__c...
[16:01:48.236] Processing the sObject FinServ__AccountAccountRelation__c...
[16:01:48.239] Processing the sObject AccountContactRelation...
[16:01:48.242] Processing the sObject Lead...
[16:01:48.247] Getting metadata for Opportunity (SOURCE)
[16:01:48.613] Getting metadata for Individual (SOURCE)
[16:01:48.866] Processing the sObject Account...
[16:01:48.895] Processing the sObject Contact...

[16:01:48.917] PREPARING DATA MIGRATION JOB...
[16:01:48.920] Building migration strategy...
[16:01:49.7] {"Order of objects to retrieve data":"RecordType; Account; Contact; Lead; AccountContactRelation; FinServ__ReciprocalRole__c; FinServ__AccountAccountRelation__c; FinServ__ContactContactRelation__c; FinServ__FinancialAccount__c; Case; FinServ__Securities__c; FinServ__FinancialGoal__c; FinServ__FinancialHolding__c; FinServ__FinancialAccountRole__c; FinServ__AssetsAndLiabilities__c; FinServ__Revenue__c; FinServ__UsePersonAccount__c; Individual; Opportunity; BusinessMilestone; Product2; FinServ__ChargesAndFees__c; Organization"}
[16:01:49.10] {"Order of objects to update data":"RecordType; Individual; Opportunity; BusinessMilestone; Product2; FinServ__ChargesAndFees__c; Organization; Account; Contact; Lead; AccountContactRelation; FinServ__ReciprocalRole__c; FinServ__AccountAccountRelation__c; FinServ__ContactContactRelation__c; FinServ__FinancialAccount__c; Case; FinServ__Securities__c; FinServ__FinancialGoal__c; FinServ__FinancialHolding__c; FinServ__FinancialAccountRole__c; FinServ__AssetsAndLiabilities__c; FinServ__Revenue__c; FinServ__UsePersonAccount__c"}
[16:01:49.12] Preparing has been finished.

[16:01:49.19] GETTING THE TOTAL AMOUNT OF RECORDS LIMITED BY THE OBJECT'S SOQL QUERY...
[16:01:49.231] {RecordType} Total amount of the SOURCE records: 23
[16:01:49.476] {Individual} Total amount of the SOURCE records: 0
[16:01:49.652] {Opportunity} Total amount of the SOURCE records: 6
[16:01:49.818] {BusinessMilestone} Total amount of the SOURCE records: 10
[16:01:49.989] {Product2} Total amount of the SOURCE records: 6
[16:01:50.157] {FinServ__ChargesAndFees__c} Total amount of the SOURCE records: 0
[16:01:50.322] {Organization} Total amount of the SOURCE records: 1
[16:01:50.616] {Account} Total amount of the SOURCE records: 10
[16:01:50.785] {Contact} Total amount of the SOURCE records: 7
[16:01:50.961] {Lead} Total amount of the SOURCE records: 9
[16:01:51.129] {AccountContactRelation} Total amount of the SOURCE records: 7
[16:01:51.384] {FinServ__ReciprocalRole__c} Total amount of the SOURCE records: 16
[16:01:51.530] {FinServ__AccountAccountRelation__c} Total amount of the SOURCE records: 0
[16:01:51.692] {FinServ__ContactContactRelation__c} Total amount of the SOURCE records: 2
[16:01:51.861] {FinServ__FinancialAccount__c} Total amount of the SOURCE records: 14
[16:01:52.83] {Case} Total amount of the SOURCE records: 4
[16:01:52.231] {FinServ__Securities__c} Total amount of the SOURCE records: 2
[16:01:52.416] {FinServ__FinancialGoal__c} Total amount of the SOURCE records: 4
[16:01:52.619] {FinServ__FinancialHolding__c} Total amount of the SOURCE records: 2
[16:01:52.782] {FinServ__FinancialAccountRole__c} Total amount of the SOURCE records: 18
[16:01:52.939] {FinServ__AssetsAndLiabilities__c} Total amount of the SOURCE records: 2
[16:01:53.123] {FinServ__Revenue__c} Total amount of the SOURCE records: 4
[16:01:53.336] {FinServ__UsePersonAccount__c} Total amount of the SOURCE records: 1

[16:01:53.339] DELETING OLD DATA FROM THE TARGET...
[16:01:53.341] {FinServ__UsePersonAccount__c} Nothing to delete.
[16:01:53.343] {FinServ__Revenue__c} Nothing to delete.
[16:01:53.346] {FinServ__AssetsAndLiabilities__c} Nothing to delete.
[16:01:53.348] {FinServ__FinancialAccountRole__c} Nothing to delete.
[16:01:53.351] {FinServ__FinancialHolding__c} Nothing to delete.
[16:01:53.353] {FinServ__FinancialGoal__c} Nothing to delete.
[16:01:53.355] {FinServ__Securities__c} Nothing to delete.
[16:01:53.357] {Case} Nothing to delete.
[16:01:53.359] {FinServ__FinancialAccount__c} Nothing to delete.
[16:01:53.363] {FinServ__ContactContactRelation__c} Nothing to delete.
[16:01:53.365] {FinServ__AccountAccountRelation__c} Nothing to delete.
[16:01:53.367] {FinServ__ReciprocalRole__c} Nothing to delete.
[16:01:53.369] {AccountContactRelation} Nothing to delete.
[16:01:53.371] {Lead} Nothing to delete.
[16:01:53.372] {Contact} Nothing to delete.
[16:01:53.374] {Account} Nothing to delete.
[16:01:53.376] {Organization} Nothing to delete.
[16:01:53.379] {FinServ__ChargesAndFees__c} Nothing to delete.
[16:01:53.382] {Product2} Nothing to delete.
[16:01:53.384] {BusinessMilestone} Nothing to delete.
[16:01:53.385] {Opportunity} Nothing to delete.
[16:01:53.387] {Individual} Nothing to delete.
[16:01:53.389] {RecordType} Nothing to delete.
[16:01:53.391] Deleting old data from the Target was skipped.
[16:01:53.393] Ready to process the data.

[16:01:53.398] RETRIEVING THE DATA STEP 1...
[16:01:53.401] {RecordType} Retrieving the SOURCE data from Org (STEP 1: all records)...
[16:01:53.403] {RecordType} Query string: SELECT Id, DeveloperName, SobjectType  FROM  RecordType WHERE (SobjectType IN ('Contact', 'Account', 'Lead', 'FinServ__FinancialAccount__c')) ORDER BY SobjectType ASC.
[16:01:53.685] {RecordType} Retrieving the SOURCE data has been completed. Fetched 23 new records.
[16:01:53.691] {Account} Retrieving the SOURCE data from Org (STEP 1: all records)...
[16:01:53.693] {Account} Query string: SELECT Id, RecordTypeId, Name, IsPersonAccount, IsDeleted, MasterRecordId, LastName, FirstName, Salutation, Type, ParentId, BillingStreet, BillingCity, BillingState, BillingPostalCode, BillingCountry, BillingLatitude, BillingLongitude, BillingGeocode... FROM  Account.
[16:01:54.195] {Account} Retrieving the SOURCE data has been completed. Fetched 10 new records.
[16:01:54.199] {Contact} Retrieving the SOURCE data from Org (STEP 1: all records)...
[16:01:54.200] {Contact} Query string: SELECT Id, RecordTypeId, Name, IsPersonAccount, AccountId, IsDeleted, MasterRecordId, LastName, FirstName, Salutation, OtherStreet, OtherCity, OtherState, OtherPostalCode, OtherCountry, OtherLatitude, OtherLongitude, OtherGeocodeAccuracy, OtherAddres... FROM  Contact.
[16:01:54.504] {Contact} Retrieving the SOURCE data has been completed. Fetched 7 new records.
[16:01:54.506] {Lead} Retrieving the SOURCE data from Org (STEP 1: all records)...
[16:01:54.508] {Lead} Query string: SELECT Id, RecordTypeId, Name, IsDeleted, MasterRecordId, LastName, FirstName, Salutation, Title, Company, Street, City, State, PostalCode, Country, Latitude, Longitude, GeocodeAccuracy, Address, Phone, MobilePhone, Fax, Email, Website, PhotoUrl, Des... FROM  Lead.
[16:01:54.887] {Lead} Retrieving the SOURCE data has been completed. Fetched 9 new records.
[16:01:54.889] {AccountContactRelation} Retrieving the SOURCE data from Org (STEP 1: all records)...
[16:01:54.890] {AccountContactRelation} Query string: SELECT Id, $$AccountId$ContactId, AccountId, ContactId, Roles, IsDirect, IsActive, StartDate, EndDate, IsDeleted, CreatedDate, LastModifiedDate, SystemModstamp, FinServ__Primary__c, FinServ__Rollups__c, FinServ__SourceSystemId__c, FinServ__IncludeInG... FROM  AccountContactRelation.
[16:01:55.108] {AccountContactRelation} Retrieving the SOURCE data has been completed. Fetched 7 new records.
[16:01:55.110] {FinServ__ReciprocalRole__c} Retrieving the SOURCE data from Org (STEP 1: all records)...
[16:01:55.111] {FinServ__ReciprocalRole__c} Query string: SELECT Id, Name, IsDeleted, CreatedDate, LastModifiedDate, SystemModstamp, LastViewedDate, LastReferencedDate, FinServ__CreateInverseRole__c, FinServ__InverseRelationship__c, FinServ__InverseRole__c, FinServ__RelationshipType__c, FinServ__SourceSyste... FROM  FinServ__ReciprocalRole__c.
[16:01:55.351] {FinServ__ReciprocalRole__c} Retrieving the SOURCE data has been completed. Fetched 16 new records.
[16:01:55.354] {FinServ__AccountAccountRelation__c} Retrieving the SOURCE data from Org (STEP 1: all records)...
[16:01:55.355] {FinServ__AccountAccountRelation__c} Query string: SELECT Id, Name, IsDeleted, CreatedDate, LastModifiedDate, SystemModstamp, FinServ__Account__c, FinServ__Active__c, FinServ__EndDate__c, FinServ__ExternalId__c, FinServ__InverseRelationship__c, FinServ__RelatedAccount__c, FinServ__Role__c, FinServ__S... FROM  FinServ__AccountAccountRelation__c.
[16:01:55.535] {FinServ__AccountAccountRelation__c} Retrieving the SOURCE data has been completed. Fetched 0 new records.
[16:01:55.538] {FinServ__ContactContactRelation__c} Retrieving the SOURCE data from Org (STEP 1: all records)...
[16:01:55.539] {FinServ__ContactContactRelation__c} Query string: SELECT Id, Name, IsDeleted, CreatedDate, LastModifiedDate, SystemModstamp, FinServ__Active__c, FinServ__Contact__c, FinServ__EndDate__c, FinServ__ExternalId__c, FinServ__InverseRelationship__c, FinServ__RelatedContact__c, FinServ__Role__c, FinServ__S... FROM  FinServ__ContactContactRelation__c.
[16:01:55.759] {FinServ__ContactContactRelation__c} Retrieving the SOURCE data has been completed. Fetched 2 new records.
[16:01:55.761] {FinServ__FinancialAccount__c} Retrieving the SOURCE data from Org (STEP 1: all records)...
[16:01:55.763] {FinServ__FinancialAccount__c} Query string: SELECT Id, RecordTypeId, Name, IsDeleted, CreatedDate, LastModifiedDate, SystemModstamp, LastActivityDate, LastViewedDate, LastReferencedDate, FinServ__Address1__c, FinServ__Address2__c, FinServ__ApplicationDate__c, FinServ__AssetRebalance__c, FinSer... FROM  FinServ__FinancialAccount__c.
[16:01:56.203] {FinServ__FinancialAccount__c} Retrieving the SOURCE data has been completed. Fetched 14 new records.
[16:01:56.206] {Case} Retrieving the SOURCE data from Org (STEP 1: all records)...
[16:01:56.209] {Case} Query string: SELECT Id, Subject, IsDeleted, MasterRecordId, CaseNumber, ContactId, AccountId, SourceId, ParentId, SuppliedName, SuppliedEmail, SuppliedPhone, SuppliedCompany, Type, Status, Reason, Origin, Priority, Description, IsClosed, ClosedDate, IsEscalated, ... FROM  Case.
[16:01:56.493] {Case} Retrieving the SOURCE data has been completed. Fetched 4 new records.
[16:01:56.495] {FinServ__Securities__c} Retrieving the SOURCE data from Org (STEP 1: all records)...
[16:01:56.497] {FinServ__Securities__c} Query string: SELECT Id, Name, IsDeleted, CreatedDate, LastModifiedDate, SystemModstamp, LastViewedDate, LastReferencedDate, FinServ__CUSIP__c, FinServ__Exchange__c, FinServ__LastUpdated__c, FinServ__Price__c, FinServ__SecuritiesName__c, FinServ__SecurityId__c, Fi... FROM  FinServ__Securities__c.
[16:01:56.700] {FinServ__Securities__c} Retrieving the SOURCE data has been completed. Fetched 2 new records.
[16:01:56.702] {FinServ__FinancialGoal__c} Retrieving the SOURCE data from Org (STEP 1: all records)...
[16:01:56.706] {FinServ__FinancialGoal__c} Query string: SELECT Id, Name, IsDeleted, CreatedDate, LastModifiedDate, SystemModstamp, LastActivityDate, LastViewedDate, LastReferencedDate, FinServ__ActualValue__c, FinServ__CompletionDate__c, FinServ__Description__c, FinServ__Household__c, FinServ__InitialValu... FROM  FinServ__FinancialGoal__c.
[16:01:56.894] {FinServ__FinancialGoal__c} Retrieving the SOURCE data has been completed. Fetched 4 new records.
[16:01:56.895] {FinServ__FinancialHolding__c} Retrieving the SOURCE data from Org (STEP 1: all records)...
[16:01:56.898] {FinServ__FinancialHolding__c} Query string: SELECT Id, Name, IsDeleted, CreatedDate, LastModifiedDate, SystemModstamp, LastActivityDate, LastViewedDate, LastReferencedDate, FinServ__FinancialAccount__c, FinServ__AssetCategoryName__c, FinServ__AssetCategory__c, FinServ__AssetClass__c, FinServ__... FROM  FinServ__FinancialHolding__c.
[16:01:57.96] {FinServ__FinancialHolding__c} Retrieving the SOURCE data has been completed. Fetched 2 new records.
[16:01:57.98] {FinServ__FinancialAccountRole__c} Retrieving the SOURCE data from Org (STEP 1: all records)...
[16:01:57.99] {FinServ__FinancialAccountRole__c} Query string: SELECT Id, Name, IsDeleted, CreatedDate, LastModifiedDate, SystemModstamp, FinServ__FinancialAccount__c, FinServ__Active__c, FinServ__Editable__c, FinServ__EndDate__c, FinServ__RelatedAccount__c, FinServ__RelatedContact__c, FinServ__Role__c, FinServ_... FROM  FinServ__FinancialAccountRole__c.
[16:01:57.360] {FinServ__FinancialAccountRole__c} Retrieving the SOURCE data has been completed. Fetched 18 new records.
[16:01:57.362] {FinServ__AssetsAndLiabilities__c} Retrieving the SOURCE data from Org (STEP 1: all records)...
[16:01:57.364] {FinServ__AssetsAndLiabilities__c} Query string: SELECT Id, Name, IsDeleted, CreatedDate, LastModifiedDate, SystemModstamp, LastActivityDate, LastViewedDate, LastReferencedDate, FinServ__Amount__c, FinServ__AssetsAndLiabilitiesSource__c, FinServ__AssetsAndLiabilitiesType__c, FinServ__Description__c... FROM  FinServ__AssetsAndLiabilities__c.
[16:01:57.550] {FinServ__AssetsAndLiabilities__c} Retrieving the SOURCE data has been completed. Fetched 2 new records.
[16:01:57.551] {FinServ__Revenue__c} Retrieving the SOURCE data from Org (STEP 1: all records)...
[16:01:57.553] {FinServ__Revenue__c} Query string: SELECT Id, Name, IsDeleted, CreatedDate, LastModifiedDate, SystemModstamp, LastViewedDate, LastReferencedDate, FinServ__Account__c, FinServ__Amount__c, FinServ__Date__c, FinServ__FinancialAccount__c, FinServ__SourceSystemId__c, FinServ__SubType__c, F... FROM  FinServ__Revenue__c.
[16:01:57.763] {FinServ__Revenue__c} Retrieving the SOURCE data has been completed. Fetched 4 new records.
[16:01:57.765] {FinServ__UsePersonAccount__c} Retrieving the SOURCE data from Org (STEP 1: all records)...
[16:01:57.766] {FinServ__UsePersonAccount__c} Query string: SELECT Id, Name, IsDeleted, SetupOwnerId, CreatedDate, LastModifiedDate, SystemModstamp, FinServ__Enable__c, SetupOwner.Name  FROM  FinServ__UsePersonAccount__c.
[16:01:57.950] {FinServ__UsePersonAccount__c} Retrieving the SOURCE data has been completed. Fetched 1 new records.
[16:01:57.953] Retrieving the data STEP 1 has been completed.

[16:01:57.956] RETRIEVING THE DATA STEP 2...
[16:01:57.959] PASS 1
[16:01:57.962] =============
[16:01:57.963] No records

[16:01:57.967] PASS 2
[16:01:57.970] =============
[16:01:57.971] No records

[16:01:57.976] PASS 3
[16:01:57.978] =============
[16:01:57.982] {Opportunity} Retrieving the SOURCE data from Org (STEP 1: filtered records)...
[16:01:57.983] {Opportunity} Query string: SELECT Id, Name  FROM  Opportunity WHERE Id IN ('0063h000007uQOHAA2', '0063h000007uQOGAA2').
[16:01:58.139] {Opportunity} Retrieving the SOURCE data has been completed. Fetched 2 new records.
[16:01:58.142] {Organization} Retrieving the SOURCE data from Org (STEP 1: filtered records)...
[16:01:58.144] {Organization} Query string: SELECT Id, Name  FROM  Organization WHERE Id IN ('00D3h00000576pHEAQ').
[16:01:58.302] {Organization} Retrieving the SOURCE data has been completed. Fetched 1 new records.

[16:01:58.306] PASS 4
[16:01:58.310] =============
[16:01:58.313] No records

[16:01:58.318] TARGET
[16:01:58.320] =============
[16:01:58.322] No records
[16:01:58.324] Retrieving the data STEP 2 has been completed.

[16:01:58.330] DATA RETRIEVING SUMMARY
[16:01:58.331] {RecordType} Total retrieved within all steps (source/target): 23/0 records.
[16:01:58.333] {Account} Total retrieved within all steps (source/target): 10/0 records.
[16:01:58.335] {Contact} Total retrieved within all steps (source/target): 7/0 records.
[16:01:58.336] {Lead} Total retrieved within all steps (source/target): 9/0 records.
[16:01:58.339] {AccountContactRelation} Total retrieved within all steps (source/target): 7/0 records.
[16:01:58.341] {FinServ__ReciprocalRole__c} Total retrieved within all steps (source/target): 16/0 records.
[16:01:58.345] {FinServ__AccountAccountRelation__c} Total retrieved within all steps (source/target): 0/0 records.
[16:01:58.348] {FinServ__ContactContactRelation__c} Total retrieved within all steps (source/target): 2/0 records.
[16:01:58.350] {FinServ__FinancialAccount__c} Total retrieved within all steps (source/target): 14/0 records.
[16:01:58.351] {Case} Total retrieved within all steps (source/target): 4/0 records.
[16:01:58.354] {FinServ__Securities__c} Total retrieved within all steps (source/target): 2/0 records.
[16:01:58.356] {FinServ__FinancialGoal__c} Total retrieved within all steps (source/target): 4/0 records.
[16:01:58.359] {FinServ__FinancialHolding__c} Total retrieved within all steps (source/target): 2/0 records.
[16:01:58.363] {FinServ__FinancialAccountRole__c} Total retrieved within all steps (source/target): 18/0 records.
[16:01:58.365] {FinServ__AssetsAndLiabilities__c} Total retrieved within all steps (source/target): 2/0 records.
[16:01:58.367] {FinServ__Revenue__c} Total retrieved within all steps (source/target): 4/0 records.
[16:01:58.368] {FinServ__UsePersonAccount__c} Total retrieved within all steps (source/target): 1/0 records.
[16:01:58.372] {Individual} Total retrieved within all steps (source/target): 0/0 records.
[16:01:58.375] {Opportunity} Total retrieved within all steps (source/target): 2/0 records.
[16:01:58.379] {BusinessMilestone} Total retrieved within all steps (source/target): 0/0 records.
[16:01:58.381] {Product2} Total retrieved within all steps (source/target): 0/0 records.
[16:01:58.383] {FinServ__ChargesAndFees__c} Total retrieved within all steps (source/target): 0/0 records.
[16:01:58.384] {Organization} Total retrieved within all steps (source/target): 1/0 records.

[16:01:58.389] UPDATING THE TARGET STEP 1...
[16:01:58.392] {RecordType} Writing to the file /Users/jrattanpal/workspace/fsc-demo-pack/data/sfdmu/RecordType.csv.
[16:01:58.456] {RecordType} Updating the Target has been completed. Processed 23 records.
[16:01:58.459] {Individual} Writing to the file /Users/jrattanpal/workspace/fsc-demo-pack/data/sfdmu/Individual.csv.
[16:01:58.464] {Opportunity} Writing to the file /Users/jrattanpal/workspace/fsc-demo-pack/data/sfdmu/Opportunity.csv.
[16:01:58.469] {Opportunity} Updating the Target has been completed. Processed 2 records.
[16:01:58.471] {BusinessMilestone} Writing to the file /Users/jrattanpal/workspace/fsc-demo-pack/data/sfdmu/BusinessMilestone.csv.
[16:01:58.477] {Product2} Writing to the file /Users/jrattanpal/workspace/fsc-demo-pack/data/sfdmu/Product2.csv.
[16:01:58.479] {FinServ__ChargesAndFees__c} Writing to the file /Users/jrattanpal/workspace/fsc-demo-pack/data/sfdmu/FinServ__ChargesAndFees__c.csv.
[16:01:58.482] {Organization} Writing to the file /Users/jrattanpal/workspace/fsc-demo-pack/data/sfdmu/Organization.csv.
[16:01:58.485] {Organization} Updating the Target has been completed. Processed 1 records.
[16:01:58.487] {Account} Writing to the file /Users/jrattanpal/workspace/fsc-demo-pack/data/sfdmu/Account.csv.
[16:01:58.497] {Account} Updating the Target has been completed. Processed 10 records.
[16:01:58.500] {Contact} Writing to the file /Users/jrattanpal/workspace/fsc-demo-pack/data/sfdmu/Contact.csv.
[16:01:58.512] {Contact} Updating the Target has been completed. Processed 7 records.
[16:01:58.522] {Lead} Writing to the file /Users/jrattanpal/workspace/fsc-demo-pack/data/sfdmu/Lead.csv.
[16:01:58.529] {Lead} Updating the Target has been completed. Processed 9 records.
[16:01:58.532] {AccountContactRelation} Writing to the file /Users/jrattanpal/workspace/fsc-demo-pack/data/sfdmu/AccountContactRelation.csv.
[16:01:58.540] {AccountContactRelation} Updating the Target has been completed. Processed 7 records.
[16:01:58.548] {FinServ__ReciprocalRole__c} Writing to the file /Users/jrattanpal/workspace/fsc-demo-pack/data/sfdmu/FinServ__ReciprocalRole__c.csv.
[16:01:58.556] {FinServ__ReciprocalRole__c} Updating the Target has been completed. Processed 16 records.
[16:01:58.559] {FinServ__AccountAccountRelation__c} Writing to the file /Users/jrattanpal/workspace/fsc-demo-pack/data/sfdmu/FinServ__AccountAccountRelation__c.csv.
[16:01:58.562] {FinServ__ContactContactRelation__c} Writing to the file /Users/jrattanpal/workspace/fsc-demo-pack/data/sfdmu/FinServ__ContactContactRelation__c.csv.
[16:01:58.565] {FinServ__ContactContactRelation__c} Updating the Target has been completed. Processed 2 records.
[16:01:58.568] {FinServ__FinancialAccount__c} Writing to the file /Users/jrattanpal/workspace/fsc-demo-pack/data/sfdmu/FinServ__FinancialAccount__c.csv.
[16:01:58.581] {FinServ__FinancialAccount__c} Updating the Target has been completed. Processed 14 records.
[16:01:58.583] {Case} Writing to the file /Users/jrattanpal/workspace/fsc-demo-pack/data/sfdmu/Case.csv.
[16:01:58.586] {Case} Updating the Target has been completed. Processed 4 records.
[16:01:58.587] {FinServ__Securities__c} Writing to the file /Users/jrattanpal/workspace/fsc-demo-pack/data/sfdmu/FinServ__Securities__c.csv.
[16:01:58.648] {FinServ__Securities__c} Updating the Target has been completed. Processed 2 records.
[16:01:58.665] {FinServ__FinancialGoal__c} Writing to the file /Users/jrattanpal/workspace/fsc-demo-pack/data/sfdmu/FinServ__FinancialGoal__c.csv.
[16:01:58.683] {FinServ__FinancialGoal__c} Updating the Target has been completed. Processed 4 records.
[16:01:58.686] {FinServ__FinancialHolding__c} Writing to the file /Users/jrattanpal/workspace/fsc-demo-pack/data/sfdmu/FinServ__FinancialHolding__c.csv.
[16:01:58.689] {FinServ__FinancialHolding__c} Updating the Target has been completed. Processed 2 records.
[16:01:58.692] {FinServ__FinancialAccountRole__c} Writing to the file /Users/jrattanpal/workspace/fsc-demo-pack/data/sfdmu/FinServ__FinancialAccountRole__c.csv.
[16:01:58.701] {FinServ__FinancialAccountRole__c} Updating the Target has been completed. Processed 18 records.
[16:01:58.703] {FinServ__AssetsAndLiabilities__c} Writing to the file /Users/jrattanpal/workspace/fsc-demo-pack/data/sfdmu/FinServ__AssetsAndLiabilities__c.csv.
[16:01:58.706] {FinServ__AssetsAndLiabilities__c} Updating the Target has been completed. Processed 2 records.
[16:01:58.707] {FinServ__Revenue__c} Writing to the file /Users/jrattanpal/workspace/fsc-demo-pack/data/sfdmu/FinServ__Revenue__c.csv.
[16:01:58.713] {FinServ__Revenue__c} Updating the Target has been completed. Processed 4 records.
[16:01:58.715] {FinServ__UsePersonAccount__c} Writing to the file /Users/jrattanpal/workspace/fsc-demo-pack/data/sfdmu/FinServ__UsePersonAccount__c.csv.
[16:01:58.734] {FinServ__UsePersonAccount__c} Updating the Target has been completed. Processed 1 records.
[16:01:58.735] Updating the Target (STEP 1) has been completed. Total processed 128 records.

[16:01:58.742] UPDATING THE TARGET STEP 2...
[16:01:58.745] Nothing was updated

[16:01:58.748] DATA PROCESSING SUMMARY
[16:01:58.751] {RecordType} Total processed within all steps (Insert + Update): 23 records
[16:01:58.753] {Account} Total processed within all steps (Insert + Update): 10 records
[16:01:58.755] {Contact} Total processed within all steps (Insert + Update): 7 records
[16:01:58.757] {Lead} Total processed within all steps (Insert + Update): 9 records
[16:01:58.761] {AccountContactRelation} Total processed within all steps (Insert + Update): 7 records
[16:01:58.765] {FinServ__ReciprocalRole__c} Total processed within all steps (Insert + Update): 16 records
[16:01:58.767] {FinServ__AccountAccountRelation__c} Total processed within all steps (Insert + Update): 0 records
[16:01:58.770] {FinServ__ContactContactRelation__c} Total processed within all steps (Insert + Update): 2 records
[16:01:58.776] {FinServ__FinancialAccount__c} Total processed within all steps (Insert + Update): 14 records
[16:01:58.780] {Case} Total processed within all steps (Insert + Update): 4 records
[16:01:58.783] {FinServ__Securities__c} Total processed within all steps (Insert + Update): 2 records
[16:01:58.786] {FinServ__FinancialGoal__c} Total processed within all steps (Insert + Update): 4 records
[16:01:58.788] {FinServ__FinancialHolding__c} Total processed within all steps (Insert + Update): 2 records
[16:01:58.789] {FinServ__FinancialAccountRole__c} Total processed within all steps (Insert + Update): 18 records
[16:01:58.791] {FinServ__AssetsAndLiabilities__c} Total processed within all steps (Insert + Update): 2 records
[16:01:58.794] {FinServ__Revenue__c} Total processed within all steps (Insert + Update): 4 records
[16:01:58.795] {FinServ__UsePersonAccount__c} Total processed within all steps (Insert + Update): 1 records
[16:01:58.799] {Individual} Total processed within all steps (Insert + Update): 0 records
[16:01:58.802] {Opportunity} Total processed within all steps (Insert + Update): 2 records
[16:01:58.804] {BusinessMilestone} Total processed within all steps (Insert + Update): 0 records
[16:01:58.805] {Product2} Total processed within all steps (Insert + Update): 0 records
[16:01:58.806] {FinServ__ChargesAndFees__c} Total processed within all steps (Insert + Update): 0 records
[16:01:58.808] {Organization} Total processed within all steps (Insert + Update): 1 records

[16:01:58.811] Writing to /Users/jrattanpal/workspace/fsc-demo-pack/data/sfdmu/MissingParentRecordsReport.csv...

[16:01:58.819] Command succeeded.
[16:01:58.822] Execution of the command sfdmu:run has been finished. Exit code 0 (SUCCESS).
[16:01:58.824] Total time elapsed: 00h 00m 43s 577ms .