
[12:12:26.878] {"Running version":"3.4.11"}

[12:12:27.599] Connecting to FSCADK2 using SFDX CLI...
[12:12:41.172] Successfully connected to FSCADK2.
[12:12:41.182] {"SOURCE":"csvfile.","TARGET":"FSCADK2.","Package script":"/Users/jrattanpal/workspace/fsc-demo-pack/data/sfdmu/export.json."}

[12:12:41.187] GETTING AND ANALYSING OBJECTS METADATA...
[12:12:41.189] Processing the sObject OperatingHours...
[12:12:41.193] Getting metadata for OperatingHours (TARGET)
[12:12:41.477] Processing the sObject Contact...
[12:12:41.479] Getting metadata for Contact (TARGET)
[12:12:41.929] Processing the sObject Account...
[12:12:41.930] Getting metadata for Account (TARGET)
[12:12:42.514] Processing the sObject Lead...
[12:12:42.515] Getting metadata for Lead (TARGET)
[12:12:42.785] Processing the sObject AccountContactRelation...
[12:12:42.787] Getting metadata for AccountContactRelation (TARGET)
[12:12:43.10] Processing the sObject FinServ__AccountAccountRelation__c...
[12:12:43.12] Getting metadata for FinServ__AccountAccountRelation__c (TARGET)
[12:12:43.215] Processing the sObject FinServ__ReciprocalRole__c...
[12:12:43.217] Getting metadata for FinServ__ReciprocalRole__c (TARGET)
[12:12:43.789] Processing the sObject FinServ__ContactContactRelation__c...
[12:12:43.791] Getting metadata for FinServ__ContactContactRelation__c (TARGET)
[12:12:44.18] Processing the sObject Location...
[12:12:44.21] Getting metadata for Location (TARGET)
[12:12:44.885] Processing the sObject BusinessMilestone...
[12:12:44.887] Getting metadata for BusinessMilestone (TARGET)
[12:12:45.418] Processing the sObject Case...
[12:12:45.421] Getting metadata for Case (TARGET)
[12:12:45.826] Processing the sObject FinServ__ChargesAndFees__c...
[12:12:45.827] Getting metadata for FinServ__ChargesAndFees__c (TARGET)
[12:12:46.55] Processing the sObject FinServ__Securities__c...
[12:12:46.57] Getting metadata for FinServ__Securities__c (TARGET)
[12:12:46.446] Processing the sObject FinServ__FinancialGoal__c...
[12:12:46.447] Getting metadata for FinServ__FinancialGoal__c (TARGET)
[12:12:46.919] Processing the sObject FinServ__IdentificationDocument__c...
[12:12:46.922] Getting metadata for FinServ__IdentificationDocument__c (TARGET)
[12:12:47.401] Processing the sObject FinServ__FinancialAccount__c...
[12:12:47.402] Getting metadata for FinServ__FinancialAccount__c (TARGET)
[12:12:47.922] Processing the sObject FinServ__Education__c...
[12:12:47.923] Getting metadata for FinServ__Education__c (TARGET)
[12:12:48.183] Processing the sObject FinServ__FinancialHolding__c...
[12:12:48.186] Getting metadata for FinServ__FinancialHolding__c (TARGET)
[12:12:48.627] Processing the sObject FinServ__FinancialAccountRole__c...
[12:12:48.628] Getting metadata for FinServ__FinancialAccountRole__c (TARGET)
[12:12:49.157] Processing the sObject FinServ__BillingStatement__c...
[12:12:49.159] Getting metadata for FinServ__BillingStatement__c (TARGET)
[12:12:49.669] Processing the sObject FinServ__Employment__c...
[12:12:49.671] Getting metadata for FinServ__Employment__c (TARGET)
[12:12:50.14] Processing the sObject FinServ__AssetsAndLiabilities__c...
[12:12:50.15] Getting metadata for FinServ__AssetsAndLiabilities__c (TARGET)
[12:12:50.253] Processing the sObject FinServ__Card__c...
[12:12:50.255] Getting metadata for FinServ__Card__c (TARGET)
[12:12:50.714] Processing the sObject FinServ__Alert__c...
[12:12:50.716] Getting metadata for FinServ__Alert__c (TARGET)
[12:12:51.703] Processing the sObject FinServ__LifeEvent__c...
[12:12:51.706] Getting metadata for FinServ__LifeEvent__c (TARGET)
[12:12:52.141] Processing the sObject FinServ__Revenue__c...
[12:12:52.143] Getting metadata for FinServ__Revenue__c (TARGET)
[12:12:52.339] Processing the sObject FinServ__FinancialAccountTransaction__c...
[12:12:52.341] Getting metadata for FinServ__FinancialAccountTransaction__c (TARGET)
[12:12:52.618] Processing the sObject FinServ__PolicyPaymentMethod__c...
[12:12:52.621] Getting metadata for FinServ__PolicyPaymentMethod__c (TARGET)
[12:12:52.867] Processing the sObject FinServ__UsePersonAccount__c...
[12:12:52.870] Getting metadata for FinServ__UsePersonAccount__c (TARGET)
[12:12:53.279] Processing the sObject FinServ__UsePersonAccount__c...
[12:12:53.283] Getting metadata for Organization (TARGET)
[12:12:53.646] Processing the sObject FinServ__PolicyPaymentMethod__c...
[12:12:53.650] Getting metadata for InsurancePolicy (TARGET)
[12:12:53.941] Processing the sObject FinServ__FinancialAccountTransaction__c...
[12:12:53.945] Getting metadata for Claim (TARGET)
[12:12:54.426] Processing the sObject FinServ__Revenue__c...
[12:12:54.430] Processing the sObject FinServ__LifeEvent__c...
[12:12:54.434] Processing the sObject FinServ__Alert__c...
[12:12:54.437] Processing the sObject FinServ__Card__c...
[12:12:54.440] Processing the sObject FinServ__AssetsAndLiabilities__c...
[12:12:54.443] Processing the sObject FinServ__Employment__c...
[12:12:54.445] Processing the sObject FinServ__BillingStatement__c...
[12:12:54.447] Processing the sObject FinServ__FinancialAccountRole__c...
[12:12:54.449] Processing the sObject FinServ__FinancialHolding__c...
[12:12:54.451] Processing the sObject FinServ__Education__c...
[12:12:54.453] Processing the sObject FinServ__FinancialAccount__c...
[12:12:54.460] Getting metadata for Product2 (TARGET)
[12:12:54.752] Processing the sObject FinServ__IdentificationDocument__c...
[12:12:54.755] Processing the sObject FinServ__FinancialGoal__c...
[12:12:54.758] Processing the sObject FinServ__Securities__c...
[12:12:54.760] Processing the sObject FinServ__ChargesAndFees__c...
[12:12:54.762] Processing the sObject Case...
[12:12:54.765] Getting metadata for Asset (TARGET)
[12:12:55.21] Processing the sObject BusinessMilestone...
[12:12:55.24] Processing the sObject Location...
[12:12:55.29] Getting metadata for Address (TARGET)
[12:12:55.468] Processing the sObject FinServ__ContactContactRelation__c...
[12:12:55.469] Processing the sObject FinServ__ReciprocalRole__c...
[12:12:55.471] Processing the sObject FinServ__AccountAccountRelation__c...
[12:12:55.473] Processing the sObject AccountContactRelation...
[12:12:55.475] Processing the sObject Lead...
[12:12:55.478] Getting metadata for Individual (TARGET)
[12:12:55.750] Processing the sObject Account...
[12:12:55.777] Processing the sObject Contact...
[12:12:55.786] Processing the sObject OperatingHours...

[12:12:55.795] PREPARING DATA MIGRATION JOB...
[12:12:55.796] Building migration strategy...
[12:12:56.744] {"Order of objects to retrieve data":"OperatingHours; Contact; Account; Lead; AccountContactRelation; FinServ__ReciprocalRole__c; FinServ__AccountAccountRelation__c; FinServ__ContactContactRelation__c; Location; BusinessMilestone; FinServ__ChargesAndFees__c; FinServ__FinancialAccount__c; Case; FinServ__Securities__c; FinServ__FinancialGoal__c; FinServ__IdentificationDocument__c; FinServ__Education__c; FinServ__FinancialHolding__c; FinServ__FinancialAccountRole__c; FinServ__BillingStatement__c; FinServ__Employment__c; FinServ__AssetsAndLiabilities__c; FinServ__Card__c; FinServ__Alert__c; FinServ__LifeEvent__c; FinServ__Revenue__c; FinServ__FinancialAccountTransaction__c; FinServ__PolicyPaymentMethod__c; FinServ__UsePersonAccount__c; Individual; Address; Asset; Product2; Claim; InsurancePolicy; Organization"}
[12:12:56.745] {"Order of objects to update data":"Individual; Address; Asset; Product2; Claim; InsurancePolicy; Organization; OperatingHours; Contact; Account; Lead; AccountContactRelation; FinServ__ReciprocalRole__c; FinServ__AccountAccountRelation__c; FinServ__ContactContactRelation__c; Location; BusinessMilestone; FinServ__ChargesAndFees__c; FinServ__FinancialAccount__c; Case; FinServ__Securities__c; FinServ__FinancialGoal__c; FinServ__IdentificationDocument__c; FinServ__Education__c; FinServ__FinancialHolding__c; FinServ__FinancialAccountRole__c; FinServ__BillingStatement__c; FinServ__Employment__c; FinServ__AssetsAndLiabilities__c; FinServ__Card__c; FinServ__Alert__c; FinServ__LifeEvent__c; FinServ__Revenue__c; FinServ__FinancialAccountTransaction__c; FinServ__PolicyPaymentMethod__c; FinServ__UsePersonAccount__c"}
[12:12:56.749] Validating and repairing of the source CSV files...
[12:12:56.757][WARN] During the validation of the source CSV files 36 issues were found. See CSVIssuesReport.csv file for the details.

[12:12:56.770] Amount of updated source CSV files: 0
[12:12:56.771] Writing to /Users/jrattanpal/workspace/fsc-demo-pack/data/sfdmu/CSVIssuesReport.csv...
[12:12:56.777][WARN] During the validation of the source CSV files 36 issues were found. See CSVIssuesReport.csv file for the details.
[12:12:56.779] Validating and repairing of the source CSV files have finished.
[12:12:56.781] Preparing has been finished.

[12:12:56.785] GETTING THE TOTAL AMOUNT OF RECORDS LIMITED BY THE OBJECT'S SOQL QUERY...
[12:12:56.946] {Individual} Total amount of the TARGET records: 0
[12:12:57.351] {Address} Total amount of the TARGET records: 0
[12:12:57.527] {Asset} Total amount of the TARGET records: 0
[12:12:57.770] {Product2} Total amount of the TARGET records: 0
[12:12:57.945] {Claim} Total amount of the TARGET records: 0
[12:12:58.112] {InsurancePolicy} Total amount of the TARGET records: 0
[12:12:58.479] {Organization} Total amount of the TARGET records: 1
[12:12:58.656] {OperatingHours} Total amount of the TARGET records: 3
[12:12:58.902] {Contact} Total amount of the TARGET records: 7
[12:12:59.102] {Account} Total amount of the TARGET records: 10
[12:12:59.529] {Lead} Total amount of the TARGET records: 5
[12:12:59.704] {AccountContactRelation} Total amount of the TARGET records: 2
[12:12:59.971] {FinServ__ReciprocalRole__c} Total amount of the TARGET records: 22
[12:13:00.163] {FinServ__AccountAccountRelation__c} Total amount of the TARGET records: 0
[12:13:00.499] {FinServ__ContactContactRelation__c} Total amount of the TARGET records: 2
[12:13:00.662] {Location} Total amount of the TARGET records: 0
[12:13:00.888] {BusinessMilestone} Total amount of the TARGET records: 10
[12:13:01.80] {FinServ__ChargesAndFees__c} Total amount of the TARGET records: 0
[12:13:01.290] {FinServ__FinancialAccount__c} Total amount of the TARGET records: 16
[12:13:01.619] {Case} Total amount of the TARGET records: 4
[12:13:01.783] {FinServ__Securities__c} Total amount of the TARGET records: 2
[12:13:01.941] {FinServ__FinancialGoal__c} Total amount of the TARGET records: 4
[12:13:02.116] {FinServ__IdentificationDocument__c} Total amount of the TARGET records: 0
[12:13:02.291] {FinServ__Education__c} Total amount of the TARGET records: 0
[12:13:02.475] {FinServ__FinancialHolding__c} Total amount of the TARGET records: 2
[12:13:02.650] {FinServ__FinancialAccountRole__c} Total amount of the TARGET records: 38
[12:13:02.808] {FinServ__BillingStatement__c} Total amount of the TARGET records: 0
[12:13:02.967] {FinServ__Employment__c} Total amount of the TARGET records: 0
[12:13:03.126] {FinServ__AssetsAndLiabilities__c} Total amount of the TARGET records: 2
[12:13:03.655] {FinServ__Card__c} Total amount of the TARGET records: 0
[12:13:03.813] {FinServ__Alert__c} Total amount of the TARGET records: 0
[12:13:03.982] {FinServ__LifeEvent__c} Total amount of the TARGET records: 0
[12:13:04.192] {FinServ__Revenue__c} Total amount of the TARGET records: 4
[12:13:04.360] {FinServ__FinancialAccountTransaction__c} Total amount of the TARGET records: 0
[12:13:04.518] {FinServ__PolicyPaymentMethod__c} Total amount of the TARGET records: 0
[12:13:04.687] {FinServ__UsePersonAccount__c} Total amount of the TARGET records: 1

[12:13:04.694] DELETING OLD DATA FROM THE TARGET...
[12:13:04.698] {FinServ__UsePersonAccount__c} Nothing to delete.
[12:13:04.700] {FinServ__PolicyPaymentMethod__c} Nothing to delete.
[12:13:04.702] {FinServ__FinancialAccountTransaction__c} Nothing to delete.
[12:13:04.704] {FinServ__Revenue__c} Nothing to delete.
[12:13:04.706] {FinServ__LifeEvent__c} Nothing to delete.
[12:13:04.708] {FinServ__Alert__c} Nothing to delete.
[12:13:04.710] {FinServ__Card__c} Nothing to delete.
[12:13:04.712] {FinServ__AssetsAndLiabilities__c} Nothing to delete.
[12:13:04.714] {FinServ__Employment__c} Nothing to delete.
[12:13:04.716] {FinServ__BillingStatement__c} Nothing to delete.
[12:13:04.718] {FinServ__FinancialAccountRole__c} Nothing to delete.
[12:13:04.720] {FinServ__FinancialHolding__c} Nothing to delete.
[12:13:04.722] {FinServ__Education__c} Nothing to delete.
[12:13:04.724] {FinServ__IdentificationDocument__c} Nothing to delete.
[12:13:04.726] {FinServ__FinancialGoal__c} Nothing to delete.
[12:13:04.728] {FinServ__Securities__c} Nothing to delete.
[12:13:04.730] {Case} Nothing to delete.
[12:13:04.732] {FinServ__FinancialAccount__c} Nothing to delete.
[12:13:04.734] {FinServ__ChargesAndFees__c} Nothing to delete.
[12:13:04.737] {BusinessMilestone} Nothing to delete.
[12:13:04.738] {Location} Nothing to delete.
[12:13:04.740] {FinServ__ContactContactRelation__c} Nothing to delete.
[12:13:04.742] {FinServ__AccountAccountRelation__c} Nothing to delete.
[12:13:04.744] {FinServ__ReciprocalRole__c} Nothing to delete.
[12:13:04.747] {AccountContactRelation} Nothing to delete.
[12:13:04.749] {Lead} Nothing to delete.
[12:13:04.750] {Account} Nothing to delete.
[12:13:04.752] {Contact} Nothing to delete.
[12:13:04.755] {OperatingHours} Nothing to delete.
[12:13:04.757] {Organization} Nothing to delete.
[12:13:04.759] {InsurancePolicy} Nothing to delete.
[12:13:04.761] {Claim} Nothing to delete.
[12:13:04.763] {Product2} Nothing to delete.
[12:13:04.765] {Asset} Nothing to delete.
[12:13:04.767] {Address} Nothing to delete.
[12:13:04.769] {Individual} Nothing to delete.
[12:13:04.771] Deleting old data from the Target was skipped.
[12:13:04.773] Ready to process the data.

[12:13:04.777] RETRIEVING THE DATA STEP 1...
[12:13:04.780] {OperatingHours} Retrieving the SOURCE data from CSV file (STEP 1: all records)...
[12:13:04.783] {OperatingHours} Retrieving the SOURCE data has been completed. Fetched 0 new records.
[12:13:04.785] {Contact} Retrieving the SOURCE data from CSV file (STEP 1: all records)...
[12:13:04.802] {Contact} Retrieving the SOURCE data has been completed. Fetched 0 new records.
[12:13:04.805] {Account} Retrieving the SOURCE data from CSV file (STEP 1: all records)...
[12:13:04.817] {Account} Retrieving the SOURCE data has been completed. Fetched 0 new records.
[12:13:04.819] {Lead} Retrieving the SOURCE data from CSV file (STEP 1: all records)...
[12:13:04.825] {Lead} Retrieving the SOURCE data has been completed. Fetched 0 new records.
[12:13:04.827] {AccountContactRelation} Retrieving the SOURCE data from CSV file (STEP 1: all records)...
[12:13:04.831] {AccountContactRelation} Retrieving the SOURCE data has been completed. Fetched 0 new records.
[12:13:04.832] {FinServ__ReciprocalRole__c} Retrieving the SOURCE data from CSV file (STEP 1: all records)...
[12:13:04.835] {FinServ__ReciprocalRole__c} Retrieving the SOURCE data has been completed. Fetched 0 new records.
[12:13:04.837] {FinServ__AccountAccountRelation__c} Retrieving the SOURCE data from CSV file (STEP 1: all records)...
[12:13:04.840] {FinServ__AccountAccountRelation__c} Retrieving the SOURCE data has been completed. Fetched 0 new records.
[12:13:04.841] {FinServ__ContactContactRelation__c} Retrieving the SOURCE data from CSV file (STEP 1: all records)...
[12:13:04.844] {FinServ__ContactContactRelation__c} Retrieving the SOURCE data has been completed. Fetched 0 new records.
[12:13:04.846] {Location} Retrieving the SOURCE data from CSV file (STEP 1: all records)...
[12:13:04.850] {Location} Retrieving the SOURCE data has been completed. Fetched 0 new records.
[12:13:04.851] {BusinessMilestone} Retrieving the SOURCE data from CSV file (STEP 1: all records)...
[12:13:04.857] {BusinessMilestone} Retrieving the SOURCE data has been completed. Fetched 0 new records.
[12:13:04.859] {FinServ__ChargesAndFees__c} Retrieving the SOURCE data from CSV file (STEP 1: all records)...
[12:13:04.862] {FinServ__ChargesAndFees__c} Retrieving the SOURCE data has been completed. Fetched 0 new records.
[12:13:04.864] {FinServ__FinancialAccount__c} Retrieving the SOURCE data from CSV file (STEP 1: all records)...
[12:13:04.869] {FinServ__FinancialAccount__c} Retrieving the SOURCE data has been completed. Fetched 0 new records.
[12:13:04.871] {Case} Retrieving the SOURCE data from CSV file (STEP 1: all records)...
[12:13:04.876] {Case} Retrieving the SOURCE data has been completed. Fetched 0 new records.
[12:13:04.878] {FinServ__Securities__c} Retrieving the SOURCE data from CSV file (STEP 1: all records)...
[12:13:04.883] {FinServ__Securities__c} Retrieving the SOURCE data has been completed. Fetched 0 new records.
[12:13:04.885] {FinServ__FinancialGoal__c} Retrieving the SOURCE data from CSV file (STEP 1: all records)...
[12:13:04.888] {FinServ__FinancialGoal__c} Retrieving the SOURCE data has been completed. Fetched 0 new records.
[12:13:04.890] {FinServ__IdentificationDocument__c} Retrieving the SOURCE data from CSV file (STEP 1: all records)...
[12:13:04.893] {FinServ__IdentificationDocument__c} Retrieving the SOURCE data has been completed. Fetched 0 new records.
[12:13:04.895] {FinServ__Education__c} Retrieving the SOURCE data from CSV file (STEP 1: all records)...
[12:13:04.897] {FinServ__Education__c} Retrieving the SOURCE data has been completed. Fetched 0 new records.
[12:13:04.899] {FinServ__FinancialHolding__c} Retrieving the SOURCE data from CSV file (STEP 1: all records)...
[12:13:04.902] {FinServ__FinancialHolding__c} Retrieving the SOURCE data has been completed. Fetched 0 new records.
[12:13:04.904] {FinServ__FinancialAccountRole__c} Retrieving the SOURCE data from CSV file (STEP 1: all records)...
[12:13:04.907] {FinServ__FinancialAccountRole__c} Retrieving the SOURCE data has been completed. Fetched 0 new records.
[12:13:04.909] {FinServ__BillingStatement__c} Retrieving the SOURCE data from CSV file (STEP 1: all records)...
[12:13:04.912] {FinServ__BillingStatement__c} Retrieving the SOURCE data has been completed. Fetched 0 new records.
[12:13:04.914] {FinServ__Employment__c} Retrieving the SOURCE data from CSV file (STEP 1: all records)...
[12:13:04.918] {FinServ__Employment__c} Retrieving the SOURCE data has been completed. Fetched 0 new records.
[12:13:04.920] {FinServ__AssetsAndLiabilities__c} Retrieving the SOURCE data from CSV file (STEP 1: all records)...
[12:13:04.923] {FinServ__AssetsAndLiabilities__c} Retrieving the SOURCE data has been completed. Fetched 0 new records.
[12:13:04.925] {FinServ__Card__c} Retrieving the SOURCE data from CSV file (STEP 1: all records)...
[12:13:04.928] {FinServ__Card__c} Retrieving the SOURCE data has been completed. Fetched 0 new records.
[12:13:04.930] {FinServ__Alert__c} Retrieving the SOURCE data from CSV file (STEP 1: all records)...
[12:13:04.932] {FinServ__Alert__c} Retrieving the SOURCE data has been completed. Fetched 0 new records.
[12:13:04.934] {FinServ__LifeEvent__c} Retrieving the SOURCE data from CSV file (STEP 1: all records)...
[12:13:04.937] {FinServ__LifeEvent__c} Retrieving the SOURCE data has been completed. Fetched 0 new records.
[12:13:04.938] {FinServ__Revenue__c} Retrieving the SOURCE data from CSV file (STEP 1: all records)...
[12:13:04.941] {FinServ__Revenue__c} Retrieving the SOURCE data has been completed. Fetched 0 new records.
[12:13:04.943] {FinServ__FinancialAccountTransaction__c} Retrieving the SOURCE data from CSV file (STEP 1: all records)...
[12:13:04.946] {FinServ__FinancialAccountTransaction__c} Retrieving the SOURCE data has been completed. Fetched 0 new records.
[12:13:04.948] {FinServ__PolicyPaymentMethod__c} Retrieving the SOURCE data from CSV file (STEP 1: all records)...
[12:13:04.950] {FinServ__PolicyPaymentMethod__c} Retrieving the SOURCE data has been completed. Fetched 0 new records.
[12:13:04.952] {FinServ__UsePersonAccount__c} Retrieving the SOURCE data from CSV file (STEP 1: all records)...
[12:13:04.955] {FinServ__UsePersonAccount__c} Retrieving the SOURCE data has been completed. Fetched 0 new records.
[12:13:04.957] {Individual} Retrieving the SOURCE data from CSV file (STEP 1: all records)...
[12:13:04.960] {Individual} Retrieving the SOURCE data has been completed. Fetched 0 new records.
[12:13:04.961] {Address} Retrieving the SOURCE data from CSV file (STEP 1: all records)...
[12:13:04.964] {Address} Retrieving the SOURCE data has been completed. Fetched 0 new records.
[12:13:04.965] {Asset} Retrieving the SOURCE data from CSV file (STEP 1: all records)...
[12:13:04.967] {Asset} Retrieving the SOURCE data has been completed. Fetched 0 new records.
[12:13:04.969] {Product2} Retrieving the SOURCE data from CSV file (STEP 1: all records)...
[12:13:04.972] {Product2} Retrieving the SOURCE data has been completed. Fetched 0 new records.
[12:13:04.973] {Claim} Retrieving the SOURCE data from CSV file (STEP 1: all records)...
[12:13:04.976] {Claim} Retrieving the SOURCE data has been completed. Fetched 0 new records.
[12:13:04.977] {InsurancePolicy} Retrieving the SOURCE data from CSV file (STEP 1: all records)...
[12:13:04.980] {InsurancePolicy} Retrieving the SOURCE data has been completed. Fetched 0 new records.
[12:13:04.981] {Organization} Retrieving the SOURCE data from CSV file (STEP 1: all records)...
[12:13:04.985] {Organization} Retrieving the SOURCE data has been completed. Fetched 0 new records.
[12:13:04.986] Retrieving the data STEP 1 has been completed.

[12:13:04.990] RETRIEVING THE DATA STEP 2...
[12:13:04.992] PASS 1
[12:13:04.994] =============
[12:13:04.996] No records

[12:13:05.0] PASS 2
[12:13:05.2] =============
[12:13:05.5] No records

[12:13:05.9] PASS 3
[12:13:05.11] =============
[12:13:05.13] No records

[12:13:05.17] PASS 4
[12:13:05.19] =============
[12:13:05.21] No records

[12:13:05.25] TARGET
[12:13:05.27] =============
[12:13:05.30] {OperatingHours} Retrieving the TARGET data from Org (STEP 2: all records)...
[12:13:05.31] {OperatingHours} Query string: SELECT Id, TimeZone, Name, Description  FROM  OperatingHours.
[12:13:05.209] {OperatingHours} Retrieving the TARGET data has been completed. Fetched 3 new records.
[12:13:05.211] {Contact} Retrieving the TARGET data from Org (STEP 2: all records)...
[12:13:05.213] {Contact} Query string: SELECT Id, Name, IsPersonAccount, AccountId, IsDeleted, MasterRecordId, LastName, FirstName, Salutation, OtherStreet, OtherCity, OtherState, OtherPostalCode, OtherCountry, OtherLatitude, OtherLongitude, OtherGeocodeAccuracy, OtherAddress, MailingStre... FROM  Contact.
[12:13:05.505] {Contact} Retrieving the TARGET data has been completed. Fetched 7 new records.
[12:13:05.508] {Account} Retrieving the TARGET data from Org (STEP 2: all records)...
[12:13:05.509] {Account} Query string: SELECT Id, Name, IsPersonAccount, IsDeleted, MasterRecordId, LastName, FirstName, Salutation, Type, ParentId, BillingStreet, BillingCity, BillingState, BillingPostalCode, BillingCountry, BillingLatitude, BillingLongitude, BillingGeocodeAccuracy, Ship... FROM  Account.
[12:13:05.883] {Account} Retrieving the TARGET data has been completed. Fetched 10 new records.
[12:13:05.885] {Lead} Retrieving the TARGET data from Org (STEP 2: all records)...
[12:13:05.886] {Lead} Query string: SELECT Id, Name, IsDeleted, MasterRecordId, LastName, FirstName, Salutation, Title, Company, Street, City, State, PostalCode, Country, Latitude, Longitude, GeocodeAccuracy, Address, Phone, MobilePhone, Fax, Email, Website, PhotoUrl, Description, Lead... FROM  Lead.
[12:13:06.107] {Lead} Retrieving the TARGET data has been completed. Fetched 5 new records.
[12:13:06.109] {AccountContactRelation} Retrieving the TARGET data from Org (STEP 2: all records)...
[12:13:06.110] {AccountContactRelation} Query string: SELECT Id, AccountId, ContactId, Roles, IsDirect, IsActive, StartDate, EndDate, IsDeleted, CreatedDate, LastModifiedDate, SystemModstamp, FinServ__IncludeInGroup__c, FinServ__PrimaryGroup__c, FinServ__Primary__c, FinServ__Rollups__c, FinServ__SourceS... FROM  AccountContactRelation.
[12:13:06.338] {AccountContactRelation} Retrieving the TARGET data has been completed. Fetched 2 new records.
[12:13:06.340] {FinServ__ReciprocalRole__c} Retrieving the TARGET data from Org (STEP 2: all records)...
[12:13:06.342] {FinServ__ReciprocalRole__c} Query string: SELECT Id, Name, IsDeleted, CreatedDate, LastModifiedDate, SystemModstamp, LastViewedDate, LastReferencedDate, FinServ__CreateInverseRole__c, FinServ__InverseRelationship__c, FinServ__InverseRole__c, FinServ__RelationshipType__c, FinServ__SourceSyste... FROM  FinServ__ReciprocalRole__c.
[12:13:06.608] {FinServ__ReciprocalRole__c} Retrieving the TARGET data has been completed. Fetched 22 new records.
[12:13:06.611] {FinServ__AccountAccountRelation__c} Retrieving the TARGET data from Org (STEP 2: all records)...
[12:13:06.614] {FinServ__AccountAccountRelation__c} Query string: SELECT Id, Name, IsDeleted, CreatedDate, LastModifiedDate, SystemModstamp, FinServ__Account__c, FinServ__Active__c, FinServ__AssociationType__c, FinServ__EndDate__c, FinServ__ExternalId__c, FinServ__InverseRelationship__c, FinServ__RelatedAccount__c,... FROM  FinServ__AccountAccountRelation__c.
[12:13:06.800] {FinServ__AccountAccountRelation__c} Retrieving the TARGET data has been completed. Fetched 0 new records.
[12:13:06.808] {FinServ__ContactContactRelation__c} Retrieving the TARGET data from Org (STEP 2: all records)...
[12:13:06.812] {FinServ__ContactContactRelation__c} Query string: SELECT Id, Name, IsDeleted, CreatedDate, LastModifiedDate, SystemModstamp, FinServ__Active__c, FinServ__Contact__c, FinServ__EndDate__c, FinServ__ExternalId__c, FinServ__InverseRelationship__c, FinServ__RelatedContact__c, FinServ__Role__c, FinServ__S... FROM  FinServ__ContactContactRelation__c.
[12:13:06.988] {FinServ__ContactContactRelation__c} Retrieving the TARGET data has been completed. Fetched 2 new records.
[12:13:06.989] {Location} Retrieving the TARGET data from Org (STEP 2: all records)...
[12:13:06.991] {Location} Query string: SELECT Id, Name, IsDeleted, CreatedDate, LastModifiedDate, SystemModstamp, LastViewedDate, LastReferencedDate, LocationType, Latitude, Longitude, Location, Description, DrivingDirections, TimeZone, ParentLocationId, PossessionDate, ConstructionStartD... FROM  Location.
[12:13:07.179] {Location} Retrieving the TARGET data has been completed. Fetched 0 new records.
[12:13:07.182] {BusinessMilestone} Retrieving the TARGET data from Org (STEP 2: all records)...
[12:13:07.186] {BusinessMilestone} Query string: SELECT Id, Name, IsDeleted, CreatedDate, LastModifiedDate, SystemModstamp, LastViewedDate, LastReferencedDate, PrimaryAccountId, MilestoneDate, IsTentative, MilestoneType, SourceSystemIdentifier, SourceSystem, MilestoneSiteId, MilestoneDescription, I... FROM  BusinessMilestone.
[12:13:07.436] {BusinessMilestone} Retrieving the TARGET data has been completed. Fetched 10 new records.
[12:13:07.439] {FinServ__ChargesAndFees__c} Retrieving the TARGET data from Org (STEP 2: all records)...
[12:13:07.441] {FinServ__ChargesAndFees__c} Query string: SELECT Id, Name, IsDeleted, CreatedDate, LastModifiedDate, SystemModstamp, LastViewedDate, LastReferencedDate, FinServ__APRType__c, FinServ__APR__c, FinServ__ATMFee__c, FinServ__AnnualAccountCharge__c, FinServ__AnnualMembershipFee__c, FinServ__Balanc... FROM  FinServ__ChargesAndFees__c.
[12:13:07.652] {FinServ__ChargesAndFees__c} Retrieving the TARGET data has been completed. Fetched 0 new records.
[12:13:07.655] {FinServ__FinancialAccount__c} Retrieving the TARGET data from Org (STEP 2: all records)...
[12:13:07.656] {FinServ__FinancialAccount__c} Query string: SELECT Id, Name, IsDeleted, CreatedDate, LastModifiedDate, SystemModstamp, LastActivityDate, LastViewedDate, LastReferencedDate, FinServ__APY__c, FinServ__Address1__c, FinServ__Address2__c, FinServ__ApplicationDate__c, FinServ__AssetRebalance__c, Fin... FROM  FinServ__FinancialAccount__c.
[12:13:07.965] {FinServ__FinancialAccount__c} Retrieving the TARGET data has been completed. Fetched 16 new records.
[12:13:07.968] {Case} Retrieving the TARGET data from Org (STEP 2: all records)...
[12:13:07.970] {Case} Query string: SELECT Id, Subject, IsDeleted, MasterRecordId, CaseNumber, ContactId, AccountId, AssetId, SourceId, ParentId, SuppliedName, SuppliedEmail, SuppliedPhone, SuppliedCompany, Type, Status, Reason, Origin, Priority, Description, IsClosed, ClosedDate, IsEs... FROM  Case.
[12:13:08.180] {Case} Retrieving the TARGET data has been completed. Fetched 4 new records.
[12:13:08.184] {FinServ__Securities__c} Retrieving the TARGET data from Org (STEP 2: all records)...
[12:13:08.186] {FinServ__Securities__c} Query string: SELECT Id, Name, IsDeleted, CreatedDate, LastModifiedDate, SystemModstamp, LastViewedDate, LastReferencedDate, FinServ__AssetCategoryName__c, FinServ__AssetCategory__c, FinServ__AssetClass__c, FinServ__CUSIP__c, FinServ__Exchange__c, FinServ__LastUpd... FROM  FinServ__Securities__c.
[12:13:08.407] {FinServ__Securities__c} Retrieving the TARGET data has been completed. Fetched 2 new records.
[12:13:08.409] {FinServ__FinancialGoal__c} Retrieving the TARGET data from Org (STEP 2: all records)...
[12:13:08.411] {FinServ__FinancialGoal__c} Query string: SELECT Id, Name, IsDeleted, CreatedDate, LastModifiedDate, SystemModstamp, LastActivityDate, LastViewedDate, LastReferencedDate, FinServ__ActualValue__c, FinServ__CompletionDate__c, FinServ__Description__c, FinServ__Household__c, FinServ__InitialValu... FROM  FinServ__FinancialGoal__c.
[12:13:08.611] {FinServ__FinancialGoal__c} Retrieving the TARGET data has been completed. Fetched 4 new records.
[12:13:08.612] {FinServ__IdentificationDocument__c} Retrieving the TARGET data from Org (STEP 2: all records)...
[12:13:08.614] {FinServ__IdentificationDocument__c} Query string: SELECT Id, Name, IsDeleted, CreatedDate, LastModifiedDate, SystemModstamp, LastViewedDate, LastReferencedDate, FinServ__Account__c, FinServ__DocumentNumber__c, FinServ__DocumentType__c, FinServ__ExpirationDate__c, FinServ__IssueDate__c, FinServ__Issu... FROM  FinServ__IdentificationDocument__c.
[12:13:08.781] {FinServ__IdentificationDocument__c} Retrieving the TARGET data has been completed. Fetched 0 new records.
[12:13:08.784] {FinServ__Education__c} Retrieving the TARGET data from Org (STEP 2: all records)...
[12:13:08.785] {FinServ__Education__c} Query string: SELECT Id, Name, IsDeleted, CreatedDate, LastModifiedDate, SystemModstamp, LastViewedDate, LastReferencedDate, FinServ__Contact__c, FinServ__EducationLevel__c, FinServ__GraduationDate__c, FinServ__Institution__c, FinServ__SourceSystemId__c, FinServ__... FROM  FinServ__Education__c.
[12:13:08.990] {FinServ__Education__c} Retrieving the TARGET data has been completed. Fetched 0 new records.
[12:13:08.993] {FinServ__FinancialHolding__c} Retrieving the TARGET data from Org (STEP 2: all records)...
[12:13:08.995] {FinServ__FinancialHolding__c} Query string: SELECT Id, Name, IsDeleted, CreatedDate, LastModifiedDate, SystemModstamp, LastActivityDate, LastViewedDate, LastReferencedDate, FinServ__FinancialAccount__c, FinServ__AssetCategoryName__c, FinServ__AssetCategory__c, FinServ__AssetClass__c, FinServ__... FROM  FinServ__FinancialHolding__c.
[12:13:09.277] {FinServ__FinancialHolding__c} Retrieving the TARGET data has been completed. Fetched 2 new records.
[12:13:09.279] {FinServ__FinancialAccountRole__c} Retrieving the TARGET data from Org (STEP 2: all records)...
[12:13:09.281] {FinServ__FinancialAccountRole__c} Query string: SELECT Id, Name, IsDeleted, CreatedDate, LastModifiedDate, SystemModstamp, FinServ__FinancialAccount__c, FinServ__Active__c, FinServ__Editable__c, FinServ__EndDate__c, FinServ__RelatedAccount__c, FinServ__RelatedContact__c, FinServ__Role__c, FinServ_... FROM  FinServ__FinancialAccountRole__c.
[12:13:09.619] {FinServ__FinancialAccountRole__c} Retrieving the TARGET data has been completed. Fetched 38 new records.
[12:13:09.620] {FinServ__BillingStatement__c} Retrieving the TARGET data from Org (STEP 2: all records)...
[12:13:09.622] {FinServ__BillingStatement__c} Query string: SELECT Id, Name, IsDeleted, CreatedDate, LastModifiedDate, SystemModstamp, FinServ__FinancialAccount__c, FinServ__BalanceTransfers__c, FinServ__BillingPeriodEnd__c, FinServ__BillingPeriodStart__c, FinServ__CashAdvances__c, FinServ__Deposits__c, FinSe... FROM  FinServ__BillingStatement__c.
[12:13:09.830] {FinServ__BillingStatement__c} Retrieving the TARGET data has been completed. Fetched 0 new records.
[12:13:09.835] {FinServ__Employment__c} Retrieving the TARGET data from Org (STEP 2: all records)...
[12:13:09.839] {FinServ__Employment__c} Query string: SELECT Id, Name, IsDeleted, CreatedDate, LastModifiedDate, SystemModstamp, LastViewedDate, LastReferencedDate, FinServ__AnnualIncome__c, FinServ__Contact__c, FinServ__EmployerAddress__c, FinServ__EmployerPhoneNumber__c, FinServ__EmploymentStatus__c, ... FROM  FinServ__Employment__c.
[12:13:10.80] {FinServ__Employment__c} Retrieving the TARGET data has been completed. Fetched 0 new records.
[12:13:10.84] {FinServ__AssetsAndLiabilities__c} Retrieving the TARGET data from Org (STEP 2: all records)...
[12:13:10.86] {FinServ__AssetsAndLiabilities__c} Query string: SELECT Id, Name, IsDeleted, CreatedDate, LastModifiedDate, SystemModstamp, LastActivityDate, LastViewedDate, LastReferencedDate, FinServ__Amount__c, FinServ__AssetsAndLiabilitiesSource__c, FinServ__AssetsAndLiabilitiesType__c, FinServ__Description__c... FROM  FinServ__AssetsAndLiabilities__c.
[12:13:10.309] {FinServ__AssetsAndLiabilities__c} Retrieving the TARGET data has been completed. Fetched 2 new records.
[12:13:10.312] {FinServ__Card__c} Retrieving the TARGET data from Org (STEP 2: all records)...
[12:13:10.315] {FinServ__Card__c} Query string: SELECT Id, Name, IsDeleted, CreatedDate, LastModifiedDate, SystemModstamp, LastActivityDate, FinServ__FinancialAccount__c, FinServ__AccountHolder__c, FinServ__Active__c, FinServ__BinNumber__c, FinServ__OwnershipType__c, FinServ__SourceSystemId__c, Fi... FROM  FinServ__Card__c.
[12:13:10.492] {FinServ__Card__c} Retrieving the TARGET data has been completed. Fetched 0 new records.
[12:13:10.495] {FinServ__Alert__c} Retrieving the TARGET data from Org (STEP 2: all records)...
[12:13:10.498] {FinServ__Alert__c} Query string: SELECT Id, Name, IsDeleted, CreatedDate, LastModifiedDate, SystemModstamp, LastViewedDate, LastReferencedDate, FinServ__Account__c, FinServ__Active__c, FinServ__Claim__c, FinServ__FinancialAccount__c, FinServ__Insurance_Policy__c, FinServ__MessageDes... FROM  FinServ__Alert__c.
[12:13:10.694] {FinServ__Alert__c} Retrieving the TARGET data has been completed. Fetched 0 new records.
[12:13:10.697] {FinServ__LifeEvent__c} Retrieving the TARGET data from Org (STEP 2: all records)...
[12:13:10.700] {FinServ__LifeEvent__c} Query string: SELECT Id, Name, IsDeleted, CreatedDate, LastModifiedDate, SystemModstamp, FinServ__Client__c, FinServ__DiscussionNote__c, FinServ__EventDate__c, FinServ__EventType__c, FinServ__FinancialGoal__c, FinServ__GoalType__c, FinServ__SourceSystemId__c, FinS... FROM  FinServ__LifeEvent__c.
[12:13:10.859] {FinServ__LifeEvent__c} Retrieving the TARGET data has been completed. Fetched 0 new records.
[12:13:10.862] {FinServ__Revenue__c} Retrieving the TARGET data from Org (STEP 2: all records)...
[12:13:10.866] {FinServ__Revenue__c} Query string: SELECT Id, Name, IsDeleted, CreatedDate, LastModifiedDate, SystemModstamp, FinServ__Account__c, FinServ__Amount__c, FinServ__Date__c, FinServ__FinancialAccount__c, FinServ__SourceSystemId__c, FinServ__SubType__c, FinServ__Type__c, FinServ__Account__r... FROM  FinServ__Revenue__c.
[12:13:11.57] {FinServ__Revenue__c} Retrieving the TARGET data has been completed. Fetched 4 new records.
[12:13:11.59] {FinServ__FinancialAccountTransaction__c} Retrieving the TARGET data from Org (STEP 2: all records)...
[12:13:11.60] {FinServ__FinancialAccountTransaction__c} Query string: SELECT Id, Name, IsDeleted, CreatedDate, LastModifiedDate, SystemModstamp, LastViewedDate, LastReferencedDate, FinServ__Amount__c, FinServ__BillingStatements__c, FinServ__CardAccountID__c, FinServ__Claim__c, FinServ__Description__c, FinServ__DisputeR... FROM  FinServ__FinancialAccountTransaction__c.
[12:13:11.231] {FinServ__FinancialAccountTransaction__c} Retrieving the TARGET data has been completed. Fetched 0 new records.
[12:13:11.235] {FinServ__PolicyPaymentMethod__c} Retrieving the TARGET data from Org (STEP 2: all records)...
[12:13:11.238] {FinServ__PolicyPaymentMethod__c} Query string: SELECT Id, Name, IsDeleted, CreatedDate, LastModifiedDate, SystemModstamp, FinServ__EndDate__c, FinServ__FinancialAccount__c, FinServ__InsurancePolicy__c, FinServ__IsActive__c, FinServ__IsPrimaryAccount__c, FinServ__PaymentPercentage__c, FinServ__Sta... FROM  FinServ__PolicyPaymentMethod__c.
[12:13:11.408] {FinServ__PolicyPaymentMethod__c} Retrieving the TARGET data has been completed. Fetched 0 new records.
[12:13:11.414] {FinServ__UsePersonAccount__c} Retrieving the TARGET data from Org (STEP 2: all records)...
[12:13:11.418] {FinServ__UsePersonAccount__c} Query string: SELECT Id, Name, IsDeleted, SetupOwnerId, CreatedDate, LastModifiedDate, SystemModstamp, FinServ__Enable__c, SetupOwner.Name  FROM  FinServ__UsePersonAccount__c.
[12:13:11.583] {FinServ__UsePersonAccount__c} Retrieving the TARGET data has been completed. Fetched 1 new records.
[12:13:11.587] {Address} Retrieving the TARGET data from Org (STEP 2: all records)...
[12:13:11.588] {Address} Query string: SELECT Id, Name  FROM  Address.
[12:13:11.758] {Address} Retrieving the TARGET data has been completed. Fetched 0 new records.
[12:13:11.762] Retrieving the data STEP 2 has been completed.

[12:13:11.769] DATA RETRIEVING SUMMARY
[12:13:11.771] {OperatingHours} Total retrieved within all steps (source/target): 0/3 records.
[12:13:11.773] {Contact} Total retrieved within all steps (source/target): 0/7 records.
[12:13:11.774] {Account} Total retrieved within all steps (source/target): 0/10 records.
[12:13:11.776] {Lead} Total retrieved within all steps (source/target): 0/5 records.
[12:13:11.778] {AccountContactRelation} Total retrieved within all steps (source/target): 0/2 records.
[12:13:11.780] {FinServ__ReciprocalRole__c} Total retrieved within all steps (source/target): 0/22 records.
[12:13:11.782] {FinServ__AccountAccountRelation__c} Total retrieved within all steps (source/target): 0/0 records.
[12:13:11.784] {FinServ__ContactContactRelation__c} Total retrieved within all steps (source/target): 0/2 records.
[12:13:11.786] {Location} Total retrieved within all steps (source/target): 0/0 records.
[12:13:11.788] {BusinessMilestone} Total retrieved within all steps (source/target): 0/10 records.
[12:13:11.790] {FinServ__ChargesAndFees__c} Total retrieved within all steps (source/target): 0/0 records.
[12:13:11.792] {FinServ__FinancialAccount__c} Total retrieved within all steps (source/target): 0/16 records.
[12:13:11.794] {Case} Total retrieved within all steps (source/target): 0/4 records.
[12:13:11.796] {FinServ__Securities__c} Total retrieved within all steps (source/target): 0/2 records.
[12:13:11.798] {FinServ__FinancialGoal__c} Total retrieved within all steps (source/target): 0/4 records.
[12:13:11.800] {FinServ__IdentificationDocument__c} Total retrieved within all steps (source/target): 0/0 records.
[12:13:11.801] {FinServ__Education__c} Total retrieved within all steps (source/target): 0/0 records.
[12:13:11.803] {FinServ__FinancialHolding__c} Total retrieved within all steps (source/target): 0/2 records.
[12:13:11.805] {FinServ__FinancialAccountRole__c} Total retrieved within all steps (source/target): 0/38 records.
[12:13:11.807] {FinServ__BillingStatement__c} Total retrieved within all steps (source/target): 0/0 records.
[12:13:11.809] {FinServ__Employment__c} Total retrieved within all steps (source/target): 0/0 records.
[12:13:11.811] {FinServ__AssetsAndLiabilities__c} Total retrieved within all steps (source/target): 0/2 records.
[12:13:11.813] {FinServ__Card__c} Total retrieved within all steps (source/target): 0/0 records.
[12:13:11.815] {FinServ__Alert__c} Total retrieved within all steps (source/target): 0/0 records.
[12:13:11.817] {FinServ__LifeEvent__c} Total retrieved within all steps (source/target): 0/0 records.
[12:13:11.819] {FinServ__Revenue__c} Total retrieved within all steps (source/target): 0/4 records.
[12:13:11.821] {FinServ__FinancialAccountTransaction__c} Total retrieved within all steps (source/target): 0/0 records.
[12:13:11.823] {FinServ__PolicyPaymentMethod__c} Total retrieved within all steps (source/target): 0/0 records.
[12:13:11.825] {FinServ__UsePersonAccount__c} Total retrieved within all steps (source/target): 0/1 records.
[12:13:11.828] {Individual} Total retrieved within all steps (source/target): 0/0 records.
[12:13:11.830] {Address} Total retrieved within all steps (source/target): 0/0 records.
[12:13:11.832] {Asset} Total retrieved within all steps (source/target): 0/0 records.
[12:13:11.834] {Product2} Total retrieved within all steps (source/target): 0/0 records.
[12:13:11.835] {Claim} Total retrieved within all steps (source/target): 0/0 records.
[12:13:11.838] {InsurancePolicy} Total retrieved within all steps (source/target): 0/0 records.
[12:13:11.840] {Organization} Total retrieved within all steps (source/target): 0/0 records.

[12:13:11.844] UPDATING THE TARGET STEP 1...
[12:13:11.854] Nothing was updated

[12:13:11.858] UPDATING THE TARGET STEP 2...
[12:13:11.867] Nothing was updated

[12:13:11.871] DATA PROCESSING SUMMARY
[12:13:11.873] {OperatingHours} Total processed within all steps (Insert + Update): 0 records
[12:13:11.875] {Contact} Total processed within all steps (Insert + Update): 0 records
[12:13:11.877] {Account} Total processed within all steps (Insert + Update): 0 records
[12:13:11.879] {Lead} Total processed within all steps (Insert + Update): 0 records
[12:13:11.881] {AccountContactRelation} Total processed within all steps (Insert + Update): 0 records
[12:13:11.883] {FinServ__ReciprocalRole__c} Total processed within all steps (Insert + Update): 0 records
[12:13:11.885] {FinServ__AccountAccountRelation__c} Total processed within all steps (Insert + Update): 0 records
[12:13:11.887] {FinServ__ContactContactRelation__c} Total processed within all steps (Insert + Update): 0 records
[12:13:11.889] {Location} Total processed within all steps (Insert + Update): 0 records
[12:13:11.891] {BusinessMilestone} Total processed within all steps (Insert + Update): 0 records
[12:13:11.893] {FinServ__ChargesAndFees__c} Total processed within all steps (Insert + Update): 0 records
[12:13:11.895] {FinServ__FinancialAccount__c} Total processed within all steps (Insert + Update): 0 records
[12:13:11.897] {Case} Total processed within all steps (Insert + Update): 0 records
[12:13:11.899] {FinServ__Securities__c} Total processed within all steps (Insert + Update): 0 records
[12:13:11.901] {FinServ__FinancialGoal__c} Total processed within all steps (Insert + Update): 0 records
[12:13:11.903] {FinServ__IdentificationDocument__c} Total processed within all steps (Insert + Update): 0 records
[12:13:11.905] {FinServ__Education__c} Total processed within all steps (Insert + Update): 0 records
[12:13:11.907] {FinServ__FinancialHolding__c} Total processed within all steps (Insert + Update): 0 records
[12:13:11.909] {FinServ__FinancialAccountRole__c} Total processed within all steps (Insert + Update): 0 records
[12:13:11.911] {FinServ__BillingStatement__c} Total processed within all steps (Insert + Update): 0 records
[12:13:11.913] {FinServ__Employment__c} Total processed within all steps (Insert + Update): 0 records
[12:13:11.915] {FinServ__AssetsAndLiabilities__c} Total processed within all steps (Insert + Update): 0 records
[12:13:11.917] {FinServ__Card__c} Total processed within all steps (Insert + Update): 0 records
[12:13:11.919] {FinServ__Alert__c} Total processed within all steps (Insert + Update): 0 records
[12:13:11.921] {FinServ__LifeEvent__c} Total processed within all steps (Insert + Update): 0 records
[12:13:11.923] {FinServ__Revenue__c} Total processed within all steps (Insert + Update): 0 records
[12:13:11.925] {FinServ__FinancialAccountTransaction__c} Total processed within all steps (Insert + Update): 0 records
[12:13:11.927] {FinServ__PolicyPaymentMethod__c} Total processed within all steps (Insert + Update): 0 records
[12:13:11.931] {FinServ__UsePersonAccount__c} Total processed within all steps (Insert + Update): 0 records
[12:13:11.933] {Individual} Total processed within all steps (Insert + Update): 0 records
[12:13:11.935] {Address} Total processed within all steps (Insert + Update): 0 records
[12:13:11.937] {Asset} Total processed within all steps (Insert + Update): 0 records
[12:13:11.939] {Product2} Total processed within all steps (Insert + Update): 0 records
[12:13:11.941] {Claim} Total processed within all steps (Insert + Update): 0 records
[12:13:11.943] {InsurancePolicy} Total processed within all steps (Insert + Update): 0 records
[12:13:11.945] {Organization} Total processed within all steps (Insert + Update): 0 records

[12:13:11.948] Writing to /Users/jrattanpal/workspace/fsc-demo-pack/data/sfdmu/MissingParentRecordsReport.csv...

[12:13:11.954] Command succeeded.
[12:13:11.955] Execution of the command sfdmu:run has been finished. Exit code 0 (SUCCESS).
[12:13:11.957] Total time elapsed: 00h 00m 45s 098ms .