
[12:00:50.265] {"Running version":"3.4.29"}

[12:00:50.759] Connecting to FSCTrialOrg using SFDX CLI...
[12:01:14.747] Successfully connected to FSCTrialOrg.
[12:01:14.762] {"SOURCE":"FSCTrialOrg.","TARGET":"csvfile.","Package script":"/Users/jrattanpal/workspace/fsc-demo-pack/data/sfdmu/export.json."}

[12:01:14.768] GETTING AND ANALYSING OBJECTS METADATA...
[12:01:14.770] Processing the sObject Contact...
[12:01:14.773] Getting metadata for Contact (SOURCE)
[12:01:15.456] Processing the sObject Account...
[12:01:15.458] Getting metadata for Account (SOURCE)
[12:01:16.387] Processing the sObject AccountContactRelation...
[12:01:16.388] Getting metadata for AccountContactRelation (SOURCE)
[12:01:16.605] Processing the sObject FinServ__AccountAccountRelation__c...
[12:01:16.607] Getting metadata for FinServ__AccountAccountRelation__c (SOURCE)
[12:01:17.25] Processing the sObject FinServ__ReciprocalRole__c...
[12:01:17.28] Getting metadata for FinServ__ReciprocalRole__c (SOURCE)
[12:01:17.436] Processing the sObject FinServ__ContactContactRelation__c...
[12:01:17.438] Getting metadata for FinServ__ContactContactRelation__c (SOURCE)
[12:01:17.702] Processing the sObject FinServ__FinancialAccount__c...
[12:01:17.704] Getting metadata for FinServ__FinancialAccount__c (SOURCE)
[12:01:18.117] Processing the sObject FinServ__UsePersonAccount__c...
[12:01:18.119] Getting metadata for FinServ__UsePersonAccount__c (SOURCE)
[12:01:18.355] Processing the sObject FinServ__UsePersonAccount__c...
[12:01:18.360] Getting metadata for Organization (SOURCE)
[12:01:18.673] Processing the sObject FinServ__FinancialAccount__c...
[12:01:18.730] Getting metadata for RecordType (SOURCE)
[12:01:19.112] Getting metadata for FinServ__ChargesAndFees__c (SOURCE)
[12:01:19.445] Getting metadata for Product2 (SOURCE)
[12:01:19.726] Processing the sObject FinServ__ContactContactRelation__c...
[12:01:19.729] Processing the sObject FinServ__ReciprocalRole__c...
[12:01:19.733] Processing the sObject FinServ__AccountAccountRelation__c...
[12:01:19.738] Processing the sObject AccountContactRelation...
[12:01:19.740] Processing the sObject Account...
[12:01:19.749] Getting metadata for Individual (SOURCE)
[12:01:20.94] Getting metadata for OperatingHours (SOURCE)
[12:01:20.356] Processing the sObject Contact...

[12:01:20.370] PREPARING DATA MIGRATION JOB...
[12:01:20.374] Building migration strategy...
[12:01:20.403] {"Order of objects to retrieve data":"RecordType; Account; FinServ__ReciprocalRole__c; FinServ__AccountAccountRelation__c; FinServ__ContactContactRelation__c; FinServ__FinancialAccount__c; FinServ__UsePersonAccount__c; OperatingHours; Individual; Product2; FinServ__ChargesAndFees__c; Organization; Contact; AccountContactRelation"}
[12:01:20.405] {"Order of objects to update data":"RecordType; OperatingHours; Individual; Product2; FinServ__ChargesAndFees__c; Organization; Account; Contact; AccountContactRelation; FinServ__ReciprocalRole__c; FinServ__AccountAccountRelation__c; FinServ__ContactContactRelation__c; FinServ__FinancialAccount__c; FinServ__UsePersonAccount__c"}
[12:01:20.407] Preparing has been finished.

[12:01:20.411] GETTING THE TOTAL AMOUNT OF RECORDS LIMITED BY THE OBJECT'S SOQL QUERY...
[12:01:20.672] {RecordType} Total amount of the SOURCE records: 19
[12:01:20.941] {OperatingHours} Total amount of the SOURCE records: 3
[12:01:21.231] {Individual} Total amount of the SOURCE records: 0
[12:01:21.439] {Product2} Total amount of the SOURCE records: 6
[12:01:21.761] {FinServ__ChargesAndFees__c} Total amount of the SOURCE records: 0
[12:01:21.978] {Organization} Total amount of the SOURCE records: 1
[12:01:22.461] {Account} Total amount of the SOURCE records: 10
[12:01:22.648] {Contact} Total amount of the SOURCE records: 7
[12:01:22.872] {AccountContactRelation} Total amount of the SOURCE records: 7
[12:01:23.74] {FinServ__ReciprocalRole__c} Total amount of the SOURCE records: 16
[12:01:23.348] {FinServ__AccountAccountRelation__c} Total amount of the SOURCE records: 0
[12:01:23.678] {FinServ__ContactContactRelation__c} Total amount of the SOURCE records: 2
[12:01:23.904] {FinServ__FinancialAccount__c} Total amount of the SOURCE records: 14
[12:01:24.143] {FinServ__UsePersonAccount__c} Total amount of the SOURCE records: 1

[12:01:24.151] DELETING OLD DATA FROM THE TARGET...
[12:01:24.155] {FinServ__UsePersonAccount__c} Nothing to delete.
[12:01:24.157] {FinServ__FinancialAccount__c} Nothing to delete.
[12:01:24.161] {FinServ__ContactContactRelation__c} Nothing to delete.
[12:01:24.164] {FinServ__AccountAccountRelation__c} Nothing to delete.
[12:01:24.166] {FinServ__ReciprocalRole__c} Nothing to delete.
[12:01:24.169] {AccountContactRelation} Nothing to delete.
[12:01:24.171] {Contact} Nothing to delete.
[12:01:24.174] {Account} Nothing to delete.
[12:01:24.177] {Organization} Nothing to delete.
[12:01:24.182] {FinServ__ChargesAndFees__c} Nothing to delete.
[12:01:24.185] {Product2} Nothing to delete.
[12:01:24.187] {Individual} Nothing to delete.
[12:01:24.191] {OperatingHours} Nothing to delete.
[12:01:24.193] {RecordType} Nothing to delete.
[12:01:24.198] Deleting old data from the Target was skipped.
[12:01:24.201] Ready to process the data.

[12:01:24.208] RETRIEVING THE DATA STEP 1...
[12:01:24.212] {RecordType} Retrieving the SOURCE data from Org (STEP 1: all records)...
[12:01:24.216] {RecordType} Query string: SELECT Id, DeveloperName, SobjectType  FROM  RecordType WHERE (SobjectType IN ('Contact', 'Account', 'FinServ__FinancialAccount__c')) ORDER BY SobjectType ASC.
[12:01:24.486] {RecordType} Retrieving the SOURCE data has been completed. Fetched 19 new records.
[12:01:24.490] {Account} Retrieving the SOURCE data from Org (STEP 1: all records)...
[12:01:24.493] {Account} Query string: SELECT Id, RecordTypeId, Name, IsPersonAccount, LastName, FirstName, Salutation, MiddleName, Suffix, Type, ParentId, BillingStreet, BillingCity, BillingState, BillingPostalCode, BillingCountry, BillingLatitude, BillingLongitude, BillingGeocodeAccurac... FROM  Account.
[12:01:25.308] {Account} Retrieving the SOURCE data has been completed. Fetched 10 new records.
[12:01:25.318] {FinServ__ReciprocalRole__c} Retrieving the SOURCE data from Org (STEP 1: all records)...
[12:01:25.320] {FinServ__ReciprocalRole__c} Query string: SELECT Id, Name, IsDeleted, CreatedDate, LastModifiedDate, SystemModstamp, LastViewedDate, LastReferencedDate, FinServ__CreateInverseRole__c, FinServ__InverseRelationship__c, FinServ__InverseRole__c, FinServ__RelationshipType__c, FinServ__SourceSyste... FROM  FinServ__ReciprocalRole__c.
[12:01:25.663] {FinServ__ReciprocalRole__c} Retrieving the SOURCE data has been completed. Fetched 16 new records.
[12:01:25.667] {FinServ__AccountAccountRelation__c} Retrieving the SOURCE data from Org (STEP 1: all records)...
[12:01:25.670] {FinServ__AccountAccountRelation__c} Query string: SELECT Id, Name, IsDeleted, CreatedDate, LastModifiedDate, SystemModstamp, FinServ__Account__c, FinServ__Active__c, FinServ__EndDate__c, FinServ__ExternalId__c, FinServ__InverseRelationship__c, FinServ__RelatedAccount__c, FinServ__Role__c, FinServ__S... FROM  FinServ__AccountAccountRelation__c.
[12:01:25.914] {FinServ__AccountAccountRelation__c} Retrieving the SOURCE data has been completed. Fetched 0 new records.
[12:01:25.923] {FinServ__ContactContactRelation__c} Retrieving the SOURCE data from Org (STEP 1: all records)...
[12:01:25.925] {FinServ__ContactContactRelation__c} Query string: SELECT Id, Name, IsDeleted, CreatedDate, LastModifiedDate, SystemModstamp, FinServ__Active__c, FinServ__Contact__c, FinServ__EndDate__c, FinServ__ExternalId__c, FinServ__InverseRelationship__c, FinServ__RelatedContact__c, FinServ__Role__c, FinServ__S... FROM  FinServ__ContactContactRelation__c.
[12:01:26.482] {FinServ__ContactContactRelation__c} Retrieving the SOURCE data has been completed. Fetched 2 new records.
[12:01:26.487] {FinServ__FinancialAccount__c} Retrieving the SOURCE data from Org (STEP 1: all records)...
[12:01:26.488] {FinServ__FinancialAccount__c} Query string: SELECT Id, RecordTypeId, Name, FinServ__Address1__c, FinServ__Address2__c, FinServ__ApplicationDate__c, FinServ__AssetRebalance__c, FinServ__AverageBalance__c, FinServ__Balance__c, FinServ__CashBalance__c, FinServ__City__c, FinServ__CloseDate__c, Fin... FROM  FinServ__FinancialAccount__c.
[12:01:26.938] {FinServ__FinancialAccount__c} Retrieving the SOURCE data has been completed. Fetched 14 new records.
[12:01:26.940] {FinServ__UsePersonAccount__c} Retrieving the SOURCE data from Org (STEP 1: all records)...
[12:01:26.943] {FinServ__UsePersonAccount__c} Query string: SELECT Id, Name, IsDeleted, SetupOwnerId, CreatedDate, LastModifiedDate, SystemModstamp, FinServ__Enable__c, SetupOwner.Name  FROM  FinServ__UsePersonAccount__c.
[12:01:27.149] {FinServ__UsePersonAccount__c} Retrieving the SOURCE data has been completed. Fetched 1 new records.
[12:01:27.162] Retrieving the data STEP 1 has been completed.

[12:01:27.169] RETRIEVING THE DATA STEP 2...
[12:01:27.173] PASS 1
[12:01:27.175] =============
[12:01:27.180] No records

[12:01:27.183] PASS 2
[12:01:27.189] =============
[12:01:27.195] No records

[12:01:27.199] PASS 3
[12:01:27.203] =============
[12:01:27.207] {Organization} Retrieving the SOURCE data from Org (STEP 1: filtered records)...
[12:01:27.209] {Organization} Query string: SELECT Id, Name  FROM  Organization WHERE Id IN ('00D3h00000576pHEAQ').
[12:01:27.390] {Organization} Retrieving the SOURCE data has been completed. Fetched 1 new records.
[12:01:27.393] {Contact} Retrieving the SOURCE data from Org (STEP 1: filtered records)...
[12:01:27.394] {Contact} Query string: SELECT Id, RecordTypeId, Name, IsPersonAccount, AccountId, LastName, FirstName, Salutation, MiddleName, Suffix, OtherStreet, OtherCity, OtherState, OtherPostalCode, OtherCountry, OtherLatitude, OtherLongitude, OtherGeocodeAccuracy, MailingStreet, Mai... FROM  Contact WHERE Id IN ('0033h000008s54yAAA', '0033h000008s551AAA', '0033h000008s552AAA', '0033h000008s550AAA', '0033h000008s54zAAA', '0033h000008s553AAA').
[12:01:27.989] {Contact} Retrieving the SOURCE data has been completed. Fetched 6 new records.

[12:01:27.999] PASS 4
[12:01:28.2] =============
[12:01:28.9] No records

[12:01:28.13] TARGET
[12:01:28.15] =============
[12:01:28.17] No records
[12:01:28.19] Retrieving the data STEP 2 has been completed.

[12:01:28.24] DATA RETRIEVING SUMMARY
[12:01:28.26] {RecordType} Total retrieved within all steps (source/target): 19/0 records.
[12:01:28.27] {Account} Total retrieved within all steps (source/target): 10/0 records.
[12:01:28.30] {FinServ__ReciprocalRole__c} Total retrieved within all steps (source/target): 16/0 records.
[12:01:28.32] {FinServ__AccountAccountRelation__c} Total retrieved within all steps (source/target): 0/0 records.
[12:01:28.34] {FinServ__ContactContactRelation__c} Total retrieved within all steps (source/target): 2/0 records.
[12:01:28.36] {FinServ__FinancialAccount__c} Total retrieved within all steps (source/target): 14/0 records.
[12:01:28.39] {FinServ__UsePersonAccount__c} Total retrieved within all steps (source/target): 1/0 records.
[12:01:28.42] {OperatingHours} Total retrieved within all steps (source/target): 0/0 records.
[12:01:28.44] {Individual} Total retrieved within all steps (source/target): 0/0 records.
[12:01:28.47] {Product2} Total retrieved within all steps (source/target): 0/0 records.
[12:01:28.48] {FinServ__ChargesAndFees__c} Total retrieved within all steps (source/target): 0/0 records.
[12:01:28.50] {Organization} Total retrieved within all steps (source/target): 1/0 records.
[12:01:28.52] {Contact} Total retrieved within all steps (source/target): 6/0 records.
[12:01:28.54] {AccountContactRelation} Total retrieved within all steps (source/target): 0/0 records.

[12:01:28.59] UPDATING THE TARGET STEP 1...
[12:01:28.61] {RecordType} Writing to the file /Users/jrattanpal/workspace/fsc-demo-pack/data/sfdmu/RecordType.csv.
[12:01:28.86] {RecordType} Updating the Target has been completed. Processed 19 records.
[12:01:28.98] {OperatingHours} Writing to the file /Users/jrattanpal/workspace/fsc-demo-pack/data/sfdmu/OperatingHours.csv.
[12:01:28.102] {Individual} Writing to the file /Users/jrattanpal/workspace/fsc-demo-pack/data/sfdmu/Individual.csv.
[12:01:28.108] {Product2} Writing to the file /Users/jrattanpal/workspace/fsc-demo-pack/data/sfdmu/Product2.csv.
[12:01:28.111] {FinServ__ChargesAndFees__c} Writing to the file /Users/jrattanpal/workspace/fsc-demo-pack/data/sfdmu/FinServ__ChargesAndFees__c.csv.
[12:01:28.113] {Organization} Writing to the file /Users/jrattanpal/workspace/fsc-demo-pack/data/sfdmu/Organization.csv.
[12:01:28.118] {Organization} Updating the Target has been completed. Processed 1 records.
[12:01:28.127] {Account} Writing to the file /Users/jrattanpal/workspace/fsc-demo-pack/data/sfdmu/Account.csv.
[12:01:28.134] {Account} Updating the Target has been completed. Processed 10 records.
[12:01:28.136] {Contact} Writing to the file /Users/jrattanpal/workspace/fsc-demo-pack/data/sfdmu/Contact.csv.
[12:01:28.144] {Contact} Updating the Target has been completed. Processed 6 records.
[12:01:28.145] {AccountContactRelation} Writing to the file /Users/jrattanpal/workspace/fsc-demo-pack/data/sfdmu/AccountContactRelation.csv.
[12:01:28.149] {FinServ__ReciprocalRole__c} Writing to the file /Users/jrattanpal/workspace/fsc-demo-pack/data/sfdmu/FinServ__ReciprocalRole__c.csv.
[12:01:28.163] {FinServ__ReciprocalRole__c} Updating the Target has been completed. Processed 16 records.
[12:01:28.166] {FinServ__AccountAccountRelation__c} Writing to the file /Users/jrattanpal/workspace/fsc-demo-pack/data/sfdmu/FinServ__AccountAccountRelation__c.csv.
[12:01:28.168] {FinServ__ContactContactRelation__c} Writing to the file /Users/jrattanpal/workspace/fsc-demo-pack/data/sfdmu/FinServ__ContactContactRelation__c.csv.
[12:01:28.180] {FinServ__ContactContactRelation__c} Updating the Target has been completed. Processed 2 records.
[12:01:28.185] {FinServ__FinancialAccount__c} Writing to the file /Users/jrattanpal/workspace/fsc-demo-pack/data/sfdmu/FinServ__FinancialAccount__c.csv.
[12:01:28.200] {FinServ__FinancialAccount__c} Updating the Target has been completed. Processed 14 records.
[12:01:28.203] {FinServ__UsePersonAccount__c} Writing to the file /Users/jrattanpal/workspace/fsc-demo-pack/data/sfdmu/FinServ__UsePersonAccount__c.csv.
[12:01:28.211] {FinServ__UsePersonAccount__c} Updating the Target has been completed. Processed 1 records.
[12:01:28.212] Updating the Target (STEP 1) has been completed. Total processed 69 records.

[12:01:28.217] UPDATING THE TARGET STEP 2...
[12:01:28.220] Nothing was updated

[12:01:28.228] DATA PROCESSING SUMMARY
[12:01:28.230] {RecordType} Total processed within all steps (Insert + Update): 19 records
[12:01:28.233] {Account} Total processed within all steps (Insert + Update): 10 records
[12:01:28.236] {FinServ__ReciprocalRole__c} Total processed within all steps (Insert + Update): 16 records
[12:01:28.240] {FinServ__AccountAccountRelation__c} Total processed within all steps (Insert + Update): 0 records
[12:01:28.243] {FinServ__ContactContactRelation__c} Total processed within all steps (Insert + Update): 2 records
[12:01:28.245] {FinServ__FinancialAccount__c} Total processed within all steps (Insert + Update): 14 records
[12:01:28.249] {FinServ__UsePersonAccount__c} Total processed within all steps (Insert + Update): 1 records
[12:01:28.251] {OperatingHours} Total processed within all steps (Insert + Update): 0 records
[12:01:28.253] {Individual} Total processed within all steps (Insert + Update): 0 records
[12:01:28.255] {Product2} Total processed within all steps (Insert + Update): 0 records
[12:01:28.258] {FinServ__ChargesAndFees__c} Total processed within all steps (Insert + Update): 0 records
[12:01:28.260] {Organization} Total processed within all steps (Insert + Update): 1 records
[12:01:28.261] {Contact} Total processed within all steps (Insert + Update): 6 records
[12:01:28.263] {AccountContactRelation} Total processed within all steps (Insert + Update): 0 records

[12:01:28.268] Writing to /Users/jrattanpal/workspace/fsc-demo-pack/data/sfdmu/MissingParentRecordsReport.csv...

[12:01:28.278] Command succeeded.
[12:01:28.280] Execution of the command sfdmu:run has been finished. Exit code 0 (SUCCESS).
[12:01:28.282] Total time elapsed: 00h 00m 38s 038ms .