
[12:03:08.310] {"Running version":"3.4.11"}

[12:03:08.904] Connecting to FSCTrialOrg using SFDX CLI...
[12:03:37.5] Successfully connected to FSCTrialOrg.
[12:03:37.24] {"SOURCE":"FSCTrialOrg.","TARGET":"csvfile.","Package script":"/Users/jrattanpal/workspace/fsc-demo-pack/data/sfdmu/export.json."}

[12:03:37.29] GETTING AND ANALYSING OBJECTS METADATA...
[12:03:37.30] Processing the sObject OperatingHours...
[12:03:37.33] Getting metadata for OperatingHours (SOURCE)
[12:03:37.632] Processing the sObject Contact...
[12:03:37.633] Getting metadata for Contact (SOURCE)
[12:03:38.316] Processing the sObject Account...
[12:03:38.317] Getting metadata for Account (SOURCE)
[12:03:39.181] Processing the sObject Lead...
[12:03:39.183] Getting metadata for Lead (SOURCE)
[12:03:39.629] Processing the sObject AccountContactRelation...
[12:03:39.631] Getting metadata for AccountContactRelation (SOURCE)
[12:03:39.841] Processing the sObject FinServ__AccountAccountRelation__c...
[12:03:39.844] Getting metadata for FinServ__AccountAccountRelation__c (SOURCE)
[12:03:40.123] Processing the sObject FinServ__ReciprocalRole__c...
[12:03:40.124] Getting metadata for FinServ__ReciprocalRole__c (SOURCE)
[12:03:40.526] Processing the sObject FinServ__ContactContactRelation__c...
[12:03:40.529] Getting metadata for FinServ__ContactContactRelation__c (SOURCE)
[12:03:40.829] Processing the sObject Location...
[12:03:40.831] Getting metadata for Location (SOURCE)
[12:03:41.122] Processing the sObject BusinessMilestone...
[12:03:41.125] Getting metadata for BusinessMilestone (SOURCE)
[12:03:41.431] Processing the sObject Case...
[12:03:41.432] Getting metadata for Case (SOURCE)
[12:03:41.784] Processing the sObject FinServ__ChargesAndFees__c...
[12:03:41.787] Getting metadata for FinServ__ChargesAndFees__c (SOURCE)
[12:03:42.223] Processing the sObject FinServ__Securities__c...
[12:03:42.224] Getting metadata for FinServ__Securities__c (SOURCE)
[12:03:42.657] Processing the sObject FinServ__FinancialGoal__c...
[12:03:42.659] Getting metadata for FinServ__FinancialGoal__c (SOURCE)
[12:03:42.993] Processing the sObject FinServ__IdentificationDocument__c...
[12:03:42.996] Getting metadata for FinServ__IdentificationDocument__c (SOURCE)
[12:03:43.349] Processing the sObject FinServ__FinancialAccount__c...
[12:03:43.351] Getting metadata for FinServ__FinancialAccount__c (SOURCE)
[12:03:43.764] Processing the sObject FinServ__Education__c...
[12:03:43.766] Getting metadata for FinServ__Education__c (SOURCE)
[12:03:44.21] Processing the sObject FinServ__FinancialHolding__c...
[12:03:44.23] Getting metadata for FinServ__FinancialHolding__c (SOURCE)
[12:03:44.390] Processing the sObject FinServ__FinancialAccountRole__c...
[12:03:44.392] Getting metadata for FinServ__FinancialAccountRole__c (SOURCE)
[12:03:44.646] Processing the sObject FinServ__BillingStatement__c...
[12:03:44.648] Getting metadata for FinServ__BillingStatement__c (SOURCE)
[12:03:45.129] Processing the sObject FinServ__Employment__c...
[12:03:45.131] Getting metadata for FinServ__Employment__c (SOURCE)
[12:03:45.534] Processing the sObject FinServ__AssetsAndLiabilities__c...
[12:03:45.537] Getting metadata for FinServ__AssetsAndLiabilities__c (SOURCE)
[12:03:45.891] Processing the sObject FinServ__Card__c...
[12:03:45.893] Getting metadata for FinServ__Card__c (SOURCE)
[12:03:46.131] Processing the sObject FinServ__Alert__c...
[12:03:46.134] Getting metadata for FinServ__Alert__c (SOURCE)
[12:03:46.792] Processing the sObject FinServ__LifeEvent__c...
[12:03:46.794] Getting metadata for FinServ__LifeEvent__c (SOURCE)
[12:03:47.76] Processing the sObject FinServ__Revenue__c...
[12:03:47.79] Getting metadata for FinServ__Revenue__c (SOURCE)
[12:03:47.358] Processing the sObject FinServ__FinancialAccountTransaction__c...
[12:03:47.362] Getting metadata for FinServ__FinancialAccountTransaction__c (SOURCE)
[12:03:48.83] Processing the sObject FinServ__PolicyPaymentMethod__c...
[12:03:48.85] Getting metadata for FinServ__PolicyPaymentMethod__c (SOURCE)
[12:03:48.438] Processing the sObject FinServ__UsePersonAccount__c...
[12:03:48.439] Getting metadata for FinServ__UsePersonAccount__c (SOURCE)
[12:03:48.778] Processing the sObject FinServ__UsePersonAccount__c...
[12:03:48.782] Getting metadata for Organization (SOURCE)
[12:03:49.248] Processing the sObject FinServ__PolicyPaymentMethod__c...
[12:03:49.251] Getting metadata for InsurancePolicy (SOURCE)
[12:03:49.636] Processing the sObject FinServ__FinancialAccountTransaction__c...
[12:03:49.639] Processing the sObject FinServ__Revenue__c...
[12:03:49.642] Processing the sObject FinServ__LifeEvent__c...
[12:03:49.645] Processing the sObject FinServ__Alert__c...
[12:03:49.647] Processing the sObject FinServ__Card__c...
[12:03:49.650] Processing the sObject FinServ__AssetsAndLiabilities__c...
[12:03:49.654] Processing the sObject FinServ__Employment__c...
[12:03:49.658] Processing the sObject FinServ__BillingStatement__c...
[12:03:49.663] Processing the sObject FinServ__FinancialAccountRole__c...
[12:03:49.665] Processing the sObject FinServ__FinancialHolding__c...
[12:03:49.669] Processing the sObject FinServ__Education__c...
[12:03:49.670] Processing the sObject FinServ__FinancialAccount__c...
[12:03:49.681] Getting metadata for Product2 (SOURCE)
[12:03:50.355] Processing the sObject FinServ__IdentificationDocument__c...
[12:03:50.359] Processing the sObject FinServ__FinancialGoal__c...
[12:03:50.362] Processing the sObject FinServ__Securities__c...
[12:03:50.365] Processing the sObject FinServ__ChargesAndFees__c...
[12:03:50.369] Processing the sObject Case...
[12:03:50.373] Processing the sObject BusinessMilestone...
[12:03:50.375] Processing the sObject Location...
[12:03:50.377] Processing the sObject FinServ__ContactContactRelation__c...
[12:03:50.382] Processing the sObject FinServ__ReciprocalRole__c...
[12:03:50.384] Processing the sObject FinServ__AccountAccountRelation__c...
[12:03:50.388] Processing the sObject AccountContactRelation...
[12:03:50.393] Processing the sObject Lead...
[12:03:50.402] Getting metadata for Individual (SOURCE)
[12:03:50.864] Processing the sObject Account...
[12:03:50.903] Processing the sObject Contact...
[12:03:50.918] Processing the sObject OperatingHours...

[12:03:50.937] PREPARING DATA MIGRATION JOB...
[12:03:50.940] Building migration strategy...
[12:03:54.887] {"Order of objects to retrieve data":"OperatingHours; Contact; Account; Lead; AccountContactRelation; FinServ__ReciprocalRole__c; FinServ__AccountAccountRelation__c; FinServ__ContactContactRelation__c; Location; BusinessMilestone; FinServ__ChargesAndFees__c; FinServ__FinancialAccount__c; Case; FinServ__Securities__c; FinServ__FinancialGoal__c; FinServ__IdentificationDocument__c; FinServ__Education__c; FinServ__FinancialHolding__c; FinServ__FinancialAccountRole__c; FinServ__BillingStatement__c; FinServ__Employment__c; FinServ__AssetsAndLiabilities__c; FinServ__Card__c; FinServ__Alert__c; FinServ__LifeEvent__c; FinServ__Revenue__c; FinServ__FinancialAccountTransaction__c; FinServ__PolicyPaymentMethod__c; FinServ__UsePersonAccount__c; Individual; Product2; InsurancePolicy; Organization"}
[12:03:54.892] {"Order of objects to update data":"Individual; Product2; InsurancePolicy; Organization; OperatingHours; Contact; Account; Lead; AccountContactRelation; FinServ__ReciprocalRole__c; FinServ__AccountAccountRelation__c; FinServ__ContactContactRelation__c; Location; BusinessMilestone; FinServ__ChargesAndFees__c; FinServ__FinancialAccount__c; Case; FinServ__Securities__c; FinServ__FinancialGoal__c; FinServ__IdentificationDocument__c; FinServ__Education__c; FinServ__FinancialHolding__c; FinServ__FinancialAccountRole__c; FinServ__BillingStatement__c; FinServ__Employment__c; FinServ__AssetsAndLiabilities__c; FinServ__Card__c; FinServ__Alert__c; FinServ__LifeEvent__c; FinServ__Revenue__c; FinServ__FinancialAccountTransaction__c; FinServ__PolicyPaymentMethod__c; FinServ__UsePersonAccount__c"}
[12:03:54.915] Preparing has been finished.

[12:03:54.920] GETTING THE TOTAL AMOUNT OF RECORDS LIMITED BY THE OBJECT'S SOQL QUERY...
[12:03:55.267] {Individual} Total amount of the SOURCE records: 0
[12:03:55.490] {Product2} Total amount of the SOURCE records: 6
[12:03:55.728] {InsurancePolicy} Total amount of the SOURCE records: 26
[12:03:55.975] {Organization} Total amount of the SOURCE records: 1
[12:03:56.184] {OperatingHours} Total amount of the SOURCE records: 3
[12:03:56.394] {Contact} Total amount of the SOURCE records: 7
[12:03:56.586] {Account} Total amount of the SOURCE records: 10
[12:03:56.817] {Lead} Total amount of the SOURCE records: 9
[12:03:57.42] {AccountContactRelation} Total amount of the SOURCE records: 7
[12:03:57.226] {FinServ__ReciprocalRole__c} Total amount of the SOURCE records: 16
[12:03:57.404] {FinServ__AccountAccountRelation__c} Total amount of the SOURCE records: 0
[12:03:57.578] {FinServ__ContactContactRelation__c} Total amount of the SOURCE records: 2
[12:03:57.777] {Location} Total amount of the SOURCE records: 0
[12:03:57.951] {BusinessMilestone} Total amount of the SOURCE records: 10
[12:03:58.132] {FinServ__ChargesAndFees__c} Total amount of the SOURCE records: 0
[12:03:58.409] {FinServ__FinancialAccount__c} Total amount of the SOURCE records: 14
[12:03:58.811] {Case} Total amount of the SOURCE records: 4
[12:03:59.45] {FinServ__Securities__c} Total amount of the SOURCE records: 2
[12:03:59.297] {FinServ__FinancialGoal__c} Total amount of the SOURCE records: 4
[12:03:59.457] {FinServ__IdentificationDocument__c} Total amount of the SOURCE records: 0
[12:03:59.652] {FinServ__Education__c} Total amount of the SOURCE records: 0
[12:03:59.819] {FinServ__FinancialHolding__c} Total amount of the SOURCE records: 2
[12:04:00.3] {FinServ__FinancialAccountRole__c} Total amount of the SOURCE records: 18
[12:04:00.188] {FinServ__BillingStatement__c} Total amount of the SOURCE records: 0
[12:04:00.432] {FinServ__Employment__c} Total amount of the SOURCE records: 0
[12:04:00.600] {FinServ__AssetsAndLiabilities__c} Total amount of the SOURCE records: 2
[12:04:01.101] {FinServ__Card__c} Total amount of the SOURCE records: 0
[12:04:01.502] {FinServ__Alert__c} Total amount of the SOURCE records: 0
[12:04:01.819] {FinServ__LifeEvent__c} Total amount of the SOURCE records: 0
[12:04:02.1] {FinServ__Revenue__c} Total amount of the SOURCE records: 4
[12:04:02.183] {FinServ__FinancialAccountTransaction__c} Total amount of the SOURCE records: 0
[12:04:02.398] {FinServ__PolicyPaymentMethod__c} Total amount of the SOURCE records: 0
[12:04:02.575] {FinServ__UsePersonAccount__c} Total amount of the SOURCE records: 1

[12:04:02.581] DELETING OLD DATA FROM THE TARGET...
[12:04:02.584] {FinServ__UsePersonAccount__c} Nothing to delete.
[12:04:02.588] {FinServ__PolicyPaymentMethod__c} Nothing to delete.
[12:04:02.590] {FinServ__FinancialAccountTransaction__c} Nothing to delete.
[12:04:02.592] {FinServ__Revenue__c} Nothing to delete.
[12:04:02.593] {FinServ__LifeEvent__c} Nothing to delete.
[12:04:02.595] {FinServ__Alert__c} Nothing to delete.
[12:04:02.598] {FinServ__Card__c} Nothing to delete.
[12:04:02.600] {FinServ__AssetsAndLiabilities__c} Nothing to delete.
[12:04:02.602] {FinServ__Employment__c} Nothing to delete.
[12:04:02.604] {FinServ__BillingStatement__c} Nothing to delete.
[12:04:02.606] {FinServ__FinancialAccountRole__c} Nothing to delete.
[12:04:02.607] {FinServ__FinancialHolding__c} Nothing to delete.
[12:04:02.609] {FinServ__Education__c} Nothing to delete.
[12:04:02.612] {FinServ__IdentificationDocument__c} Nothing to delete.
[12:04:02.614] {FinServ__FinancialGoal__c} Nothing to delete.
[12:04:02.616] {FinServ__Securities__c} Nothing to delete.
[12:04:02.618] {Case} Nothing to delete.
[12:04:02.619] {FinServ__FinancialAccount__c} Nothing to delete.
[12:04:02.621] {FinServ__ChargesAndFees__c} Nothing to delete.
[12:04:02.623] {BusinessMilestone} Nothing to delete.
[12:04:02.624] {Location} Nothing to delete.
[12:04:02.626] {FinServ__ContactContactRelation__c} Nothing to delete.
[12:04:02.627] {FinServ__AccountAccountRelation__c} Nothing to delete.
[12:04:02.629] {FinServ__ReciprocalRole__c} Nothing to delete.
[12:04:02.631] {AccountContactRelation} Nothing to delete.
[12:04:02.632] {Lead} Nothing to delete.
[12:04:02.634] {Account} Nothing to delete.
[12:04:02.636] {Contact} Nothing to delete.
[12:04:02.637] {OperatingHours} Nothing to delete.
[12:04:02.639] {Organization} Nothing to delete.
[12:04:02.641] {InsurancePolicy} Nothing to delete.
[12:04:02.643] {Product2} Nothing to delete.
[12:04:02.646] {Individual} Nothing to delete.
[12:04:02.648] Deleting old data from the Target was skipped.
[12:04:02.650] Ready to process the data.

[12:04:02.655] RETRIEVING THE DATA STEP 1...
[12:04:02.658] {OperatingHours} Retrieving the SOURCE data from Org (STEP 1: all records)...
[12:04:02.660] {OperatingHours} Query string: SELECT Id, TimeZone, Name, Description  FROM  OperatingHours.
[12:04:02.865] {OperatingHours} Retrieving the SOURCE data has been completed. Fetched 3 new records.
[12:04:02.868] {Contact} Retrieving the SOURCE data from Org (STEP 1: all records)...
[12:04:02.870] {Contact} Query string: SELECT Id, Name, IsPersonAccount, AccountId, IsDeleted, MasterRecordId, LastName, FirstName, Salutation, MiddleName, Suffix, OtherStreet, OtherCity, OtherState, OtherPostalCode, OtherCountry, OtherLatitude, OtherLongitude, OtherGeocodeAccuracy, Other... FROM  Contact.
[12:04:03.414] {Contact} Retrieving the SOURCE data has been completed. Fetched 7 new records.
[12:04:03.416] {Account} Retrieving the SOURCE data from Org (STEP 1: all records)...
[12:04:03.418] {Account} Query string: SELECT Id, Name, IsPersonAccount, IsDeleted, MasterRecordId, LastName, FirstName, Salutation, MiddleName, Suffix, Type, ParentId, BillingStreet, BillingCity, BillingState, BillingPostalCode, BillingCountry, BillingLatitude, BillingLongitude, BillingG... FROM  Account.
[12:04:03.947] {Account} Retrieving the SOURCE data has been completed. Fetched 10 new records.
[12:04:03.949] {Lead} Retrieving the SOURCE data from Org (STEP 1: all records)...
[12:04:03.950] {Lead} Query string: SELECT Id, Name, IsDeleted, MasterRecordId, LastName, FirstName, Salutation, MiddleName, Suffix, Title, Company, Street, City, State, PostalCode, Country, Latitude, Longitude, GeocodeAccuracy, Address, Phone, MobilePhone, Fax, Email, Website, PhotoUr... FROM  Lead.
[12:04:04.349] {Lead} Retrieving the SOURCE data has been completed. Fetched 9 new records.
[12:04:04.351] {AccountContactRelation} Retrieving the SOURCE data from Org (STEP 1: all records)...
[12:04:04.352] {AccountContactRelation} Query string: SELECT Id, AccountId, ContactId, Roles, IsDirect, IsActive, StartDate, EndDate, IsDeleted, CreatedDate, LastModifiedDate, SystemModstamp, FinServ__Primary__c, FinServ__Rollups__c, FinServ__SourceSystemId__c, FinServ__IncludeInGroup__c, FinServ__Prima... FROM  AccountContactRelation.
[12:04:04.643] {AccountContactRelation} Retrieving the SOURCE data has been completed. Fetched 7 new records.
[12:04:04.645] {FinServ__ReciprocalRole__c} Retrieving the SOURCE data from Org (STEP 1: all records)...
[12:04:04.647] {FinServ__ReciprocalRole__c} Query string: SELECT Id, Name, IsDeleted, CreatedDate, LastModifiedDate, SystemModstamp, LastViewedDate, LastReferencedDate, FinServ__CreateInverseRole__c, FinServ__InverseRelationship__c, FinServ__InverseRole__c, FinServ__RelationshipType__c, FinServ__SourceSyste... FROM  FinServ__ReciprocalRole__c.
[12:04:04.923] {FinServ__ReciprocalRole__c} Retrieving the SOURCE data has been completed. Fetched 16 new records.
[12:04:04.925] {FinServ__AccountAccountRelation__c} Retrieving the SOURCE data from Org (STEP 1: all records)...
[12:04:04.926] {FinServ__AccountAccountRelation__c} Query string: SELECT Id, Name, IsDeleted, CreatedDate, LastModifiedDate, SystemModstamp, FinServ__Account__c, FinServ__Active__c, FinServ__EndDate__c, FinServ__ExternalId__c, FinServ__InverseRelationship__c, FinServ__RelatedAccount__c, FinServ__Role__c, FinServ__S... FROM  FinServ__AccountAccountRelation__c.
[12:04:05.152] {FinServ__AccountAccountRelation__c} Retrieving the SOURCE data has been completed. Fetched 0 new records.
[12:04:05.155] {FinServ__ContactContactRelation__c} Retrieving the SOURCE data from Org (STEP 1: all records)...
[12:04:05.158] {FinServ__ContactContactRelation__c} Query string: SELECT Id, Name, IsDeleted, CreatedDate, LastModifiedDate, SystemModstamp, FinServ__Active__c, FinServ__Contact__c, FinServ__EndDate__c, FinServ__ExternalId__c, FinServ__InverseRelationship__c, FinServ__RelatedContact__c, FinServ__Role__c, FinServ__S... FROM  FinServ__ContactContactRelation__c.
[12:04:05.407] {FinServ__ContactContactRelation__c} Retrieving the SOURCE data has been completed. Fetched 2 new records.
[12:04:05.427] {Location} Retrieving the SOURCE data from Org (STEP 1: all records)...
[12:04:05.430] {Location} Query string: SELECT Id, Name, IsDeleted, CreatedDate, LastModifiedDate, SystemModstamp, LastViewedDate, LastReferencedDate, LocationType, IsMobile, IsInventoryLocation, RootLocationId  FROM  Location.
[12:04:05.630] {Location} Retrieving the SOURCE data has been completed. Fetched 0 new records.
[12:04:05.633] {BusinessMilestone} Retrieving the SOURCE data from Org (STEP 1: all records)...
[12:04:05.636] {BusinessMilestone} Query string: SELECT Id, Name, IsDeleted, CreatedDate, LastModifiedDate, SystemModstamp, LastViewedDate, LastReferencedDate, PrimaryAccountId, MilestoneDate, IsTentative, MilestoneType, SourceSystemIdentifier, SourceSystem, MilestoneSiteId, MilestoneDescription, I... FROM  BusinessMilestone.
[12:04:05.899] {BusinessMilestone} Retrieving the SOURCE data has been completed. Fetched 10 new records.
[12:04:05.900] {FinServ__ChargesAndFees__c} Retrieving the SOURCE data from Org (STEP 1: all records)...
[12:04:05.901] {FinServ__ChargesAndFees__c} Query string: SELECT Id, Name, IsDeleted, CreatedDate, LastModifiedDate, SystemModstamp, LastViewedDate, LastReferencedDate, FinServ__APRType__c, FinServ__APR__c, FinServ__ATMFee__c, FinServ__AnnualAccountCharge__c, FinServ__AnnualMembershipFee__c, FinServ__Balanc... FROM  FinServ__ChargesAndFees__c.
[12:04:06.113] {FinServ__ChargesAndFees__c} Retrieving the SOURCE data has been completed. Fetched 0 new records.
[12:04:06.117] {FinServ__FinancialAccount__c} Retrieving the SOURCE data from Org (STEP 1: all records)...
[12:04:06.120] {FinServ__FinancialAccount__c} Query string: SELECT Id, Name, IsDeleted, CreatedDate, LastModifiedDate, SystemModstamp, LastActivityDate, LastViewedDate, LastReferencedDate, FinServ__Address1__c, FinServ__Address2__c, FinServ__ApplicationDate__c, FinServ__AssetRebalance__c, FinServ__AverageBala... FROM  FinServ__FinancialAccount__c.
[12:04:06.565] {FinServ__FinancialAccount__c} Retrieving the SOURCE data has been completed. Fetched 14 new records.
[12:04:06.568] {Case} Retrieving the SOURCE data from Org (STEP 1: all records)...
[12:04:06.569] {Case} Query string: SELECT Id, Subject, IsDeleted, MasterRecordId, CaseNumber, ContactId, AccountId, SourceId, ParentId, SuppliedName, SuppliedEmail, SuppliedPhone, SuppliedCompany, Type, Status, Reason, Origin, Priority, Description, IsClosed, ClosedDate, IsEscalated, ... FROM  Case.
[12:04:06.807] {Case} Retrieving the SOURCE data has been completed. Fetched 4 new records.
[12:04:06.809] {FinServ__Securities__c} Retrieving the SOURCE data from Org (STEP 1: all records)...
[12:04:06.811] {FinServ__Securities__c} Query string: SELECT Id, Name, IsDeleted, CreatedDate, LastModifiedDate, SystemModstamp, LastViewedDate, LastReferencedDate, FinServ__CUSIP__c, FinServ__Exchange__c, FinServ__LastUpdated__c, FinServ__Price__c, FinServ__SecuritiesName__c, FinServ__SecurityId__c, Fi... FROM  FinServ__Securities__c.
[12:04:07.13] {FinServ__Securities__c} Retrieving the SOURCE data has been completed. Fetched 2 new records.
[12:04:07.14] {FinServ__FinancialGoal__c} Retrieving the SOURCE data from Org (STEP 1: all records)...
[12:04:07.16] {FinServ__FinancialGoal__c} Query string: SELECT Id, Name, IsDeleted, CreatedDate, LastModifiedDate, SystemModstamp, LastActivityDate, LastViewedDate, LastReferencedDate, FinServ__ActualValue__c, FinServ__CompletionDate__c, FinServ__Description__c, FinServ__Household__c, FinServ__InitialValu... FROM  FinServ__FinancialGoal__c.
[12:04:07.273] {FinServ__FinancialGoal__c} Retrieving the SOURCE data has been completed. Fetched 4 new records.
[12:04:07.276] {FinServ__IdentificationDocument__c} Retrieving the SOURCE data from Org (STEP 1: all records)...
[12:04:07.278] {FinServ__IdentificationDocument__c} Query string: SELECT Id, Name, IsDeleted, CreatedDate, LastModifiedDate, SystemModstamp, LastViewedDate, LastReferencedDate, FinServ__Account__c, FinServ__DocumentNumber__c, FinServ__DocumentType__c, FinServ__ExpirationDate__c, FinServ__IssueDate__c, FinServ__Issu... FROM  FinServ__IdentificationDocument__c.
[12:04:07.472] {FinServ__IdentificationDocument__c} Retrieving the SOURCE data has been completed. Fetched 0 new records.
[12:04:07.474] {FinServ__Education__c} Retrieving the SOURCE data from Org (STEP 1: all records)...
[12:04:07.476] {FinServ__Education__c} Query string: SELECT Id, Name, IsDeleted, CreatedDate, LastModifiedDate, SystemModstamp, LastViewedDate, LastReferencedDate, FinServ__Contact__c, FinServ__EducationLevel__c, FinServ__GraduationDate__c, FinServ__Institution__c, FinServ__SourceSystemId__c, FinServ__... FROM  FinServ__Education__c.
[12:04:07.685] {FinServ__Education__c} Retrieving the SOURCE data has been completed. Fetched 0 new records.
[12:04:07.688] {FinServ__FinancialHolding__c} Retrieving the SOURCE data from Org (STEP 1: all records)...
[12:04:07.691] {FinServ__FinancialHolding__c} Query string: SELECT Id, Name, IsDeleted, CreatedDate, LastModifiedDate, SystemModstamp, LastActivityDate, LastViewedDate, LastReferencedDate, FinServ__FinancialAccount__c, FinServ__AssetCategoryName__c, FinServ__AssetCategory__c, FinServ__AssetClass__c, FinServ__... FROM  FinServ__FinancialHolding__c.
[12:04:07.975] {FinServ__FinancialHolding__c} Retrieving the SOURCE data has been completed. Fetched 2 new records.
[12:04:07.978] {FinServ__FinancialAccountRole__c} Retrieving the SOURCE data from Org (STEP 1: all records)...
[12:04:07.981] {FinServ__FinancialAccountRole__c} Query string: SELECT Id, Name, IsDeleted, CreatedDate, LastModifiedDate, SystemModstamp, FinServ__FinancialAccount__c, FinServ__Active__c, FinServ__Editable__c, FinServ__EndDate__c, FinServ__RelatedAccount__c, FinServ__RelatedContact__c, FinServ__Role__c, FinServ_... FROM  FinServ__FinancialAccountRole__c.
[12:04:08.260] {FinServ__FinancialAccountRole__c} Retrieving the SOURCE data has been completed. Fetched 18 new records.
[12:04:08.263] {FinServ__BillingStatement__c} Retrieving the SOURCE data from Org (STEP 1: all records)...
[12:04:08.266] {FinServ__BillingStatement__c} Query string: SELECT Id, Name, IsDeleted, CreatedDate, LastModifiedDate, SystemModstamp, FinServ__FinancialAccount__c, FinServ__BalanceTransfers__c, FinServ__BillingPeriodEnd__c, FinServ__BillingPeriodStart__c, FinServ__CashAdvances__c, FinServ__Deposits__c, FinSe... FROM  FinServ__BillingStatement__c.
[12:04:08.492] {FinServ__BillingStatement__c} Retrieving the SOURCE data has been completed. Fetched 0 new records.
[12:04:08.495] {FinServ__Employment__c} Retrieving the SOURCE data from Org (STEP 1: all records)...
[12:04:08.498] {FinServ__Employment__c} Query string: SELECT Id, Name, IsDeleted, CreatedDate, LastModifiedDate, SystemModstamp, LastViewedDate, LastReferencedDate, FinServ__AnnualIncome__c, FinServ__Contact__c, FinServ__EmployerAddress__c, FinServ__EmployerPhoneNumber__c, FinServ__EmploymentStatus__c, ... FROM  FinServ__Employment__c.
[12:04:09.33] {FinServ__Employment__c} Retrieving the SOURCE data has been completed. Fetched 0 new records.
[12:04:09.36] {FinServ__AssetsAndLiabilities__c} Retrieving the SOURCE data from Org (STEP 1: all records)...
[12:04:09.40] {FinServ__AssetsAndLiabilities__c} Query string: SELECT Id, Name, IsDeleted, CreatedDate, LastModifiedDate, SystemModstamp, LastActivityDate, LastViewedDate, LastReferencedDate, FinServ__Amount__c, FinServ__AssetsAndLiabilitiesSource__c, FinServ__AssetsAndLiabilitiesType__c, FinServ__Description__c... FROM  FinServ__AssetsAndLiabilities__c.
[12:04:09.425] {FinServ__AssetsAndLiabilities__c} Retrieving the SOURCE data has been completed. Fetched 2 new records.
[12:04:09.427] {FinServ__Card__c} Retrieving the SOURCE data from Org (STEP 1: all records)...
[12:04:09.429] {FinServ__Card__c} Query string: SELECT Id, Name, IsDeleted, CreatedDate, LastModifiedDate, SystemModstamp, LastActivityDate, FinServ__FinancialAccount__c, FinServ__AccountHolder__c, FinServ__Active__c, FinServ__BinNumber__c, FinServ__OwnershipType__c, FinServ__SourceSystemId__c, Fi... FROM  FinServ__Card__c.
[12:04:09.719] {FinServ__Card__c} Retrieving the SOURCE data has been completed. Fetched 0 new records.
[12:04:09.723] {FinServ__Alert__c} Retrieving the SOURCE data from Org (STEP 1: all records)...
[12:04:09.726] {FinServ__Alert__c} Query string: SELECT Id, Name, IsDeleted, CreatedDate, LastModifiedDate, SystemModstamp, LastViewedDate, LastReferencedDate, FinServ__Account__c, FinServ__Active__c, FinServ__FinancialAccount__c, FinServ__MessageDescription__c, FinServ__Message__c, FinServ__Priori... FROM  FinServ__Alert__c.
[12:04:09.949] {FinServ__Alert__c} Retrieving the SOURCE data has been completed. Fetched 0 new records.
[12:04:09.952] {FinServ__LifeEvent__c} Retrieving the SOURCE data from Org (STEP 1: all records)...
[12:04:09.956] {FinServ__LifeEvent__c} Query string: SELECT Id, Name, IsDeleted, CreatedDate, LastModifiedDate, SystemModstamp, FinServ__Client__c, FinServ__DiscussionNote__c, FinServ__EventDate__c, FinServ__EventType__c, FinServ__FinancialGoal__c, FinServ__GoalType__c, FinServ__SourceSystemId__c, FinS... FROM  FinServ__LifeEvent__c.
[12:04:10.162] {FinServ__LifeEvent__c} Retrieving the SOURCE data has been completed. Fetched 0 new records.
[12:04:10.165] {FinServ__Revenue__c} Retrieving the SOURCE data from Org (STEP 1: all records)...
[12:04:10.168] {FinServ__Revenue__c} Query string: SELECT Id, Name, IsDeleted, CreatedDate, LastModifiedDate, SystemModstamp, LastViewedDate, LastReferencedDate, FinServ__Account__c, FinServ__Amount__c, FinServ__Date__c, FinServ__FinancialAccount__c, FinServ__SourceSystemId__c, FinServ__SubType__c, F... FROM  FinServ__Revenue__c.
[12:04:10.409] {FinServ__Revenue__c} Retrieving the SOURCE data has been completed. Fetched 4 new records.
[12:04:10.411] {FinServ__FinancialAccountTransaction__c} Retrieving the SOURCE data from Org (STEP 1: all records)...
[12:04:10.414] {FinServ__FinancialAccountTransaction__c} Query string: SELECT Id, Name, IsDeleted, CreatedDate, LastModifiedDate, SystemModstamp, LastViewedDate, LastReferencedDate, FinServ__Amount__c, FinServ__BillingStatements__c, FinServ__CardAccountID__c, FinServ__Description__c, FinServ__FinancialAccount__c, FinSer... FROM  FinServ__FinancialAccountTransaction__c.
[12:04:10.693] {FinServ__FinancialAccountTransaction__c} Retrieving the SOURCE data has been completed. Fetched 0 new records.
[12:04:10.696] {FinServ__PolicyPaymentMethod__c} Retrieving the SOURCE data from Org (STEP 1: all records)...
[12:04:10.698] {FinServ__PolicyPaymentMethod__c} Query string: SELECT Id, Name, IsDeleted, CreatedDate, LastModifiedDate, SystemModstamp, FinServ__FinancialAccount__c, FinServ__InsurancePolicy__c, FinServ__FinancialAccount__r.Name, FinServ__InsurancePolicy__r.Name  FROM  FinServ__PolicyPaymentMethod__c.
[12:04:10.915] {FinServ__PolicyPaymentMethod__c} Retrieving the SOURCE data has been completed. Fetched 0 new records.
[12:04:10.916] {FinServ__UsePersonAccount__c} Retrieving the SOURCE data from Org (STEP 1: all records)...
[12:04:10.918] {FinServ__UsePersonAccount__c} Query string: SELECT Id, Name, IsDeleted, SetupOwnerId, CreatedDate, LastModifiedDate, SystemModstamp, FinServ__Enable__c, SetupOwner.Name  FROM  FinServ__UsePersonAccount__c.
[12:04:11.169] {FinServ__UsePersonAccount__c} Retrieving the SOURCE data has been completed. Fetched 1 new records.
[12:04:11.174] Retrieving the data STEP 1 has been completed.

[12:04:11.179] RETRIEVING THE DATA STEP 2...
[12:04:11.180] PASS 1
[12:04:11.182] =============
[12:04:11.184] No records

[12:04:11.187] PASS 2
[12:04:11.188] =============
[12:04:11.190] No records

[12:04:11.194] PASS 3
[12:04:11.195] =============
[12:04:11.199] {Organization} Retrieving the SOURCE data from Org (STEP 1: filtered records)...
[12:04:11.201] {Organization} Query string: SELECT Id, Name  FROM  Organization WHERE Id IN ('00D3h000003U7CNEA0').
[12:04:11.464] {Organization} Retrieving the SOURCE data has been completed. Fetched 1 new records.

[12:04:11.468] PASS 4
[12:04:11.470] =============
[12:04:11.472] No records

[12:04:11.476] TARGET
[12:04:11.478] =============
[12:04:11.480] No records
[12:04:11.482] Retrieving the data STEP 2 has been completed.

[12:04:11.487] DATA RETRIEVING SUMMARY
[12:04:11.491] {OperatingHours} Total retrieved within all steps (source/target): 3/0 records.
[12:04:11.496] {Contact} Total retrieved within all steps (source/target): 7/0 records.
[12:04:11.498] {Account} Total retrieved within all steps (source/target): 10/0 records.
[12:04:11.502] {Lead} Total retrieved within all steps (source/target): 9/0 records.
[12:04:11.505] {AccountContactRelation} Total retrieved within all steps (source/target): 7/0 records.
[12:04:11.515] {FinServ__ReciprocalRole__c} Total retrieved within all steps (source/target): 16/0 records.
[12:04:11.519] {FinServ__AccountAccountRelation__c} Total retrieved within all steps (source/target): 0/0 records.
[12:04:11.522] {FinServ__ContactContactRelation__c} Total retrieved within all steps (source/target): 2/0 records.
[12:04:11.527] {Location} Total retrieved within all steps (source/target): 0/0 records.
[12:04:11.529] {BusinessMilestone} Total retrieved within all steps (source/target): 10/0 records.
[12:04:11.530] {FinServ__ChargesAndFees__c} Total retrieved within all steps (source/target): 0/0 records.
[12:04:11.532] {FinServ__FinancialAccount__c} Total retrieved within all steps (source/target): 14/0 records.
[12:04:11.536] {Case} Total retrieved within all steps (source/target): 4/0 records.
[12:04:11.537] {FinServ__Securities__c} Total retrieved within all steps (source/target): 2/0 records.
[12:04:11.539] {FinServ__FinancialGoal__c} Total retrieved within all steps (source/target): 4/0 records.
[12:04:11.540] {FinServ__IdentificationDocument__c} Total retrieved within all steps (source/target): 0/0 records.
[12:04:11.543] {FinServ__Education__c} Total retrieved within all steps (source/target): 0/0 records.
[12:04:11.545] {FinServ__FinancialHolding__c} Total retrieved within all steps (source/target): 2/0 records.
[12:04:11.547] {FinServ__FinancialAccountRole__c} Total retrieved within all steps (source/target): 18/0 records.
[12:04:11.552] {FinServ__BillingStatement__c} Total retrieved within all steps (source/target): 0/0 records.
[12:04:11.555] {FinServ__Employment__c} Total retrieved within all steps (source/target): 0/0 records.
[12:04:11.556] {FinServ__AssetsAndLiabilities__c} Total retrieved within all steps (source/target): 2/0 records.
[12:04:11.558] {FinServ__Card__c} Total retrieved within all steps (source/target): 0/0 records.
[12:04:11.560] {FinServ__Alert__c} Total retrieved within all steps (source/target): 0/0 records.
[12:04:11.563] {FinServ__LifeEvent__c} Total retrieved within all steps (source/target): 0/0 records.
[12:04:11.565] {FinServ__Revenue__c} Total retrieved within all steps (source/target): 4/0 records.
[12:04:11.568] {FinServ__FinancialAccountTransaction__c} Total retrieved within all steps (source/target): 0/0 records.
[12:04:11.570] {FinServ__PolicyPaymentMethod__c} Total retrieved within all steps (source/target): 0/0 records.
[12:04:11.572] {FinServ__UsePersonAccount__c} Total retrieved within all steps (source/target): 1/0 records.
[12:04:11.574] {Individual} Total retrieved within all steps (source/target): 0/0 records.
[12:04:11.577] {Product2} Total retrieved within all steps (source/target): 0/0 records.
[12:04:11.579] {InsurancePolicy} Total retrieved within all steps (source/target): 0/0 records.
[12:04:11.581] {Organization} Total retrieved within all steps (source/target): 1/0 records.

[12:04:11.586] UPDATING THE TARGET STEP 1...
[12:04:11.588] {Individual} Writing to the file /Users/jrattanpal/workspace/fsc-demo-pack/data/sfdmu/Individual.csv.
[12:04:11.593] {Product2} Writing to the file /Users/jrattanpal/workspace/fsc-demo-pack/data/sfdmu/Product2.csv.
[12:04:11.596] {InsurancePolicy} Writing to the file /Users/jrattanpal/workspace/fsc-demo-pack/data/sfdmu/InsurancePolicy.csv.
[12:04:11.599] {Organization} Writing to the file /Users/jrattanpal/workspace/fsc-demo-pack/data/sfdmu/Organization.csv.
[12:04:11.616] {Organization} Updating the Target has been completed. Processed 1 records.
[12:04:11.621] {OperatingHours} Writing to the file /Users/jrattanpal/workspace/fsc-demo-pack/data/sfdmu/OperatingHours.csv.
[12:04:11.626] {OperatingHours} Updating the Target has been completed. Processed 3 records.
[12:04:11.628] {Contact} Writing to the file /Users/jrattanpal/workspace/fsc-demo-pack/data/sfdmu/Contact.csv.
[12:04:11.638] {Contact} Updating the Target has been completed. Processed 7 records.
[12:04:11.640] {Account} Writing to the file /Users/jrattanpal/workspace/fsc-demo-pack/data/sfdmu/Account.csv.
[12:04:11.650] {Account} Updating the Target has been completed. Processed 10 records.
[12:04:11.653] {Lead} Writing to the file /Users/jrattanpal/workspace/fsc-demo-pack/data/sfdmu/Lead.csv.
[12:04:11.658] {Lead} Updating the Target has been completed. Processed 9 records.
[12:04:11.660] {AccountContactRelation} Writing to the file /Users/jrattanpal/workspace/fsc-demo-pack/data/sfdmu/AccountContactRelation.csv.
[12:04:11.689] {AccountContactRelation} Updating the Target has been completed. Processed 7 records.
[12:04:11.693] {FinServ__ReciprocalRole__c} Writing to the file /Users/jrattanpal/workspace/fsc-demo-pack/data/sfdmu/FinServ__ReciprocalRole__c.csv.
[12:04:11.730] {FinServ__ReciprocalRole__c} Updating the Target has been completed. Processed 16 records.
[12:04:11.733] {FinServ__AccountAccountRelation__c} Writing to the file /Users/jrattanpal/workspace/fsc-demo-pack/data/sfdmu/FinServ__AccountAccountRelation__c.csv.
[12:04:11.745] {FinServ__ContactContactRelation__c} Writing to the file /Users/jrattanpal/workspace/fsc-demo-pack/data/sfdmu/FinServ__ContactContactRelation__c.csv.
[12:04:11.756] {FinServ__ContactContactRelation__c} Updating the Target has been completed. Processed 2 records.
[12:04:11.761] {Location} Writing to the file /Users/jrattanpal/workspace/fsc-demo-pack/data/sfdmu/Location.csv.
[12:04:11.764] {BusinessMilestone} Writing to the file /Users/jrattanpal/workspace/fsc-demo-pack/data/sfdmu/BusinessMilestone.csv.
[12:04:11.770] {BusinessMilestone} Updating the Target has been completed. Processed 10 records.
[12:04:11.773] {FinServ__ChargesAndFees__c} Writing to the file /Users/jrattanpal/workspace/fsc-demo-pack/data/sfdmu/FinServ__ChargesAndFees__c.csv.
[12:04:11.776] {FinServ__FinancialAccount__c} Writing to the file /Users/jrattanpal/workspace/fsc-demo-pack/data/sfdmu/FinServ__FinancialAccount__c.csv.
[12:04:11.785] {FinServ__FinancialAccount__c} Updating the Target has been completed. Processed 14 records.
[12:04:11.786] {Case} Writing to the file /Users/jrattanpal/workspace/fsc-demo-pack/data/sfdmu/Case.csv.
[12:04:11.793] {Case} Updating the Target has been completed. Processed 4 records.
[12:04:11.795] {FinServ__Securities__c} Writing to the file /Users/jrattanpal/workspace/fsc-demo-pack/data/sfdmu/FinServ__Securities__c.csv.
[12:04:11.802] {FinServ__Securities__c} Updating the Target has been completed. Processed 2 records.
[12:04:11.803] {FinServ__FinancialGoal__c} Writing to the file /Users/jrattanpal/workspace/fsc-demo-pack/data/sfdmu/FinServ__FinancialGoal__c.csv.
[12:04:11.807] {FinServ__FinancialGoal__c} Updating the Target has been completed. Processed 4 records.
[12:04:11.808] {FinServ__IdentificationDocument__c} Writing to the file /Users/jrattanpal/workspace/fsc-demo-pack/data/sfdmu/FinServ__IdentificationDocument__c.csv.
[12:04:11.810] {FinServ__Education__c} Writing to the file /Users/jrattanpal/workspace/fsc-demo-pack/data/sfdmu/FinServ__Education__c.csv.
[12:04:11.812] {FinServ__FinancialHolding__c} Writing to the file /Users/jrattanpal/workspace/fsc-demo-pack/data/sfdmu/FinServ__FinancialHolding__c.csv.
[12:04:11.815] {FinServ__FinancialHolding__c} Updating the Target has been completed. Processed 2 records.
[12:04:11.816] {FinServ__FinancialAccountRole__c} Writing to the file /Users/jrattanpal/workspace/fsc-demo-pack/data/sfdmu/FinServ__FinancialAccountRole__c.csv.
[12:04:11.823] {FinServ__FinancialAccountRole__c} Updating the Target has been completed. Processed 18 records.
[12:04:11.824] {FinServ__BillingStatement__c} Writing to the file /Users/jrattanpal/workspace/fsc-demo-pack/data/sfdmu/FinServ__BillingStatement__c.csv.
[12:04:11.829] {FinServ__Employment__c} Writing to the file /Users/jrattanpal/workspace/fsc-demo-pack/data/sfdmu/FinServ__Employment__c.csv.
[12:04:11.835] {FinServ__AssetsAndLiabilities__c} Writing to the file /Users/jrattanpal/workspace/fsc-demo-pack/data/sfdmu/FinServ__AssetsAndLiabilities__c.csv.
[12:04:11.846] {FinServ__AssetsAndLiabilities__c} Updating the Target has been completed. Processed 2 records.
[12:04:11.848] {FinServ__Card__c} Writing to the file /Users/jrattanpal/workspace/fsc-demo-pack/data/sfdmu/FinServ__Card__c.csv.
[12:04:11.851] {FinServ__Alert__c} Writing to the file /Users/jrattanpal/workspace/fsc-demo-pack/data/sfdmu/FinServ__Alert__c.csv.
[12:04:11.853] {FinServ__LifeEvent__c} Writing to the file /Users/jrattanpal/workspace/fsc-demo-pack/data/sfdmu/FinServ__LifeEvent__c.csv.
[12:04:11.855] {FinServ__Revenue__c} Writing to the file /Users/jrattanpal/workspace/fsc-demo-pack/data/sfdmu/FinServ__Revenue__c.csv.
[12:04:11.858] {FinServ__Revenue__c} Updating the Target has been completed. Processed 4 records.
[12:04:11.860] {FinServ__FinancialAccountTransaction__c} Writing to the file /Users/jrattanpal/workspace/fsc-demo-pack/data/sfdmu/FinServ__FinancialAccountTransaction__c.csv.
[12:04:11.863] {FinServ__PolicyPaymentMethod__c} Writing to the file /Users/jrattanpal/workspace/fsc-demo-pack/data/sfdmu/FinServ__PolicyPaymentMethod__c.csv.
[12:04:11.866] {FinServ__UsePersonAccount__c} Writing to the file /Users/jrattanpal/workspace/fsc-demo-pack/data/sfdmu/FinServ__UsePersonAccount__c.csv.
[12:04:11.868] {FinServ__UsePersonAccount__c} Updating the Target has been completed. Processed 1 records.
[12:04:11.870] Updating the Target (STEP 1) has been completed. Total processed 116 records.

[12:04:11.873] UPDATING THE TARGET STEP 2...
[12:04:11.874] Nothing was updated

[12:04:11.876] DATA PROCESSING SUMMARY
[12:04:11.877] {OperatingHours} Total processed within all steps (Insert + Update): 3 records
[12:04:11.882] {Contact} Total processed within all steps (Insert + Update): 7 records
[12:04:11.883] {Account} Total processed within all steps (Insert + Update): 10 records
[12:04:11.884] {Lead} Total processed within all steps (Insert + Update): 9 records
[12:04:11.886] {AccountContactRelation} Total processed within all steps (Insert + Update): 7 records
[12:04:11.889] {FinServ__ReciprocalRole__c} Total processed within all steps (Insert + Update): 16 records
[12:04:11.890] {FinServ__AccountAccountRelation__c} Total processed within all steps (Insert + Update): 0 records
[12:04:11.891] {FinServ__ContactContactRelation__c} Total processed within all steps (Insert + Update): 2 records
[12:04:11.893] {Location} Total processed within all steps (Insert + Update): 0 records
[12:04:11.895] {BusinessMilestone} Total processed within all steps (Insert + Update): 10 records
[12:04:11.897] {FinServ__ChargesAndFees__c} Total processed within all steps (Insert + Update): 0 records
[12:04:11.899] {FinServ__FinancialAccount__c} Total processed within all steps (Insert + Update): 14 records
[12:04:11.901] {Case} Total processed within all steps (Insert + Update): 4 records
[12:04:11.903] {FinServ__Securities__c} Total processed within all steps (Insert + Update): 2 records
[12:04:11.905] {FinServ__FinancialGoal__c} Total processed within all steps (Insert + Update): 4 records
[12:04:11.907] {FinServ__IdentificationDocument__c} Total processed within all steps (Insert + Update): 0 records
[12:04:11.908] {FinServ__Education__c} Total processed within all steps (Insert + Update): 0 records
[12:04:11.910] {FinServ__FinancialHolding__c} Total processed within all steps (Insert + Update): 2 records
[12:04:11.911] {FinServ__FinancialAccountRole__c} Total processed within all steps (Insert + Update): 18 records
[12:04:11.913] {FinServ__BillingStatement__c} Total processed within all steps (Insert + Update): 0 records
[12:04:11.914] {FinServ__Employment__c} Total processed within all steps (Insert + Update): 0 records
[12:04:11.915] {FinServ__AssetsAndLiabilities__c} Total processed within all steps (Insert + Update): 2 records
[12:04:11.916] {FinServ__Card__c} Total processed within all steps (Insert + Update): 0 records
[12:04:11.918] {FinServ__Alert__c} Total processed within all steps (Insert + Update): 0 records
[12:04:11.919] {FinServ__LifeEvent__c} Total processed within all steps (Insert + Update): 0 records
[12:04:11.920] {FinServ__Revenue__c} Total processed within all steps (Insert + Update): 4 records
[12:04:11.922] {FinServ__FinancialAccountTransaction__c} Total processed within all steps (Insert + Update): 0 records
[12:04:11.923] {FinServ__PolicyPaymentMethod__c} Total processed within all steps (Insert + Update): 0 records
[12:04:11.924] {FinServ__UsePersonAccount__c} Total processed within all steps (Insert + Update): 1 records
[12:04:11.926] {Individual} Total processed within all steps (Insert + Update): 0 records
[12:04:11.927] {Product2} Total processed within all steps (Insert + Update): 0 records
[12:04:11.928] {InsurancePolicy} Total processed within all steps (Insert + Update): 0 records
[12:04:11.930] {Organization} Total processed within all steps (Insert + Update): 1 records

[12:04:11.935] Writing to /Users/jrattanpal/workspace/fsc-demo-pack/data/sfdmu/MissingParentRecordsReport.csv...

[12:04:11.946] Command succeeded.
[12:04:11.948] Execution of the command sfdmu:run has been finished. Exit code 0 (SUCCESS).
[12:04:11.950] Total time elapsed: 00h 01m 03s 657ms .