
[15:50:13.879] {"Running version":"3.4.16"}

[15:50:14.477] Connecting to FSCTrialOrg using SFDX CLI...
[15:50:38.547] Successfully connected to FSCTrialOrg.
[15:50:38.565] {"SOURCE":"FSCTrialOrg.","TARGET":"csvfile.","Package script":"/Users/jrattanpal/workspace/fsc-demo-pack/data/sfdmu/export.json."}

[15:50:38.570] GETTING AND ANALYSING OBJECTS METADATA...
[15:50:38.572] Processing the sObject Contact...
[15:50:38.574] Getting metadata for Contact (SOURCE)
[15:50:39.132] Processing the sObject Account...
[15:50:39.134] Getting metadata for Account (SOURCE)
[15:50:40.219] Processing the sObject Lead...
[15:50:40.221] Getting metadata for Lead (SOURCE)
[15:50:40.992] Processing the sObject AccountContactRelation...
[15:50:40.994] Getting metadata for AccountContactRelation (SOURCE)
[15:50:41.202] Processing the sObject FinServ__AccountAccountRelation__c...
[15:50:41.203] Getting metadata for FinServ__AccountAccountRelation__c (SOURCE)
[15:50:41.701] Processing the sObject FinServ__ReciprocalRole__c...
[15:50:41.703] Getting metadata for FinServ__ReciprocalRole__c (SOURCE)
[15:50:42.243] Processing the sObject FinServ__ContactContactRelation__c...
[15:50:42.245] Getting metadata for FinServ__ContactContactRelation__c (SOURCE)
[15:50:42.567] Processing the sObject Case...
[15:50:42.569] Getting metadata for Case (SOURCE)
[15:50:42.863] Processing the sObject FinServ__Securities__c...
[15:50:42.864] Getting metadata for FinServ__Securities__c (SOURCE)
[15:50:43.364] Processing the sObject FinServ__FinancialGoal__c...
[15:50:43.367] Getting metadata for FinServ__FinancialGoal__c (SOURCE)
[15:50:43.810] Processing the sObject FinServ__FinancialAccount__c...
[15:50:43.811] Getting metadata for FinServ__FinancialAccount__c (SOURCE)
[15:50:44.198] Processing the sObject FinServ__FinancialHolding__c...
[15:50:44.199] Getting metadata for FinServ__FinancialHolding__c (SOURCE)
[15:50:44.703] Processing the sObject FinServ__FinancialAccountRole__c...
[15:50:44.704] Getting metadata for FinServ__FinancialAccountRole__c (SOURCE)
[15:50:44.900] Processing the sObject FinServ__AssetsAndLiabilities__c...
[15:50:44.901] Getting metadata for FinServ__AssetsAndLiabilities__c (SOURCE)
[15:50:45.351] Processing the sObject FinServ__Revenue__c...
[15:50:45.352] Getting metadata for FinServ__Revenue__c (SOURCE)
[15:50:45.711] Processing the sObject FinServ__UsePersonAccount__c...
[15:50:45.712] Getting metadata for FinServ__UsePersonAccount__c (SOURCE)
[15:50:45.931] Processing the sObject FinServ__UsePersonAccount__c...
[15:50:45.934] Getting metadata for Organization (SOURCE)
[15:50:46.478] Processing the sObject FinServ__Revenue__c...
[15:50:46.481] Processing the sObject FinServ__AssetsAndLiabilities__c...
[15:50:46.483] Processing the sObject FinServ__FinancialAccountRole__c...
[15:50:46.485] Processing the sObject FinServ__FinancialHolding__c...
[15:50:46.488] Processing the sObject FinServ__FinancialAccount__c...
[15:50:46.536] Getting metadata for RecordType (SOURCE)
[15:50:47.12] Getting metadata for FinServ__ChargesAndFees__c (SOURCE)
[15:50:47.319] Getting metadata for Product2 (SOURCE)
[15:50:47.857] Processing the sObject FinServ__FinancialGoal__c...
[15:50:47.866] Processing the sObject FinServ__Securities__c...
[15:50:47.874] Processing the sObject Case...
[15:50:47.886] Getting metadata for BusinessMilestone (SOURCE)
[15:50:48.201] Processing the sObject FinServ__ContactContactRelation__c...
[15:50:48.203] Processing the sObject FinServ__ReciprocalRole__c...
[15:50:48.204] Processing the sObject FinServ__AccountAccountRelation__c...
[15:50:48.207] Processing the sObject AccountContactRelation...
[15:50:48.210] Processing the sObject Lead...
[15:50:48.214] Getting metadata for Opportunity (SOURCE)
[15:50:48.490] Getting metadata for Individual (SOURCE)
[15:50:48.900] Processing the sObject Account...
[15:50:48.915] Getting metadata for OperatingHours (SOURCE)
[15:50:49.369] Processing the sObject Contact...

[15:50:49.380] PREPARING DATA MIGRATION JOB...
[15:50:49.382] Building migration strategy...
[15:50:49.445] {"Order of objects to retrieve data":"RecordType; Account; Contact; Lead; AccountContactRelation; FinServ__ReciprocalRole__c; FinServ__AccountAccountRelation__c; FinServ__ContactContactRelation__c; FinServ__FinancialAccount__c; Case; FinServ__Securities__c; FinServ__FinancialGoal__c; FinServ__FinancialHolding__c; FinServ__FinancialAccountRole__c; FinServ__AssetsAndLiabilities__c; FinServ__Revenue__c; FinServ__UsePersonAccount__c; OperatingHours; Individual; Opportunity; BusinessMilestone; Product2; FinServ__ChargesAndFees__c; Organization"}
[15:50:49.448] {"Order of objects to update data":"RecordType; OperatingHours; Individual; Opportunity; BusinessMilestone; Product2; FinServ__ChargesAndFees__c; Organization; Account; Contact; Lead; AccountContactRelation; FinServ__ReciprocalRole__c; FinServ__AccountAccountRelation__c; FinServ__ContactContactRelation__c; FinServ__FinancialAccount__c; Case; FinServ__Securities__c; FinServ__FinancialGoal__c; FinServ__FinancialHolding__c; FinServ__FinancialAccountRole__c; FinServ__AssetsAndLiabilities__c; FinServ__Revenue__c; FinServ__UsePersonAccount__c"}
[15:50:49.450] Preparing has been finished.

[15:50:49.454] GETTING THE TOTAL AMOUNT OF RECORDS LIMITED BY THE OBJECT'S SOQL QUERY...
[15:50:49.900] {RecordType} Total amount of the SOURCE records: 12
[15:50:50.84] {OperatingHours} Total amount of the SOURCE records: 3
[15:50:50.294] {Individual} Total amount of the SOURCE records: 0
[15:50:50.447] {Opportunity} Total amount of the SOURCE records: 6
[15:50:50.603] {BusinessMilestone} Total amount of the SOURCE records: 10
[15:50:50.957] {Product2} Total amount of the SOURCE records: 6
[15:50:51.146] {FinServ__ChargesAndFees__c} Total amount of the SOURCE records: 0
[15:50:51.341] {Organization} Total amount of the SOURCE records: 1
[15:50:51.530] {Account} Total amount of the SOURCE records: 10
[15:50:51.998] {Contact} Total amount of the SOURCE records: 7
[15:50:52.176] {Lead} Total amount of the SOURCE records: 9
[15:50:52.393] {AccountContactRelation} Total amount of the SOURCE records: 7
[15:50:52.541] {FinServ__ReciprocalRole__c} Total amount of the SOURCE records: 16
[15:50:52.696] {FinServ__AccountAccountRelation__c} Total amount of the SOURCE records: 0
[15:50:53.643] {FinServ__ContactContactRelation__c} Total amount of the SOURCE records: 2
[15:50:53.834] {FinServ__FinancialAccount__c} Total amount of the SOURCE records: 14
[15:50:54.261] {Case} Total amount of the SOURCE records: 4
[15:50:54.531] {FinServ__Securities__c} Total amount of the SOURCE records: 2
[15:50:54.725] {FinServ__FinancialGoal__c} Total amount of the SOURCE records: 4
[15:50:54.884] {FinServ__FinancialHolding__c} Total amount of the SOURCE records: 2
[15:50:55.309] {FinServ__FinancialAccountRole__c} Total amount of the SOURCE records: 18
[15:50:55.537] {FinServ__AssetsAndLiabilities__c} Total amount of the SOURCE records: 2
[15:50:55.695] {FinServ__Revenue__c} Total amount of the SOURCE records: 4
[15:50:55.844] {FinServ__UsePersonAccount__c} Total amount of the SOURCE records: 1

[15:50:55.848] DELETING OLD DATA FROM THE TARGET...
[15:50:55.850] {FinServ__UsePersonAccount__c} Nothing to delete.
[15:50:55.851] {FinServ__Revenue__c} Nothing to delete.
[15:50:55.853] {FinServ__AssetsAndLiabilities__c} Nothing to delete.
[15:50:55.855] {FinServ__FinancialAccountRole__c} Nothing to delete.
[15:50:55.856] {FinServ__FinancialHolding__c} Nothing to delete.
[15:50:55.858] {FinServ__FinancialGoal__c} Nothing to delete.
[15:50:55.860] {FinServ__Securities__c} Nothing to delete.
[15:50:55.862] {Case} Nothing to delete.
[15:50:55.863] {FinServ__FinancialAccount__c} Nothing to delete.
[15:50:55.865] {FinServ__ContactContactRelation__c} Nothing to delete.
[15:50:55.867] {FinServ__AccountAccountRelation__c} Nothing to delete.
[15:50:55.868] {FinServ__ReciprocalRole__c} Nothing to delete.
[15:50:55.870] {AccountContactRelation} Nothing to delete.
[15:50:55.871] {Lead} Nothing to delete.
[15:50:55.873] {Contact} Nothing to delete.
[15:50:55.875] {Account} Nothing to delete.
[15:50:55.877] {Organization} Nothing to delete.
[15:50:55.879] {FinServ__ChargesAndFees__c} Nothing to delete.
[15:50:55.882] {Product2} Nothing to delete.
[15:50:55.883] {BusinessMilestone} Nothing to delete.
[15:50:55.885] {Opportunity} Nothing to delete.
[15:50:55.887] {Individual} Nothing to delete.
[15:50:55.888] {OperatingHours} Nothing to delete.
[15:50:55.890] {RecordType} Nothing to delete.
[15:50:55.892] Deleting old data from the Target was skipped.
[15:50:55.894] Ready to process the data.

[15:50:55.898] RETRIEVING THE DATA STEP 1...
[15:50:55.901] {RecordType} Retrieving the SOURCE data from Org (STEP 1: all records)...
[15:50:55.902] {RecordType} Query string: SELECT Id, DeveloperName, SobjectType  FROM  RecordType WHERE (SobjectType IN ('FinServ__FinancialAccount__c')) ORDER BY SobjectType ASC.
[15:50:56.340] {RecordType} Retrieving the SOURCE data has been completed. Fetched 12 new records.
[15:50:56.345] {Account} Retrieving the SOURCE data from Org (STEP 1: all records)...
[15:50:56.346] {Account} Query string: SELECT Id, Name, IsPersonAccount, IsDeleted, MasterRecordId, LastName, FirstName, Salutation, MiddleName, Suffix, Type, ParentId, BillingStreet, BillingCity, BillingState, BillingPostalCode, BillingCountry, BillingLatitude, BillingLongitude, BillingG... FROM  Account.
[15:50:56.978] {Account} Retrieving the SOURCE data has been completed. Fetched 10 new records.
[15:50:56.980] {Contact} Retrieving the SOURCE data from Org (STEP 1: all records)...
[15:50:56.982] {Contact} Query string: SELECT Id, $$Name$AccountId, IsPersonAccount, AccountId, IsDeleted, MasterRecordId, LastName, FirstName, Salutation, MiddleName, Suffix, Name, OtherStreet, OtherCity, OtherState, OtherPostalCode, OtherCountry, OtherLatitude, OtherLongitude, OtherGeoc... FROM  Contact.
[15:50:57.500] {Contact} Retrieving the SOURCE data has been completed. Fetched 7 new records.
[15:50:57.502] {Lead} Retrieving the SOURCE data from Org (STEP 1: all records)...
[15:50:57.503] {Lead} Query string: SELECT Id, Name, IsDeleted, MasterRecordId, LastName, FirstName, Salutation, MiddleName, Suffix, Title, Company, Street, City, State, PostalCode, Country, Latitude, Longitude, GeocodeAccuracy, Address, Phone, MobilePhone, Fax, Email, Website, PhotoUr... FROM  Lead.
[15:51:03.66] {Lead} Retrieving the SOURCE data has been completed. Fetched 9 new records.
[15:51:03.69] {AccountContactRelation} Retrieving the SOURCE data from Org (STEP 1: all records)...
[15:51:03.71] {AccountContactRelation} Query string: SELECT Id, $$AccountId$ContactId, AccountId, ContactId, Roles, IsDirect, IsActive, StartDate, EndDate, IsDeleted, CreatedDate, LastModifiedDate, SystemModstamp, FinServ__Primary__c, FinServ__Rollups__c, FinServ__SourceSystemId__c, FinServ__IncludeInG... FROM  AccountContactRelation.
[15:51:03.561] {AccountContactRelation} Retrieving the SOURCE data has been completed. Fetched 7 new records.
[15:51:03.563] {FinServ__ReciprocalRole__c} Retrieving the SOURCE data from Org (STEP 1: all records)...
[15:51:03.564] {FinServ__ReciprocalRole__c} Query string: SELECT Id, Name, IsDeleted, CreatedDate, LastModifiedDate, SystemModstamp, LastViewedDate, LastReferencedDate, FinServ__CreateInverseRole__c, FinServ__InverseRelationship__c, FinServ__InverseRole__c, FinServ__RelationshipType__c, FinServ__SourceSyste... FROM  FinServ__ReciprocalRole__c.
[15:51:03.934] {FinServ__ReciprocalRole__c} Retrieving the SOURCE data has been completed. Fetched 16 new records.
[15:51:03.939] {FinServ__AccountAccountRelation__c} Retrieving the SOURCE data from Org (STEP 1: all records)...
[15:51:03.943] {FinServ__AccountAccountRelation__c} Query string: SELECT Id, Name, IsDeleted, CreatedDate, LastModifiedDate, SystemModstamp, FinServ__Account__c, FinServ__Active__c, FinServ__EndDate__c, FinServ__ExternalId__c, FinServ__InverseRelationship__c, FinServ__RelatedAccount__c, FinServ__Role__c, FinServ__S... FROM  FinServ__AccountAccountRelation__c.
[15:51:04.113] {FinServ__AccountAccountRelation__c} Retrieving the SOURCE data has been completed. Fetched 0 new records.
[15:51:04.115] {FinServ__ContactContactRelation__c} Retrieving the SOURCE data from Org (STEP 1: all records)...
[15:51:04.120] {FinServ__ContactContactRelation__c} Query string: SELECT Id, Name, IsDeleted, CreatedDate, LastModifiedDate, SystemModstamp, FinServ__Active__c, FinServ__Contact__c, FinServ__EndDate__c, FinServ__ExternalId__c, FinServ__InverseRelationship__c, FinServ__RelatedContact__c, FinServ__Role__c, FinServ__S... FROM  FinServ__ContactContactRelation__c.
[15:51:04.627] {FinServ__ContactContactRelation__c} Retrieving the SOURCE data has been completed. Fetched 2 new records.
[15:51:04.630] {FinServ__FinancialAccount__c} Retrieving the SOURCE data from Org (STEP 1: all records)...
[15:51:04.633] {FinServ__FinancialAccount__c} Query string: SELECT Id, RecordTypeId, Name, IsDeleted, CreatedDate, LastModifiedDate, SystemModstamp, LastActivityDate, LastViewedDate, LastReferencedDate, FinServ__Address1__c, FinServ__Address2__c, FinServ__ApplicationDate__c, FinServ__AssetRebalance__c, FinSer... FROM  FinServ__FinancialAccount__c.
[15:51:05.23] {FinServ__FinancialAccount__c} Retrieving the SOURCE data has been completed. Fetched 14 new records.
[15:51:05.25] {Case} Retrieving the SOURCE data from Org (STEP 1: all records)...
[15:51:05.27] {Case} Query string: SELECT Id, Subject, IsDeleted, MasterRecordId, CaseNumber, ContactId, AccountId, SourceId, ParentId, SuppliedName, SuppliedEmail, SuppliedPhone, SuppliedCompany, Type, Status, Reason, Origin, Priority, Description, IsClosed, ClosedDate, IsEscalated, ... FROM  Case.
[15:51:05.277] {Case} Retrieving the SOURCE data has been completed. Fetched 4 new records.
[15:51:05.280] {FinServ__Securities__c} Retrieving the SOURCE data from Org (STEP 1: all records)...
[15:51:05.281] {FinServ__Securities__c} Query string: SELECT Id, Name, IsDeleted, CreatedDate, LastModifiedDate, SystemModstamp, LastViewedDate, LastReferencedDate, FinServ__CUSIP__c, FinServ__Exchange__c, FinServ__LastUpdated__c, FinServ__Price__c, FinServ__SecuritiesName__c, FinServ__SecurityId__c, Fi... FROM  FinServ__Securities__c.
[15:51:05.651] {FinServ__Securities__c} Retrieving the SOURCE data has been completed. Fetched 2 new records.
[15:51:05.654] {FinServ__FinancialGoal__c} Retrieving the SOURCE data from Org (STEP 1: all records)...
[15:51:05.656] {FinServ__FinancialGoal__c} Query string: SELECT Id, Name, IsDeleted, CreatedDate, LastModifiedDate, SystemModstamp, LastActivityDate, LastViewedDate, LastReferencedDate, FinServ__ActualValue__c, FinServ__CompletionDate__c, FinServ__Description__c, FinServ__Household__c, FinServ__InitialValu... FROM  FinServ__FinancialGoal__c.
[15:51:05.873] {FinServ__FinancialGoal__c} Retrieving the SOURCE data has been completed. Fetched 4 new records.
[15:51:05.875] {FinServ__FinancialHolding__c} Retrieving the SOURCE data from Org (STEP 1: all records)...
[15:51:05.876] {FinServ__FinancialHolding__c} Query string: SELECT Id, Name, IsDeleted, CreatedDate, LastModifiedDate, SystemModstamp, LastActivityDate, LastViewedDate, LastReferencedDate, FinServ__FinancialAccount__c, FinServ__AssetCategoryName__c, FinServ__AssetCategory__c, FinServ__AssetClass__c, FinServ__... FROM  FinServ__FinancialHolding__c.
[15:51:06.137] {FinServ__FinancialHolding__c} Retrieving the SOURCE data has been completed. Fetched 2 new records.
[15:51:06.139] {FinServ__FinancialAccountRole__c} Retrieving the SOURCE data from Org (STEP 1: all records)...
[15:51:06.141] {FinServ__FinancialAccountRole__c} Query string: SELECT Id, Name, IsDeleted, CreatedDate, LastModifiedDate, SystemModstamp, FinServ__FinancialAccount__c, FinServ__Active__c, FinServ__Editable__c, FinServ__EndDate__c, FinServ__RelatedAccount__c, FinServ__RelatedContact__c, FinServ__Role__c, FinServ_... FROM  FinServ__FinancialAccountRole__c.
[15:51:06.362] {FinServ__FinancialAccountRole__c} Retrieving the SOURCE data has been completed. Fetched 18 new records.
[15:51:06.364] {FinServ__AssetsAndLiabilities__c} Retrieving the SOURCE data from Org (STEP 1: all records)...
[15:51:06.365] {FinServ__AssetsAndLiabilities__c} Query string: SELECT Id, Name, IsDeleted, CreatedDate, LastModifiedDate, SystemModstamp, LastActivityDate, LastViewedDate, LastReferencedDate, FinServ__Amount__c, FinServ__AssetsAndLiabilitiesSource__c, FinServ__AssetsAndLiabilitiesType__c, FinServ__Description__c... FROM  FinServ__AssetsAndLiabilities__c.
[15:51:06.800] {FinServ__AssetsAndLiabilities__c} Retrieving the SOURCE data has been completed. Fetched 2 new records.
[15:51:06.804] {FinServ__Revenue__c} Retrieving the SOURCE data from Org (STEP 1: all records)...
[15:51:06.807] {FinServ__Revenue__c} Query string: SELECT Id, Name, IsDeleted, CreatedDate, LastModifiedDate, SystemModstamp, LastViewedDate, LastReferencedDate, FinServ__Account__c, FinServ__Amount__c, FinServ__Date__c, FinServ__FinancialAccount__c, FinServ__SourceSystemId__c, FinServ__SubType__c, F... FROM  FinServ__Revenue__c.
[15:51:07.84] {FinServ__Revenue__c} Retrieving the SOURCE data has been completed. Fetched 4 new records.
[15:51:07.90] {FinServ__UsePersonAccount__c} Retrieving the SOURCE data from Org (STEP 1: all records)...
[15:51:07.91] {FinServ__UsePersonAccount__c} Query string: SELECT Id, Name, IsDeleted, SetupOwnerId, CreatedDate, LastModifiedDate, SystemModstamp, FinServ__Enable__c, SetupOwner.Name  FROM  FinServ__UsePersonAccount__c.
[15:51:07.258] {FinServ__UsePersonAccount__c} Retrieving the SOURCE data has been completed. Fetched 1 new records.
[15:51:07.261] Retrieving the data STEP 1 has been completed.

[15:51:07.266] RETRIEVING THE DATA STEP 2...
[15:51:07.270] PASS 1
[15:51:07.272] =============
[15:51:07.274] No records

[15:51:07.279] PASS 2
[15:51:07.282] =============
[15:51:07.285] No records

[15:51:07.290] PASS 3
[15:51:07.292] =============
[15:51:07.296] {Opportunity} Retrieving the SOURCE data from Org (STEP 1: filtered records)...
[15:51:07.298] {Opportunity} Query string: SELECT Id, Name  FROM  Opportunity WHERE Id IN ('0063h000007uQOHAA2', '0063h000007uQOGAA2').
[15:51:07.452] {Opportunity} Retrieving the SOURCE data has been completed. Fetched 2 new records.
[15:51:07.455] {Organization} Retrieving the SOURCE data from Org (STEP 1: filtered records)...
[15:51:07.457] {Organization} Query string: SELECT Id, Name  FROM  Organization WHERE Id IN ('00D3h00000576pHEAQ').
[15:51:07.863] {Organization} Retrieving the SOURCE data has been completed. Fetched 1 new records.

[15:51:07.866] PASS 4
[15:51:07.868] =============
[15:51:07.870] No records

[15:51:07.873] TARGET
[15:51:07.875] =============
[15:51:07.877] No records
[15:51:07.879] Retrieving the data STEP 2 has been completed.

[15:51:07.883] DATA RETRIEVING SUMMARY
[15:51:07.884] {RecordType} Total retrieved within all steps (source/target): 12/0 records.
[15:51:07.886] {Account} Total retrieved within all steps (source/target): 10/0 records.
[15:51:07.887] {Contact} Total retrieved within all steps (source/target): 7/0 records.
[15:51:07.889] {Lead} Total retrieved within all steps (source/target): 9/0 records.
[15:51:07.891] {AccountContactRelation} Total retrieved within all steps (source/target): 7/0 records.
[15:51:07.892] {FinServ__ReciprocalRole__c} Total retrieved within all steps (source/target): 16/0 records.
[15:51:07.894] {FinServ__AccountAccountRelation__c} Total retrieved within all steps (source/target): 0/0 records.
[15:51:07.896] {FinServ__ContactContactRelation__c} Total retrieved within all steps (source/target): 2/0 records.
[15:51:07.899] {FinServ__FinancialAccount__c} Total retrieved within all steps (source/target): 14/0 records.
[15:51:07.900] {Case} Total retrieved within all steps (source/target): 4/0 records.
[15:51:07.903] {FinServ__Securities__c} Total retrieved within all steps (source/target): 2/0 records.
[15:51:07.905] {FinServ__FinancialGoal__c} Total retrieved within all steps (source/target): 4/0 records.
[15:51:07.907] {FinServ__FinancialHolding__c} Total retrieved within all steps (source/target): 2/0 records.
[15:51:07.909] {FinServ__FinancialAccountRole__c} Total retrieved within all steps (source/target): 18/0 records.
[15:51:07.910] {FinServ__AssetsAndLiabilities__c} Total retrieved within all steps (source/target): 2/0 records.
[15:51:07.912] {FinServ__Revenue__c} Total retrieved within all steps (source/target): 4/0 records.
[15:51:07.914] {FinServ__UsePersonAccount__c} Total retrieved within all steps (source/target): 1/0 records.
[15:51:07.916] {OperatingHours} Total retrieved within all steps (source/target): 0/0 records.
[15:51:07.917] {Individual} Total retrieved within all steps (source/target): 0/0 records.
[15:51:07.920] {Opportunity} Total retrieved within all steps (source/target): 2/0 records.
[15:51:07.921] {BusinessMilestone} Total retrieved within all steps (source/target): 0/0 records.
[15:51:07.923] {Product2} Total retrieved within all steps (source/target): 0/0 records.
[15:51:07.925] {FinServ__ChargesAndFees__c} Total retrieved within all steps (source/target): 0/0 records.
[15:51:07.927] {Organization} Total retrieved within all steps (source/target): 1/0 records.

[15:51:07.930] UPDATING THE TARGET STEP 1...
[15:51:07.933] {RecordType} Writing to the file /Users/jrattanpal/workspace/fsc-demo-pack/data/sfdmu/RecordType.csv.
[15:51:07.943] {RecordType} Updating the Target has been completed. Processed 12 records.
[15:51:07.945] {OperatingHours} Writing to the file /Users/jrattanpal/workspace/fsc-demo-pack/data/sfdmu/OperatingHours.csv.
[15:51:07.950] {Individual} Writing to the file /Users/jrattanpal/workspace/fsc-demo-pack/data/sfdmu/Individual.csv.
[15:51:07.953] {Opportunity} Writing to the file /Users/jrattanpal/workspace/fsc-demo-pack/data/sfdmu/Opportunity.csv.
[15:51:07.961] {Opportunity} Updating the Target has been completed. Processed 2 records.
[15:51:07.963] {BusinessMilestone} Writing to the file /Users/jrattanpal/workspace/fsc-demo-pack/data/sfdmu/BusinessMilestone.csv.
[15:51:07.965] {Product2} Writing to the file /Users/jrattanpal/workspace/fsc-demo-pack/data/sfdmu/Product2.csv.
[15:51:07.968] {FinServ__ChargesAndFees__c} Writing to the file /Users/jrattanpal/workspace/fsc-demo-pack/data/sfdmu/FinServ__ChargesAndFees__c.csv.
[15:51:07.970] {Organization} Writing to the file /Users/jrattanpal/workspace/fsc-demo-pack/data/sfdmu/Organization.csv.
[15:51:07.978] {Organization} Updating the Target has been completed. Processed 1 records.
[15:51:07.980] {Account} Writing to the file /Users/jrattanpal/workspace/fsc-demo-pack/data/sfdmu/Account.csv.
[15:51:07.992] {Account} Updating the Target has been completed. Processed 10 records.
[15:51:07.994] {Contact} Writing to the file /Users/jrattanpal/workspace/fsc-demo-pack/data/sfdmu/Contact.csv.
[15:51:08.3] {Contact} Updating the Target has been completed. Processed 7 records.
[15:51:08.5] {Lead} Writing to the file /Users/jrattanpal/workspace/fsc-demo-pack/data/sfdmu/Lead.csv.
[15:51:08.10] {Lead} Updating the Target has been completed. Processed 9 records.
[15:51:08.12] {AccountContactRelation} Writing to the file /Users/jrattanpal/workspace/fsc-demo-pack/data/sfdmu/AccountContactRelation.csv.
[15:51:08.16] {AccountContactRelation} Updating the Target has been completed. Processed 7 records.
[15:51:08.18] {FinServ__ReciprocalRole__c} Writing to the file /Users/jrattanpal/workspace/fsc-demo-pack/data/sfdmu/FinServ__ReciprocalRole__c.csv.
[15:51:08.22] {FinServ__ReciprocalRole__c} Updating the Target has been completed. Processed 16 records.
[15:51:08.24] {FinServ__AccountAccountRelation__c} Writing to the file /Users/jrattanpal/workspace/fsc-demo-pack/data/sfdmu/FinServ__AccountAccountRelation__c.csv.
[15:51:08.26] {FinServ__ContactContactRelation__c} Writing to the file /Users/jrattanpal/workspace/fsc-demo-pack/data/sfdmu/FinServ__ContactContactRelation__c.csv.
[15:51:08.31] {FinServ__ContactContactRelation__c} Updating the Target has been completed. Processed 2 records.
[15:51:08.32] {FinServ__FinancialAccount__c} Writing to the file /Users/jrattanpal/workspace/fsc-demo-pack/data/sfdmu/FinServ__FinancialAccount__c.csv.
[15:51:08.47] {FinServ__FinancialAccount__c} Updating the Target has been completed. Processed 14 records.
[15:51:08.49] {Case} Writing to the file /Users/jrattanpal/workspace/fsc-demo-pack/data/sfdmu/Case.csv.
[15:51:08.55] {Case} Updating the Target has been completed. Processed 4 records.
[15:51:08.59] {FinServ__Securities__c} Writing to the file /Users/jrattanpal/workspace/fsc-demo-pack/data/sfdmu/FinServ__Securities__c.csv.
[15:51:08.69] {FinServ__Securities__c} Updating the Target has been completed. Processed 2 records.
[15:51:08.73] {FinServ__FinancialGoal__c} Writing to the file /Users/jrattanpal/workspace/fsc-demo-pack/data/sfdmu/FinServ__FinancialGoal__c.csv.
[15:51:08.90] {FinServ__FinancialGoal__c} Updating the Target has been completed. Processed 4 records.
[15:51:08.93] {FinServ__FinancialHolding__c} Writing to the file /Users/jrattanpal/workspace/fsc-demo-pack/data/sfdmu/FinServ__FinancialHolding__c.csv.
[15:51:08.103] {FinServ__FinancialHolding__c} Updating the Target has been completed. Processed 2 records.
[15:51:08.104] {FinServ__FinancialAccountRole__c} Writing to the file /Users/jrattanpal/workspace/fsc-demo-pack/data/sfdmu/FinServ__FinancialAccountRole__c.csv.
[15:51:08.113] {FinServ__FinancialAccountRole__c} Updating the Target has been completed. Processed 18 records.
[15:51:08.115] {FinServ__AssetsAndLiabilities__c} Writing to the file /Users/jrattanpal/workspace/fsc-demo-pack/data/sfdmu/FinServ__AssetsAndLiabilities__c.csv.
[15:51:08.119] {FinServ__AssetsAndLiabilities__c} Updating the Target has been completed. Processed 2 records.
[15:51:08.121] {FinServ__Revenue__c} Writing to the file /Users/jrattanpal/workspace/fsc-demo-pack/data/sfdmu/FinServ__Revenue__c.csv.
[15:51:08.126] {FinServ__Revenue__c} Updating the Target has been completed. Processed 4 records.
[15:51:08.129] {FinServ__UsePersonAccount__c} Writing to the file /Users/jrattanpal/workspace/fsc-demo-pack/data/sfdmu/FinServ__UsePersonAccount__c.csv.
[15:51:08.131] {FinServ__UsePersonAccount__c} Updating the Target has been completed. Processed 1 records.
[15:51:08.133] Updating the Target (STEP 1) has been completed. Total processed 117 records.

[15:51:08.136] UPDATING THE TARGET STEP 2...
[15:51:08.138] Nothing was updated

[15:51:08.142] DATA PROCESSING SUMMARY
[15:51:08.145] {RecordType} Total processed within all steps (Insert + Update): 12 records
[15:51:08.147] {Account} Total processed within all steps (Insert + Update): 10 records
[15:51:08.148] {Contact} Total processed within all steps (Insert + Update): 7 records
[15:51:08.151] {Lead} Total processed within all steps (Insert + Update): 9 records
[15:51:08.154] {AccountContactRelation} Total processed within all steps (Insert + Update): 7 records
[15:51:08.162] {FinServ__ReciprocalRole__c} Total processed within all steps (Insert + Update): 16 records
[15:51:08.169] {FinServ__AccountAccountRelation__c} Total processed within all steps (Insert + Update): 0 records
[15:51:08.170] {FinServ__ContactContactRelation__c} Total processed within all steps (Insert + Update): 2 records
[15:51:08.171] {FinServ__FinancialAccount__c} Total processed within all steps (Insert + Update): 14 records
[15:51:08.173] {Case} Total processed within all steps (Insert + Update): 4 records
[15:51:08.175] {FinServ__Securities__c} Total processed within all steps (Insert + Update): 2 records
[15:51:08.176] {FinServ__FinancialGoal__c} Total processed within all steps (Insert + Update): 4 records
[15:51:08.178] {FinServ__FinancialHolding__c} Total processed within all steps (Insert + Update): 2 records
[15:51:08.180] {FinServ__FinancialAccountRole__c} Total processed within all steps (Insert + Update): 18 records
[15:51:08.183] {FinServ__AssetsAndLiabilities__c} Total processed within all steps (Insert + Update): 2 records
[15:51:08.184] {FinServ__Revenue__c} Total processed within all steps (Insert + Update): 4 records
[15:51:08.186] {FinServ__UsePersonAccount__c} Total processed within all steps (Insert + Update): 1 records
[15:51:08.188] {OperatingHours} Total processed within all steps (Insert + Update): 0 records
[15:51:08.189] {Individual} Total processed within all steps (Insert + Update): 0 records
[15:51:08.190] {Opportunity} Total processed within all steps (Insert + Update): 2 records
[15:51:08.192] {BusinessMilestone} Total processed within all steps (Insert + Update): 0 records
[15:51:08.195] {Product2} Total processed within all steps (Insert + Update): 0 records
[15:51:08.196] {FinServ__ChargesAndFees__c} Total processed within all steps (Insert + Update): 0 records
[15:51:08.197] {Organization} Total processed within all steps (Insert + Update): 1 records

[15:51:08.200] Writing to /Users/jrattanpal/workspace/fsc-demo-pack/data/sfdmu/MissingParentRecordsReport.csv...

[15:51:08.207] Command succeeded.
[15:51:08.209] Execution of the command sfdmu:run has been finished. Exit code 0 (SUCCESS).
[15:51:08.211] Total time elapsed: 00h 00m 54s 348ms .