
[10:53:14.909] {"Running version":"3.4.29"}

[10:53:15.143] Connecting to FSCTrialOrg using SFDX CLI...
[10:53:50.972] Successfully connected to FSCTrialOrg.
[10:53:50.992] {"SOURCE":"FSCTrialOrg.","TARGET":"csvfile.","Package script":"/Users/jrattanpal/workspace/fsc-demo-pack/data/sfdmu/export.json."}

[10:53:50.998] GETTING AND ANALYSING OBJECTS METADATA...
[10:53:51.0] Processing the sObject Contact...
[10:53:51.4] Getting metadata for Contact (SOURCE)
[10:53:55.2] Processing the sObject Account...
[10:53:55.4] Getting metadata for Account (SOURCE)
[10:53:58.48] Processing the sObject Lead...
[10:53:58.49] Getting metadata for Lead (SOURCE)
[10:53:58.398] Processing the sObject Case...
[10:53:58.399] Getting metadata for Case (SOURCE)
[10:53:58.690] Processing the sObject AccountContactRelation...
[10:53:58.694] Getting metadata for AccountContactRelation (SOURCE)
[10:53:59.16] Processing the sObject FinServ__AccountAccountRelation__c...
[10:53:59.18] Getting metadata for FinServ__AccountAccountRelation__c (SOURCE)
[10:53:59.336] Processing the sObject FinServ__ReciprocalRole__c...
[10:53:59.338] Getting metadata for FinServ__ReciprocalRole__c (SOURCE)
[10:53:59.705] Processing the sObject FinServ__ContactContactRelation__c...
[10:53:59.706] Getting metadata for FinServ__ContactContactRelation__c (SOURCE)
[10:53:59.965] Processing the sObject FinServ__FinancialAccount__c...
[10:53:59.966] Getting metadata for FinServ__FinancialAccount__c (SOURCE)
[10:54:00.804] Processing the sObject FinServ__UsePersonAccount__c...
[10:54:00.805] Getting metadata for FinServ__UsePersonAccount__c (SOURCE)
[10:54:01.339] Processing the sObject FinServ__UsePersonAccount__c...
[10:54:01.342] Getting metadata for Organization (SOURCE)
[10:54:01.950] Processing the sObject FinServ__FinancialAccount__c...
[10:54:02.2] Getting metadata for RecordType (SOURCE)
[10:54:04.74] Getting metadata for FinServ__ChargesAndFees__c (SOURCE)
[10:54:04.822] Getting metadata for Product2 (SOURCE)
[10:54:05.393] Processing the sObject FinServ__ContactContactRelation__c...
[10:54:05.396] Processing the sObject FinServ__ReciprocalRole__c...
[10:54:05.398] Processing the sObject FinServ__AccountAccountRelation__c...
[10:54:05.400] Processing the sObject AccountContactRelation...
[10:54:05.402] Processing the sObject Case...
[10:54:05.406] Getting metadata for BusinessMilestone (SOURCE)
[10:54:05.735] Processing the sObject Lead...
[10:54:05.739] Getting metadata for Individual (SOURCE)
[10:54:06.204] Processing the sObject Account...
[10:54:06.215] Getting metadata for OperatingHours (SOURCE)
[10:54:06.823] Processing the sObject Contact...

[10:54:06.837] PREPARING DATA MIGRATION JOB...
[10:54:06.838] Building migration strategy...
[10:54:06.885] {"Order of objects to retrieve data":"RecordType; Account; Contact; Lead; FinServ__FinancialAccount__c; Case; AccountContactRelation; FinServ__ReciprocalRole__c; FinServ__AccountAccountRelation__c; FinServ__ContactContactRelation__c; FinServ__UsePersonAccount__c; OperatingHours; Individual; BusinessMilestone; Product2; FinServ__ChargesAndFees__c; Organization"}
[10:54:06.887] {"Order of objects to update data":"RecordType; OperatingHours; Individual; BusinessMilestone; Product2; FinServ__ChargesAndFees__c; Organization; Account; Contact; Lead; FinServ__FinancialAccount__c; Case; AccountContactRelation; FinServ__ReciprocalRole__c; FinServ__AccountAccountRelation__c; FinServ__ContactContactRelation__c; FinServ__UsePersonAccount__c"}
[10:54:06.890] Preparing has been finished.

[10:54:06.893] GETTING THE TOTAL AMOUNT OF RECORDS LIMITED BY THE OBJECT'S SOQL QUERY...
[10:54:07.131] {RecordType} Total amount of the SOURCE records: 23
[10:54:07.309] {OperatingHours} Total amount of the SOURCE records: 3
[10:54:07.516] {Individual} Total amount of the SOURCE records: 0
[10:54:07.744] {BusinessMilestone} Total amount of the SOURCE records: 10
[10:54:07.939] {Product2} Total amount of the SOURCE records: 6
[10:54:08.150] {FinServ__ChargesAndFees__c} Total amount of the SOURCE records: 0
[10:54:08.329] {Organization} Total amount of the SOURCE records: 1
[10:54:08.605] {Account} Total amount of the SOURCE records: 10
[10:54:08.902] {Contact} Total amount of the SOURCE records: 7
[10:54:09.99] {Lead} Total amount of the SOURCE records: 9
[10:54:09.277] {FinServ__FinancialAccount__c} Total amount of the SOURCE records: 14
[10:54:09.506] {Case} Total amount of the SOURCE records: 4
[10:54:09.706] {AccountContactRelation} Total amount of the SOURCE records: 7
[10:54:09.876] {FinServ__ReciprocalRole__c} Total amount of the SOURCE records: 16
[10:54:10.75] {FinServ__AccountAccountRelation__c} Total amount of the SOURCE records: 0
[10:54:10.759] {FinServ__ContactContactRelation__c} Total amount of the SOURCE records: 2
[10:54:10.942] {FinServ__UsePersonAccount__c} Total amount of the SOURCE records: 1

[10:54:10.947] DELETING OLD DATA FROM THE TARGET...
[10:54:10.950] {FinServ__UsePersonAccount__c} Nothing to delete.
[10:54:10.952] {FinServ__ContactContactRelation__c} Nothing to delete.
[10:54:10.955] {FinServ__AccountAccountRelation__c} Nothing to delete.
[10:54:10.958] {FinServ__ReciprocalRole__c} Nothing to delete.
[10:54:10.961] {AccountContactRelation} Nothing to delete.
[10:54:10.963] {Case} Nothing to delete.
[10:54:10.966] {FinServ__FinancialAccount__c} Nothing to delete.
[10:54:10.968] {Lead} Nothing to delete.
[10:54:10.970] {Contact} Nothing to delete.
[10:54:10.973] {Account} Nothing to delete.
[10:54:10.975] {Organization} Nothing to delete.
[10:54:10.977] {FinServ__ChargesAndFees__c} Nothing to delete.
[10:54:10.979] {Product2} Nothing to delete.
[10:54:10.982] {BusinessMilestone} Nothing to delete.
[10:54:10.985] {Individual} Nothing to delete.
[10:54:10.987] {OperatingHours} Nothing to delete.
[10:54:10.992] {RecordType} Nothing to delete.
[10:54:10.994] Deleting old data from the Target was skipped.
[10:54:10.997] Ready to process the data.

[10:54:11.2] RETRIEVING THE DATA STEP 1...
[10:54:11.8] {RecordType} Retrieving the SOURCE data from Org (STEP 1: all records)...
[10:54:11.12] {RecordType} Query string: SELECT Id, DeveloperName, SobjectType  FROM  RecordType WHERE (SobjectType IN ('Contact', 'Account', 'Lead', 'FinServ__FinancialAccount__c')) ORDER BY SobjectType ASC.
[10:54:11.285] {RecordType} Retrieving the SOURCE data has been completed. Fetched 23 new records.
[10:54:11.288] {Account} Retrieving the SOURCE data from Org (STEP 1: all records)...
[10:54:11.290] {Account} Query string: SELECT Id, RecordTypeId, Name, IsPersonAccount, LastName, FirstName, Salutation, MiddleName, Suffix, Type, ParentId, BillingStreet, BillingCity, BillingState, BillingPostalCode, BillingCountry, BillingLatitude, BillingLongitude, BillingGeocodeAccurac... FROM  Account.
[10:54:11.793] {Account} Retrieving the SOURCE data has been completed. Fetched 10 new records.
[10:54:11.796] {Contact} Retrieving the SOURCE data from Org (STEP 1: all records)...
[10:54:11.798] {Contact} Query string: SELECT Id, RecordTypeId, Name, $$Name$AccountId, IsPersonAccount, AccountId, LastName, FirstName, Salutation, MiddleName, Suffix, OtherStreet, OtherCity, OtherState, OtherPostalCode, OtherCountry, OtherLatitude, OtherLongitude, OtherGeocodeAccuracy, ... FROM  Contact.
[10:54:12.136] {Contact} Retrieving the SOURCE data has been completed. Fetched 7 new records.
[10:54:12.137] {Lead} Retrieving the SOURCE data from Org (STEP 1: all records)...
[10:54:12.139] {Lead} Query string: SELECT Id, RecordTypeId, Name, LastName, FirstName, Salutation, MiddleName, Suffix, Title, Company, Street, City, State, PostalCode, Country, Latitude, Longitude, GeocodeAccuracy, Phone, MobilePhone, Fax, Email, Website, Description, LeadSource, Stat... FROM  Lead.
[10:54:12.433] {Lead} Retrieving the SOURCE data has been completed. Fetched 9 new records.
[10:54:12.435] {FinServ__FinancialAccount__c} Retrieving the SOURCE data from Org (STEP 1: all records)...
[10:54:12.437] {FinServ__FinancialAccount__c} Query string: SELECT Id, RecordTypeId, Name, FinServ__Address1__c, FinServ__Address2__c, FinServ__ApplicationDate__c, FinServ__AssetRebalance__c, FinServ__AverageBalance__c, FinServ__Balance__c, FinServ__CashBalance__c, FinServ__City__c, FinServ__CloseDate__c, Fin... FROM  FinServ__FinancialAccount__c.
[10:54:12.768] {FinServ__FinancialAccount__c} Retrieving the SOURCE data has been completed. Fetched 14 new records.
[10:54:12.771] {Case} Retrieving the SOURCE data from Org (STEP 1: all records)...
[10:54:12.772] {Case} Query string: SELECT Id, Subject, ContactId, AccountId, SourceId, ParentId, SuppliedName, SuppliedEmail, SuppliedPhone, SuppliedCompany, Type, Status, Reason, Origin, Priority, Description, IsEscalated, Comments, FinServ__FinancialAccount__c, Contact.$$Name$Accoun... FROM  Case.
[10:54:13.18] {Case} Retrieving the SOURCE data has been completed. Fetched 4 new records.
[10:54:13.21] {AccountContactRelation} Retrieving the SOURCE data from Org (STEP 1: all records)...
[10:54:13.23] {AccountContactRelation} Query string: SELECT Id, $$AccountId$ContactId, AccountId, ContactId, Roles, IsDirect, IsActive, StartDate, EndDate, IsDeleted, CreatedDate, LastModifiedDate, SystemModstamp, FinServ__Primary__c, FinServ__Rollups__c, FinServ__SourceSystemId__c, FinServ__IncludeInG... FROM  AccountContactRelation.
[10:54:13.255] {AccountContactRelation} Retrieving the SOURCE data has been completed. Fetched 7 new records.
[10:54:13.257] {FinServ__ReciprocalRole__c} Retrieving the SOURCE data from Org (STEP 1: all records)...
[10:54:13.258] {FinServ__ReciprocalRole__c} Query string: SELECT Id, Name, IsDeleted, CreatedDate, LastModifiedDate, SystemModstamp, LastViewedDate, LastReferencedDate, FinServ__CreateInverseRole__c, FinServ__InverseRelationship__c, FinServ__InverseRole__c, FinServ__RelationshipType__c, FinServ__SourceSyste... FROM  FinServ__ReciprocalRole__c.
[10:54:13.474] {FinServ__ReciprocalRole__c} Retrieving the SOURCE data has been completed. Fetched 16 new records.
[10:54:13.476] {FinServ__AccountAccountRelation__c} Retrieving the SOURCE data from Org (STEP 1: all records)...
[10:54:13.477] {FinServ__AccountAccountRelation__c} Query string: SELECT Id, Name, IsDeleted, CreatedDate, LastModifiedDate, SystemModstamp, FinServ__Account__c, FinServ__Active__c, FinServ__EndDate__c, FinServ__ExternalId__c, FinServ__InverseRelationship__c, FinServ__RelatedAccount__c, FinServ__Role__c, FinServ__S... FROM  FinServ__AccountAccountRelation__c.
[10:54:13.689] {FinServ__AccountAccountRelation__c} Retrieving the SOURCE data has been completed. Fetched 0 new records.
[10:54:13.691] {FinServ__ContactContactRelation__c} Retrieving the SOURCE data from Org (STEP 1: all records)...
[10:54:13.692] {FinServ__ContactContactRelation__c} Query string: SELECT Id, Name, IsDeleted, CreatedDate, LastModifiedDate, SystemModstamp, FinServ__Active__c, FinServ__Contact__c, FinServ__EndDate__c, FinServ__ExternalId__c, FinServ__InverseRelationship__c, FinServ__RelatedContact__c, FinServ__Role__c, FinServ__S... FROM  FinServ__ContactContactRelation__c.
[10:54:13.890] {FinServ__ContactContactRelation__c} Retrieving the SOURCE data has been completed. Fetched 2 new records.
[10:54:13.891] {FinServ__UsePersonAccount__c} Retrieving the SOURCE data from Org (STEP 1: all records)...
[10:54:13.893] {FinServ__UsePersonAccount__c} Query string: SELECT Id, Name, IsDeleted, SetupOwnerId, CreatedDate, LastModifiedDate, SystemModstamp, FinServ__Enable__c, SetupOwner.Name  FROM  FinServ__UsePersonAccount__c.
[10:54:14.68] {FinServ__UsePersonAccount__c} Retrieving the SOURCE data has been completed. Fetched 1 new records.
[10:54:14.71] Retrieving the data STEP 1 has been completed.

[10:54:14.74] RETRIEVING THE DATA STEP 2...
[10:54:14.76] PASS 1
[10:54:14.78] =============
[10:54:14.84] No records

[10:54:14.90] PASS 2
[10:54:14.93] =============
[10:54:14.98] No records

[10:54:14.102] PASS 3
[10:54:14.104] =============
[10:54:14.108] {Organization} Retrieving the SOURCE data from Org (STEP 1: filtered records)...
[10:54:14.110] {Organization} Query string: SELECT Id, Name  FROM  Organization WHERE Id IN ('00D3h00000576pHEAQ').
[10:54:14.308] {Organization} Retrieving the SOURCE data has been completed. Fetched 1 new records.

[10:54:14.314] PASS 4
[10:54:14.320] =============
[10:54:14.324] No records

[10:54:14.329] TARGET
[10:54:14.333] =============
[10:54:14.335] No records
[10:54:14.338] Retrieving the data STEP 2 has been completed.

[10:54:14.343] DATA RETRIEVING SUMMARY
[10:54:14.346] {RecordType} Total retrieved within all steps (source/target): 23/0 records.
[10:54:14.350] {Account} Total retrieved within all steps (source/target): 10/0 records.
[10:54:14.352] {Contact} Total retrieved within all steps (source/target): 7/0 records.
[10:54:14.354] {Lead} Total retrieved within all steps (source/target): 9/0 records.
[10:54:14.356] {FinServ__FinancialAccount__c} Total retrieved within all steps (source/target): 14/0 records.
[10:54:14.358] {Case} Total retrieved within all steps (source/target): 4/0 records.
[10:54:14.360] {AccountContactRelation} Total retrieved within all steps (source/target): 7/0 records.
[10:54:14.361] {FinServ__ReciprocalRole__c} Total retrieved within all steps (source/target): 16/0 records.
[10:54:14.364] {FinServ__AccountAccountRelation__c} Total retrieved within all steps (source/target): 0/0 records.
[10:54:14.366] {FinServ__ContactContactRelation__c} Total retrieved within all steps (source/target): 2/0 records.
[10:54:14.368] {FinServ__UsePersonAccount__c} Total retrieved within all steps (source/target): 1/0 records.
[10:54:14.370] {OperatingHours} Total retrieved within all steps (source/target): 0/0 records.
[10:54:14.371] {Individual} Total retrieved within all steps (source/target): 0/0 records.
[10:54:14.374] {BusinessMilestone} Total retrieved within all steps (source/target): 0/0 records.
[10:54:14.377] {Product2} Total retrieved within all steps (source/target): 0/0 records.
[10:54:14.380] {FinServ__ChargesAndFees__c} Total retrieved within all steps (source/target): 0/0 records.
[10:54:14.384] {Organization} Total retrieved within all steps (source/target): 1/0 records.

[10:54:14.389] UPDATING THE TARGET STEP 1...
[10:54:14.391] {RecordType} Writing to the file /Users/jrattanpal/workspace/fsc-demo-pack/data/sfdmu/RecordType.csv.
[10:54:14.402] {RecordType} Updating the Target has been completed. Processed 23 records.
[10:54:14.407] {OperatingHours} Writing to the file /Users/jrattanpal/workspace/fsc-demo-pack/data/sfdmu/OperatingHours.csv.
[10:54:14.410] {Individual} Writing to the file /Users/jrattanpal/workspace/fsc-demo-pack/data/sfdmu/Individual.csv.
[10:54:14.412] {BusinessMilestone} Writing to the file /Users/jrattanpal/workspace/fsc-demo-pack/data/sfdmu/BusinessMilestone.csv.
[10:54:14.417] {Product2} Writing to the file /Users/jrattanpal/workspace/fsc-demo-pack/data/sfdmu/Product2.csv.
[10:54:14.420] {FinServ__ChargesAndFees__c} Writing to the file /Users/jrattanpal/workspace/fsc-demo-pack/data/sfdmu/FinServ__ChargesAndFees__c.csv.
[10:54:14.424] {Organization} Writing to the file /Users/jrattanpal/workspace/fsc-demo-pack/data/sfdmu/Organization.csv.
[10:54:14.428] {Organization} Updating the Target has been completed. Processed 1 records.
[10:54:14.431] {Account} Writing to the file /Users/jrattanpal/workspace/fsc-demo-pack/data/sfdmu/Account.csv.
[10:54:14.442] {Account} Updating the Target has been completed. Processed 10 records.
[10:54:14.444] {Contact} Writing to the file /Users/jrattanpal/workspace/fsc-demo-pack/data/sfdmu/Contact.csv.
[10:54:14.472] {Contact} Updating the Target has been completed. Processed 7 records.
[10:54:14.474] {Lead} Writing to the file /Users/jrattanpal/workspace/fsc-demo-pack/data/sfdmu/Lead.csv.
[10:54:14.490] {Lead} Updating the Target has been completed. Processed 9 records.
[10:54:14.493] {FinServ__FinancialAccount__c} Writing to the file /Users/jrattanpal/workspace/fsc-demo-pack/data/sfdmu/FinServ__FinancialAccount__c.csv.
[10:54:14.507] {FinServ__FinancialAccount__c} Updating the Target has been completed. Processed 14 records.
[10:54:14.509] {Case} Writing to the file /Users/jrattanpal/workspace/fsc-demo-pack/data/sfdmu/Case.csv.
[10:54:14.523] {Case} Updating the Target has been completed. Processed 4 records.
[10:54:14.524] {AccountContactRelation} Writing to the file /Users/jrattanpal/workspace/fsc-demo-pack/data/sfdmu/AccountContactRelation.csv.
[10:54:14.543] {AccountContactRelation} Updating the Target has been completed. Processed 7 records.
[10:54:14.547] {FinServ__ReciprocalRole__c} Writing to the file /Users/jrattanpal/workspace/fsc-demo-pack/data/sfdmu/FinServ__ReciprocalRole__c.csv.
[10:54:14.558] {FinServ__ReciprocalRole__c} Updating the Target has been completed. Processed 16 records.
[10:54:14.560] {FinServ__AccountAccountRelation__c} Writing to the file /Users/jrattanpal/workspace/fsc-demo-pack/data/sfdmu/FinServ__AccountAccountRelation__c.csv.
[10:54:14.565] {FinServ__ContactContactRelation__c} Writing to the file /Users/jrattanpal/workspace/fsc-demo-pack/data/sfdmu/FinServ__ContactContactRelation__c.csv.
[10:54:14.572] {FinServ__ContactContactRelation__c} Updating the Target has been completed. Processed 2 records.
[10:54:14.574] {FinServ__UsePersonAccount__c} Writing to the file /Users/jrattanpal/workspace/fsc-demo-pack/data/sfdmu/FinServ__UsePersonAccount__c.csv.
[10:54:14.578] {FinServ__UsePersonAccount__c} Updating the Target has been completed. Processed 1 records.
[10:54:14.581] Updating the Target (STEP 1) has been completed. Total processed 94 records.

[10:54:14.585] UPDATING THE TARGET STEP 2...
[10:54:14.588] Nothing was updated

[10:54:14.594] DATA PROCESSING SUMMARY
[10:54:14.608] {RecordType} Total processed within all steps (Insert + Update): 23 records
[10:54:14.611] {Account} Total processed within all steps (Insert + Update): 10 records
[10:54:14.613] {Contact} Total processed within all steps (Insert + Update): 7 records
[10:54:14.621] {Lead} Total processed within all steps (Insert + Update): 9 records
[10:54:14.624] {FinServ__FinancialAccount__c} Total processed within all steps (Insert + Update): 14 records
[10:54:14.626] {Case} Total processed within all steps (Insert + Update): 4 records
[10:54:14.629] {AccountContactRelation} Total processed within all steps (Insert + Update): 7 records
[10:54:14.637] {FinServ__ReciprocalRole__c} Total processed within all steps (Insert + Update): 16 records
[10:54:14.639] {FinServ__AccountAccountRelation__c} Total processed within all steps (Insert + Update): 0 records
[10:54:14.641] {FinServ__ContactContactRelation__c} Total processed within all steps (Insert + Update): 2 records
[10:54:14.643] {FinServ__UsePersonAccount__c} Total processed within all steps (Insert + Update): 1 records
[10:54:14.645] {OperatingHours} Total processed within all steps (Insert + Update): 0 records
[10:54:14.651] {Individual} Total processed within all steps (Insert + Update): 0 records
[10:54:14.652] {BusinessMilestone} Total processed within all steps (Insert + Update): 0 records
[10:54:14.654] {Product2} Total processed within all steps (Insert + Update): 0 records
[10:54:14.655] {FinServ__ChargesAndFees__c} Total processed within all steps (Insert + Update): 0 records
[10:54:14.657] {Organization} Total processed within all steps (Insert + Update): 1 records

[10:54:14.661] Writing to /Users/jrattanpal/workspace/fsc-demo-pack/data/sfdmu/MissingParentRecordsReport.csv...

[10:54:14.668] Command succeeded.
[10:54:14.670] Execution of the command sfdmu:run has been finished. Exit code 0 (SUCCESS).
[10:54:14.672] Total time elapsed: 00h 00m 59s 803ms .